"../../../Engine/Content/EngineMaterials/T_Default_Material_Grid_N.uasset" 0
"../../../Engine/Content/EngineMaterials/T_Default_Material_Grid_M.uasset" 1
"../../../Engine/Content/Functions/Engine_MaterialFunctions01/Opacity/CameraDepthFade.uasset" 2
"../../../Engine/Content/EngineMaterials/WorldGridMaterial.uasset" 3
"../../../Engine/Content/ArtTools/RenderToTexture/Meshes/S_1_Unit_Plane.uasset" 4
"../../../Engine/Content/EngineMaterials/DefaultMaterial.uasset" 5
"../../../Engine/Content/BasicShapes/Cone.uasset" 6
"../../../Engine/Content/BasicShapes/Cube.uasset" 7
"../../../Engine/Content/BasicShapes/Sphere.uasset" 8
"../../../Engine/Content/EngineMaterials/DefaultPhysicalMaterial.uasset" 9
"../../../Engine/Content/BufferVisualization/AmbientOcclusion.uasset" 10
"../../../Engine/Content/Functions/Engine_MaterialFunctions02/Utility/AppendMany.uasset" 11
"../../../Engine/Content/BufferVisualization/Anisotropy.uasset" 12
"../../../Engine/Content/BufferVisualization/BaseColor.uasset" 13
"../../../Engine/Content/BufferVisualization/CustomDepth.uasset" 14
"../../../Engine/Content/Functions/Engine_MaterialFunctions02/Utility/VectorLength.uasset" 15
"../../../Engine/Content/BufferVisualization/CustomDepthWorldUnits.uasset" 16
"../../../Engine/Content/EngineMaterials/MiniFont.uasset" 17
"../../../Engine/Content/Functions/Engine_MaterialFunctions02/Utility/MakeFloat3.uasset" 18
"../../../Engine/Content/Functions/Engine_MaterialFunctions02/Utility/MakeFloat2.uasset" 19
"../../../Engine/Content/Functions/Engine_MaterialFunctions02/ScreenResolution.uasset" 20
"../../../Engine/Content/Functions/Engine_MaterialFunctions02/Utility/BreakOutFloat2Components.uasset" 21
"../../../Engine/Content/Functions/Engine_MaterialFunctions01/Texturing/ScaleUVsByCenter.uasset" 22
"../../../Engine/Content/Functions/Engine_MaterialFunctions02/Texturing/ScreenAlignedUVs.uasset" 23
"../../../Engine/Content/BufferVisualization/CustomStencil.uasset" 24
"../../../Engine/Content/BufferVisualization/FinalImage.uasset" 25
"../../../Engine/Content/BufferVisualization/LightingModel.uasset" 26
"../../../Engine/Content/BufferVisualization/MaterialAO.uasset" 27
"../../../Engine/Content/BufferVisualization/Metallic.uasset" 28
"../../../Engine/Content/BufferVisualization/Opacity.uasset" 29
"../../../Engine/Content/BufferVisualization/PostTonemapHDRColor.uasset" 30
"../../../Engine/Content/BufferVisualization/PreTonemapHDRColor.uasset" 31
"../../../Engine/Content/BufferVisualization/Roughness.uasset" 32
"../../../Engine/Content/BufferVisualization/SceneColor.uasset" 33
"../../../Engine/Content/BufferVisualization/SceneDepth.uasset" 34
"../../../Engine/Content/BufferVisualization/SceneDepthWorldUnits.uasset" 35
"../../../Engine/Content/BufferVisualization/SeparateTranslucencyA.uasset" 36
"../../../Engine/Content/BufferVisualization/SeparateTranslucencyRGB.uasset" 37
"../../../Engine/Content/BufferVisualization/Specular.uasset" 38
"../../../Engine/Content/BufferVisualization/SubsurfaceColor.uasset" 39
"../../../Engine/Content/BufferVisualization/Velocity.uasset" 40
"../../../Engine/Content/BufferVisualization/WorldNormal.uasset" 41
"../../../Engine/Content/BufferVisualization/WorldTangent.uasset" 42
"../../../Engine/Content/EditorLandscapeResources/DataLayer.uasset" 43
"../../../Engine/Content/EditorLandscapeResources/DefaultAlphaTexture.uasset" 44
"../../../Engine/Content/EditorLandscapeResources/LandscapeGizmoHeight_Mat.uasset" 45
"../../../Engine/Content/EditorLandscapeResources/LandscapeGizmo_Mat.uasset" 46
"../../../Engine/Content/EditorLandscapeResources/LandscapeGizmo_Mat_Copied.uasset" 47
"../../../Engine/Content/EditorLandscapeResources/SplineEditorMeshMat.uasset" 48
"../../../Engine/Content/EditorLandscapeResources/SplineEditorMesh.uasset" 49
"../../../Engine/Content/EditorMaterials/Cross.uasset" 50
"../../../Engine/Content/EditorMaterials/Cross_Mat.uasset" 51
"../../../Engine/Content/EditorResources/T_EditorHelp.uasset" 52
"../../../Engine/Content/Functions/Engine_MaterialFunctions02/ExampleContent/Textures/DebugNumberPeriod.uasset" 53
"../../../Engine/Content/Functions/Engine_MaterialFunctions02/ExampleContent/DebugNumberStrip.uasset" 54
"../../../Engine/Content/EngineMaterials/DefaultDiffuse.uasset" 55
"../../../Engine/Content/Functions/Engine_MaterialFunctions01/Texturing/TextureCropping.uasset" 56
"../../../Engine/Content/Functions/Engine_MaterialFunctions01/Texturing/ComputeMipLevel.uasset" 57
"../../../Engine/Content/Functions/Engine_MaterialFunctions02/Utility/DebugScalarValues.uasset" 58
"../../../Engine/Content/Functions/Engine_MaterialFunctions02/Utility/DebugFloat2Values.uasset" 59
"../../../Engine/Content/Functions/Engine_MaterialFunctions02/ExampleContent/Textures/flipbook.uasset" 60
"../../../Engine/Content/Functions/Engine_MaterialFunctions02/Texturing/FlipBook.uasset" 61
"../../../Engine/Content/Functions/Engine_MaterialFunctions02/Utility/Sign.uasset" 62
"../../../Engine/Content/Functions/Engine_MaterialFunctions02/Utility/Round.uasset" 63
"../../../Engine/Content/EditorMaterials/HelpActorMaterial.uasset" 64
"../../../Engine/Content/Functions/Engine_MaterialFunctions03/Procedurals/ComputeFilterWidth.uasset" 65
"../../../Engine/Content/EngineMaterials/BlendFunc_DefBlend.uasset" 66
"../../../Engine/Content/EngineMaterials/BlendFunc_DefBase.uasset" 67
"../../../Engine/Content/Functions/Engine_MaterialFunctions03/Blends/Blend_Screen.uasset" 68
"../../../Engine/Content/EditorMaterials/TilingAALineIntegral.uasset" 69
"../../../Engine/Content/EditorMaterials/TilingAALineBoxFiltered.uasset" 70
"../../../Engine/Content/EditorMaterials/TilingAAGrid.uasset" 71
"../../../Engine/Content/EditorMaterials/TilingAADots.uasset" 72
"../../../Engine/Content/EditorMaterials/CompositeARGBLayer.uasset" 73
"../../../Engine/Content/EditorMaterials/LevelGridMaterial.uasset" 74
"../../../Engine/Content/EditorResources/LevelGrid1DStripes.uasset" 75
"../../../Engine/Content/EditorMaterials/TextureGridCascaded1D.uasset" 76
"../../../Engine/Content/EditorMaterials/TextureGridCascaded2D.uasset" 77
"../../../Engine/Content/EditorMaterials/MakeCompositeARGBLayer.uasset" 78
"../../../Engine/Content/EditorMaterials/LevelGridMaterial2.uasset" 79
"../../../Engine/Content/EditorMaterials/MAT_Groups_Toggle.uasset" 80
"../../../Engine/Content/EditorMaterials/MAT_Groups_Visibility.uasset" 81
"../../../Engine/Content/EditorMaterials/PhAT_BoneSelectedMaterial.uasset" 82
"../../../Engine/Content/EditorMaterials/PhAT_ElemSelectedMaterial.uasset" 83
"../../../Engine/Content/EditorMaterials/PhAT_NoCollisionMaterial.uasset" 84
"../../../Engine/Content/EditorMaterials/PhAT_UnselectedMaterial.uasset" 85
"../../../Engine/Content/EditorMaterials/PreviewShadowIndicator.uasset" 86
"../../../Engine/Content/EditorMaterials/PreviewShadowIndicatorMaterial.uasset" 87
"../../../Engine/Content/EditorMaterials/TargetIcon.uasset" 88
"../../../Engine/Content/EditorMaterials/Tick.uasset" 89
"../../../Engine/Content/EditorMaterials/Tick_Mat.uasset" 90
"../../../Engine/Content/EditorMaterials/WidgetGridVertexColorMaterial.uasset" 91
"../../../Engine/Content/EditorMaterials/WidgetGridVertexColorMaterial_Ma.uasset" 92
"../../../Engine/Content/EditorMaterials/WidgetMaterial.uasset" 93
"../../../Engine/Content/EditorMaterials/WidgetMaterial_Current.uasset" 94
"../../../Engine/Content/EditorMaterials/WidgetMaterial_X.uasset" 95
"../../../Engine/Content/EditorMaterials/WidgetMaterial_Y.uasset" 96
"../../../Engine/Content/EditorMaterials/WidgetMaterial_Z.uasset" 97
"../../../Engine/Content/EditorMaterials/WidgetVertexColorMaterial.uasset" 98
"../../../Engine/Content/EditorMaterials/MatineeGroups/MAT_ColorTrack.uasset" 99
"../../../Engine/Content/EditorMaterials/MatineeGroups/MAT_Groups_Anim.uasset" 100
"../../../Engine/Content/EditorMaterials/MatineeGroups/MAT_Groups_AudioMaster.uasset" 101
"../../../Engine/Content/EditorMaterials/MatineeGroups/MAT_Groups_Director.uasset" 102
"../../../Engine/Content/EditorMaterials/MatineeGroups/MAT_Groups_Event.uasset" 103
"../../../Engine/Content/EditorMaterials/MatineeGroups/MAT_Groups_Fade.uasset" 104
"../../../Engine/Content/EditorMaterials/MatineeGroups/MAT_Groups_Float.uasset" 105
"../../../Engine/Content/EditorMaterials/MatineeGroups/MAT_Groups_Move.uasset" 106
"../../../Engine/Content/EditorMaterials/MatineeGroups/MAT_Groups_Slomo.uasset" 107
"../../../Engine/Content/EditorMaterials/MatineeGroups/MAT_Groups_Sound.uasset" 108
"../../../Engine/Content/EditorMaterials/MatineeGroups/MAT_Groups_Vector.uasset" 109
"../../../Engine/Content/EditorMaterials/ParticleSystems/PSysThumbnail_NoImage.uasset" 110
"../../../Engine/Content/EditorMaterials/ParticleSystems/PSysThumbnail_OOD.uasset" 111
"../../../Engine/Content/EngineMaterials/Grid.uasset" 112
"../../../Engine/Content/EditorMaterials/Thumbnails/FloorPlaneMaterial.uasset" 113
"../../../Engine/Content/EditorMeshes/EditorCube.uasset" 114
"../../../Engine/Content/EditorMeshes/EditorCylinder.uasset" 115
"../../../Engine/Content/EditorMeshes/EditorPlane.uasset" 116
"../../../Engine/Content/EditorMaterials/Thumbnails/SkySphereMaterial.uasset" 117
"../../../Engine/Content/EditorMeshes/EditorSkySphere.uasset" 118
"../../../Engine/Content/EditorMeshes/EditorSphere.uasset" 119
"../../../Engine/Content/EditorResources/MatineeCam_D.uasset" 120
"../../../Engine/Content/EditorMaterials/MatineeCam_mat.uasset" 121
"../../../Engine/Content/EditorMeshes/MatineeCam_SM.uasset" 122
"../../../Engine/Content/EditorMeshes/PlanarReflectionPlane.uasset" 123
"../../../Engine/Content/EngineDebugMaterials/M_SimpleOpaque.uasset" 124
"../../../Engine/Content/EditorMaterials/Camera/MI_CineMat_CamViewFinder.uasset" 125
"../../../Engine/Content/EditorMaterials/Camera/CineMat.uasset" 126
"../../../Engine/Content/EditorMaterials/Camera/MI_CineMat_CameraBody.uasset" 127
"../../../Engine/Content/EditorMeshes/Camera/SM_CineCam.uasset" 128
"../../../Engine/Content/EditorMaterials/Camera/MI_CineMat_Rig.uasset" 129
"../../../Engine/Content/EditorMeshes/Camera/SM_CraneRig_Arm.uasset" 130
"../../../Engine/Content/EditorMeshes/Camera/SM_CraneRig_Base.uasset" 131
"../../../Engine/Content/EditorMeshes/Camera/SM_CraneRig_Body.uasset" 132
"../../../Engine/Content/EditorMeshes/Camera/SM_CraneRig_Mount.uasset" 133
"../../../Engine/Content/EditorMeshes/Camera/SM_RailRig_Mount.uasset" 134
"../../../Engine/Content/EditorMeshes/Camera/SM_RailRig_Track.uasset" 135
"../../../Engine/Content/EditorMeshes/ColorCalibrator/M_ChromeBall.uasset" 136
"../../../Engine/Content/EditorResources/Bad.uasset" 137
"../../../Engine/Content/EditorResources/BSPVertex.uasset" 138
"../../../Engine/Content/EditorResources/EmptyActor.uasset" 139
"../../../Engine/Content/EditorResources/MatInstActSprite.uasset" 140
"../../../Engine/Content/EditorResources/SceneManager.uasset" 141
"../../../Engine/Content/EditorResources/SmallFont.uasset" 142
"../../../Engine/Content/EditorResources/S_Actor.uasset" 143
"../../../Engine/Content/EditorResources/S_CameraShakeSource.uasset" 144
"../../../Engine/Content/EditorResources/S_DecalActorIcon.uasset" 145
"../../../Engine/Content/EditorResources/S_Emitter.uasset" 146
"../../../Engine/Content/EditorResources/S_ExpoHeightFog.uasset" 147
"../../../Engine/Content/EditorResources/S_FTest.uasset" 148
"../../../Engine/Content/EditorResources/S_KBSJoint.uasset" 149
"../../../Engine/Content/EditorResources/S_KHinge.uasset" 150
"../../../Engine/Content/EditorResources/S_KPrismatic.uasset" 151
"../../../Engine/Content/EditorResources/S_LevelSequence.uasset" 152
"../../../Engine/Content/EditorResources/S_NavP.uasset" 153
"../../../Engine/Content/EditorResources/S_Note.uasset" 154
"../../../Engine/Content/EditorResources/S_Player.uasset" 155
"../../../Engine/Content/EditorResources/S_PortalActorIcon2.uasset" 156
"../../../Engine/Content/EditorResources/S_RadForce.uasset" 157
"../../../Engine/Content/EditorResources/S_ReflActorIcon.uasset" 158
"../../../Engine/Content/EditorResources/S_SkyAtmosphere.uasset" 159
"../../../Engine/Content/EditorResources/S_Solver.uasset" 160
"../../../Engine/Content/EditorResources/S_Terrain.uasset" 161
"../../../Engine/Content/EditorResources/S_TextRenderActorIcon.uasset" 162
"../../../Engine/Content/EditorResources/S_Thruster.uasset" 163
"../../../Engine/Content/EditorResources/S_Trigger.uasset" 164
"../../../Engine/Content/EditorResources/S_VectorFieldVol.uasset" 165
"../../../Engine/Content/EditorResources/S_VolumetricCloud.uasset" 166
"../../../Engine/Content/EditorResources/S_WindDirectional.uasset" 167
"../../../Engine/Content/EditorResources/AI/S_NavLink.uasset" 168
"../../../Engine/Content/EditorResources/LightIcons/SkyLight.uasset" 169
"../../../Engine/Content/EditorResources/LightIcons/S_LightDirectional.uasset" 170
"../../../Engine/Content/EditorResources/LightIcons/S_LightDirectionalMove.uasset" 171
"../../../Engine/Content/EditorResources/LightIcons/S_LightError.uasset" 172
"../../../Engine/Content/EditorResources/LightIcons/S_LightPoint.uasset" 173
"../../../Engine/Content/EditorResources/LightIcons/S_LightPointMove.uasset" 174
"../../../Engine/Content/EditorResources/LightIcons/S_LightSpot.uasset" 175
"../../../Engine/Content/EditorResources/LightIcons/S_LightSpotMove.uasset" 176
"../../../Engine/Content/EditorResources/SequenceRecorder/Countdown.uasset" 177
"../../../Engine/Content/EditorResources/SequenceRecorder/RecordingIndicator.uasset" 178
"../../../Engine/Content/EditorResources/Spline/T_Loft_Spline.uasset" 179
"../../../Engine/Content/EditorSounds/Notifications/CompileFailed.uasset" 180
"../../../Engine/Content/EditorSounds/Notifications/CompileFailed_Cue.uasset" 181
"../../../Engine/Content/EditorSounds/Notifications/CompileSuccess.uasset" 182
"../../../Engine/Content/EditorSounds/Notifications/CompileStart_Cue.uasset" 183
"../../../Engine/Content/EditorSounds/Notifications/CompileSuccess_Cue.uasset" 184
"../../../Engine/Content/EngineDamageTypes/DmgTypeBP_Environmental.uasset" 185
"../../../Engine/Content/EngineDebugMaterials/HeatmapGradient.uasset" 186
"../../../Engine/Content/EngineDebugMaterials/BoneWeightMaterial.uasset" 187
"../../../Engine/Content/EngineDebugMaterials/ClothMaterial.uasset" 188
"../../../Engine/Content/EngineDebugMaterials/ClothMaterial_WF.uasset" 189
"../../../Engine/Content/EngineDebugMaterials/DebugEditorMaterial.uasset" 190
"../../../Engine/Content/EngineDebugMaterials/DebugMeshMaterial.uasset" 191
"../../../Engine/Content/EngineDebugMaterials/GeomMaterial.uasset" 192
"../../../Engine/Content/Functions/Engine_MaterialFunctions01/Shading/ConvertFromDiffSpec.uasset" 193
"../../../Engine/Content/EngineDebugMaterials/LevelColorationLitMaterial.uasset" 194
"../../../Engine/Content/EngineDebugMaterials/LevelColorationUnlitMaterial.uasset" 195
"../../../Engine/Content/EngineMaterials/DefaultWhiteGrid.uasset" 196
"../../../Engine/Content/EngineDebugMaterials/MAT_LevelColorationLitLightmapUV.uasset" 197
"../../../Engine/Content/EngineDebugMaterials/M_SimpleUnlitTranslucent.uasset" 198
"../../../Engine/Content/EngineDebugMaterials/VolumeToRender.uasset" 199
"../../../Engine/Content/Functions/Engine_MaterialFunctions02/Utility/CameraDirectionVector.uasset" 200
"../../../Engine/Content/EngineDebugMaterials/M_VolumeRenderSphereTracePP.uasset" 201
"../../../Engine/Content/EngineMaterials/DefaultWhiteGrid_Low.uasset" 202
"../../../Engine/Content/EngineDebugMaterials/PhysicalMaterialMaskMaterial.uasset" 203
"../../../Engine/Content/EngineDebugMaterials/ShadedLevelColorationLitMaterial.uasset" 204
"../../../Engine/Content/EngineDebugMaterials/ShadedLevelColorationUnlitMateri.uasset" 205
"../../../Engine/Content/EngineDebugMaterials/VertexColorMaterial.uasset" 206
"../../../Engine/Content/EngineDebugMaterials/VertexColorViewMode_AlphaAsColor.uasset" 207
"../../../Engine/Content/EngineDebugMaterials/VertexColorViewMode_BlueOnly.uasset" 208
"../../../Engine/Content/EngineDebugMaterials/VertexColorViewMode_ColorOnly.uasset" 209
"../../../Engine/Content/EngineDebugMaterials/VertexColorViewMode_GreenOnly.uasset" 210
"../../../Engine/Content/EngineDebugMaterials/VertexColorViewMode_RedOnly.uasset" 211
"../../../Engine/Content/EngineDebugMaterials/WireframeMaterial.uasset" 212
"../../../Engine/Content/EngineFonts/Faces/RobotoRegular.uasset" 213
"../../../Engine/Content/EngineFonts/Faces/RobotoLight.uasset" 214
"../../../Engine/Content/EngineFonts/Faces/RobotoItalic.uasset" 215
"../../../Engine/Content/EngineFonts/Faces/RobotoBoldItalic.uasset" 216
"../../../Engine/Content/EngineFonts/Faces/RobotoBold.uasset" 217
"../../../Engine/Content/EngineFonts/Faces/DroidSansFallback.uasset" 218
"../../../Engine/Content/EngineFonts/Roboto.uasset" 219
"../../../Engine/Content/EngineFonts/Faces/RobotoTiny.uasset" 220
"../../../Engine/Content/EngineFonts/RobotoTiny.uasset" 221
"../../../Engine/Content/EngineFonts/SmallFont.uasset" 222
"../../../Engine/Content/EngineFonts/TinyFont.uasset" 223
"../../../Engine/Content/EngineMaterials/BaseFlattenNormalMap.uasset" 224
"../../../Engine/Content/EngineMaterials/BaseFlattenGrayscaleMap.uasset" 225
"../../../Engine/Content/EngineMaterials/BaseFlattenEmissiveMap.uasset" 226
"../../../Engine/Content/EngineMaterials/BaseFlattenDiffuseMap.uasset" 227
"../../../Engine/Content/EngineMaterials/BaseFlattenMaterial.uasset" 228
"../../../Engine/Content/EngineResources/WhiteSquareTexture.uasset" 229
"../../../Engine/Content/EngineMaterials/BlinkingCaret.uasset" 230
"../../../Engine/Content/EngineMaterials/BlueNoise.uasset" 231
"../../../Engine/Content/EngineMaterials/DefaultBloomKernel.uasset" 232
"../../../Engine/Content/EngineMaterials/DefaultBokeh.uasset" 233
"../../../Engine/Content/EngineMaterials/DefaultDeferredDecalMaterial.uasset" 234
"../../../Engine/Content/EngineMaterials/DefaultLightFunctionMaterial.uasset" 235
"../../../Engine/Content/EngineMaterials/DefaultNormal.uasset" 236
"../../../Engine/Content/EngineMaterials/DefaultPostProcessMaterial.uasset" 237
"../../../Engine/Content/EngineFonts/RobotoDistanceField.uasset" 238
"../../../Engine/Content/EngineMaterials/DefaultTextMaterialOpaque.uasset" 239
"../../../Engine/Content/EngineMaterials/EditorBrushMaterial.uasset" 240
"../../../Engine/Content/EngineMaterials/EmissiveMeshMaterial.uasset" 241
"../../../Engine/Content/EngineMaterials/GizmoMaterial.uasset" 242
"../../../Engine/Content/EngineMaterials/Good64x64TilingNoiseHighFreq.uasset" 243
"../../../Engine/Content/EngineMaterials/Grid_N.uasset" 244
"../../../Engine/Content/EngineMaterials/HighResolutionScreenshotMaskFunction.uasset" 245
"../../../Engine/Content/EngineMaterials/HighResScreenshot.uasset" 246
"../../../Engine/Content/EngineMaterials/HighResScreenshotCaptureRegion.uasset" 247
"../../../Engine/Content/EngineMaterials/HighResScreenshotMask.uasset" 248
"../../../Engine/Content/EngineMaterials/LandscapeHolePhysicalMaterial.uasset" 249
"../../../Engine/Content/EngineMaterials/InvalidLightmapSettings.uasset" 250
"../../../Engine/Content/EngineMaterials/M_InvalidLightmapSettings.uasset" 251
"../../../Engine/Content/EngineMaterials/PaperDiffuse.uasset" 252
"../../../Engine/Content/EngineMaterials/PaperNormal.uasset" 253
"../../../Engine/Content/Functions/Engine_MaterialFunctions02/WorldPositionOffset/CameraOffset.uasset" 254
"../../../Engine/Content/EngineMaterials/PhAT_JointLimitMaterial.uasset" 255
"../../../Engine/Content/EngineMaterials/PhysMat_Rubber.uasset" 256
"../../../Engine/Content/EngineMaterials/PreintegratedSkinBRDF.uasset" 257
"../../../Engine/Content/EngineMaterials/RemoveSurfaceMaterial.uasset" 258
"../../../Engine/Content/EngineMaterials/WeightMapPlaceholderTexture.uasset" 259
"../../../Engine/Content/Functions/Engine_MaterialFunctions01/ImageAdjustment/sRGBToLinear.uasset" 260
"../../../Engine/Content/Functions/Engine_MaterialFunctions02/Utility/BreakOutFloat3Components.uasset" 261
"../../../Engine/Content/EngineMaterials/Widget3DCameraPassThrough_Opaque_OneSided.uasset" 262
"../../../Engine/Content/EngineMaterials/Widget3DPassThrough.uasset" 263
"../../../Engine/Content/EngineMaterials/Widget3DPassThrough_Masked.uasset" 264
"../../../Engine/Content/EngineMaterials/Widget3DPassThrough_Opaque.uasset" 265
"../../../Engine/Content/EngineMaterials/Widget3DPassThrough_Masked_OneSided.uasset" 266
"../../../Engine/Content/EngineMaterials/Widget3DPassThrough_Opaque_OneSided.uasset" 267
"../../../Engine/Content/EngineMaterials/Widget3DPassThrough_Translucent.uasset" 268
"../../../Engine/Content/EngineMaterials/Widget3DPassThrough_Translucent_OneSided.uasset" 269
"../../../Engine/Content/EngineMeshes/Cylinder.uasset" 270
"../../../Engine/Content/EngineMeshes/Sphere.uasset" 271
"../../../Engine/Content/EngineResources/Black.uasset" 272
"../../../Engine/Content/EngineResources/DefaultTextureCube.uasset" 273
"../../../Engine/Content/EngineResources/DefaultVolumeTexture2D.uasset" 274
"../../../Engine/Content/EngineResources/DefaultVolumeTexture.uasset" 275
"../../../Engine/Content/EngineResources/GradientTexture0.uasset" 276
"../../../Engine/Content/EngineResources/StreamingPauseIcon.uasset" 277
"../../../Engine/Content/EngineResources/M_StreamingPause.uasset" 278
"../../../Engine/Content/EngineSky/VolumetricClouds/T_NoiseShape64.uasset" 279
"../../../Engine/Content/EngineSky/VolumetricClouds/T_VolumeNoiseShape64.uasset" 280
"../../../Engine/Content/EngineSky/VolumetricClouds/T_NoiseErosion.uasset" 281
"../../../Engine/Content/EngineSky/VolumetricClouds/T_VolumeNoiseErosion32.uasset" 282
"../../../Engine/Content/EngineSky/VolumetricClouds/CloudWeatherTexture.uasset" 283
"../../../Engine/Content/EngineSky/VolumetricClouds/CloudGradientTexture.uasset" 284
"../../../Engine/Content/EngineSky/VolumetricClouds/m_SimpleVolumetricCloud.uasset" 285
"../../../Engine/Content/EngineSky/VolumetricClouds/m_SimpleVolumetricCloud_Inst.uasset" 286
"../../../Engine/Content/EngineSounds/Master.uasset" 287
"../../../Engine/Content/Functions/Engine_MaterialFunctions01/Shading/PowerToRoughness.uasset" 288
"../../../Engine/Content/Maps/Templates/Thumbnails/Default.uasset" 289
"../../../Engine/Content/Maps/Templates/Thumbnails/TimeOfDay.uasset" 290
"../../../Engine/Content/Maps/Templates/Thumbnails/VR-Basic.uasset" 291
"../../../Engine/Content/MapTemplates/Sky/DaylightAmbientCubemap.uasset" 292
"../../../Engine/Content/MobileResources/T_MobileControls_texture.uasset" 293
"../../../Engine/Content/MobileResources/T_MobileMenu2.uasset" 294
"../../../Engine/Content/MobileResources/HUD/AnalogHat.uasset" 295
"../../../Engine/Content/MobileResources/HUD/VirtualJoystick_Thumb.uasset" 296
"../../../Engine/Content/MobileResources/HUD/VirtualJoystick_Background.uasset" 297
"../../../Engine/Content/MobileResources/HUD/DefaultVirtualJoysticks.uasset" 298
"../../../Engine/Content/MobileResources/HUD/LeftVirtualJoystickOnly.uasset" 299
"../../../Engine/Content/MobileResources/HUD/MobileHUDButton1_off.uasset" 300
"../../../Engine/Content/MobileResources/HUD/MobileHUDButton1_on.uasset" 301
"../../../Engine/Content/MobileResources/HUD/MobileHUDButton2_off.uasset" 302
"../../../Engine/Content/MobileResources/HUD/MobileHUDButton2_on.uasset" 303
"../../../Engine/Content/MobileResources/HUD/MobileHUDButton3.uasset" 304
"../../../Engine/Content/MobileResources/HUD/MobileHUDButtonFire.uasset" 305
"../../../Engine/Content/MobileResources/HUD/MobileHUDDirectionPad.uasset" 306
"../../../Engine/Content/MobileResources/HUD/MobileHUDDirectionPad2.uasset" 307
"../../../Engine/Content/MobileResources/HUD/MobileHUDDirectionPad3.uasset" 308
"../../../Engine/Content/MobileResources/HUD/MobileHUDDirectionStick.uasset" 309
"../../../Engine/Content/MobileResources/HUD/T_Castle_ThumbstickInner.uasset" 310
"../../../Engine/Content/MobileResources/HUD/T_Castle_ThumbstickOutter.uasset" 311
"../../../Engine/Content/Tutorial/ContentIntroCurve.uasset" 312
"../../../Engine/Content/Tutorial/Basics/LevelEditorAttract.uasset" 313
"../../../Engine/Content/Tutorial/Basics/TutorialAssets/icon_tab_Levels_40x.uasset" 314
"../../../Engine/Content/Tutorial/Basics/LevelEditorOverview.uasset" 315
"../../../Engine/Content/Tutorial/BlueprintTutorials/TutorialAssets/Blueprint_64x.uasset" 316
"../../../Engine/Content/Tutorial/BlueprintTutorials/BlueprintEditorTutorial.uasset" 317
"../../../Engine/Content/VREditor/TransformGizmo/TranslucentTransformGizmoMaterial.uasset" 318
"../../../Engine/Content/VREditor/LaserPointer/VR_LaserPower_01.uasset" 319
"../../../Engine/Content/VREditor/TransformGizmo/TransformGizmoMaterial.uasset" 320
"../../../Engine/Content/VREditor/TransformGizmo/BoundingBoxCorner.uasset" 321
"../../../Engine/Content/VREditor/TransformGizmo/BoundingBoxEdge.uasset" 322
"../../../Engine/Content/VREditor/TransformGizmo/PlaneTranslationHandle.uasset" 323
"../../../Engine/Content/VREditor/TransformGizmo/Main.uasset" 324
"../../../Engine/Content/VREditor/TransformGizmo/Xray.uasset" 325
"../../../Engine/Content/VREditor/TransformGizmo/SM_Sequencer_Key.uasset" 326
"../../../Engine/Content/VREditor/TransformGizmo/SM_Sequencer_Node.uasset" 327
"../../../../../UnrealProject/WorkShop2/ProjetDecouverte/Content/01_Blueprints/GMBP_Clicker.uasset" 328
"../../../../../UnrealProject/WorkShop2/ProjetDecouverte/Content/05_Textures/Gabi/T_Diamant/T_Diamant_normal.uasset" 329
"../../../../../UnrealProject/WorkShop2/ProjetDecouverte/Content/05_Textures/Gabi/T_Diamant/T_Diamant_MRAO.uasset" 330
"../../../../../UnrealProject/WorkShop2/ProjetDecouverte/Content/05_Textures/Gabi/T_Diamant/T_Diamant_basecolor.uasset" 331
"../../../../../UnrealProject/WorkShop2/ProjetDecouverte/Content/05_Textures/T_Bronze/T_bronze_normal.uasset" 332
"../../../../../UnrealProject/WorkShop2/ProjetDecouverte/Content/05_Textures/T_Bronze/T_bronze_MRAO.uasset" 333
"../../../../../UnrealProject/WorkShop2/ProjetDecouverte/Content/05_Textures/T_Emissive/T_Planet_emiss.uasset" 334
"../../../../../UnrealProject/WorkShop2/ProjetDecouverte/Content/05_Textures/T_Checker.uasset" 335
"../../../../../UnrealProject/WorkShop2/ProjetDecouverte/Content/02_Materials/Gabi/M_Gab_Master.uasset" 336
"../../../../../UnrealProject/WorkShop2/ProjetDecouverte/Content/02_Materials/Gabi/Inst/M_DiamantG_inst.uasset" 337
"../../../../../UnrealProject/WorkShop2/ProjetDecouverte/Content/05_Textures/Gabi/T_Morceau/T_noyau/T_Morc_Noyau_Normal.uasset" 338
"../../../../../UnrealProject/WorkShop2/ProjetDecouverte/Content/05_Textures/Gabi/T_Morceau/T_noyau/T_Morc_Noyau_emi.uasset" 339
"../../../../../UnrealProject/WorkShop2/ProjetDecouverte/Content/05_Textures/Gabi/T_Morceau/T_noyau/T_Morc_Noyau_AORM.uasset" 340
"../../../../../UnrealProject/WorkShop2/ProjetDecouverte/Content/05_Textures/Gabi/T_Morceau/T_noyau/T_Morc_Noyau.uasset" 341
"../../../../../UnrealProject/WorkShop2/ProjetDecouverte/Content/02_Materials/Gabi/Inst/M_Morc_Noyau.uasset" 342
"../../../../../UnrealProject/WorkShop2/ProjetDecouverte/Content/05_Textures/Gabi/T_Piece/T_Piece_OcclusionRoughnessMetallic.uasset" 343
"../../../../../UnrealProject/WorkShop2/ProjetDecouverte/Content/05_Textures/Gabi/T_Piece/T_Piece_normal.uasset" 344
"../../../../../UnrealProject/WorkShop2/ProjetDecouverte/Content/05_Textures/Gabi/T_Piece/T_Piece_basecolor.uasset" 345
"../../../../../UnrealProject/WorkShop2/ProjetDecouverte/Content/02_Materials/Gabi/Inst/M_Piece_inst.uasset" 346
"../../../../../UnrealProject/WorkShop2/ProjetDecouverte/Content/05_Textures/T_Lave/T_Lave_normal.uasset" 347
"../../../../../UnrealProject/WorkShop2/ProjetDecouverte/Content/05_Textures/T_Lave/T_Lave_MRAO.uasset" 348
"../../../../../UnrealProject/WorkShop2/ProjetDecouverte/Content/05_Textures/T_Lave/T_Lave_basecolor.uasset" 349
"../../../../../UnrealProject/WorkShop2/ProjetDecouverte/Content/05_Textures/T_Emissive/T_Lave_emissv2.uasset" 350
"../../../../../UnrealProject/WorkShop2/ProjetDecouverte/Content/05_Textures/T_Roche/T_roche_normal.uasset" 351
"../../../../../UnrealProject/WorkShop2/ProjetDecouverte/Content/05_Textures/T_Roche/T_roche_basecolor_v3.uasset" 352
"../../../../../UnrealProject/WorkShop2/ProjetDecouverte/Content/05_Textures/T_Roche/T_roche_MRAO.uasset" 353
"../../../../../UnrealProject/WorkShop2/ProjetDecouverte/Content/02_Materials/M_Planet/M_Planet_Lumineux_Master.uasset" 354
"../../../../../UnrealProject/WorkShop2/ProjetDecouverte/Content/02_Materials/M_Planet/inst/Resssources/M_Roche_inst.uasset" 355
"../../../../../UnrealProject/WorkShop2/ProjetDecouverte/Content/02_Materials/M_Planet/inst/Lave/M_Lave_inst.uasset" 356
"../../../../../UnrealProject/WorkShop2/ProjetDecouverte/Content/04_Props/Gabi/SM_Diamant.uasset" 357
"../../../../../UnrealProject/WorkShop2/ProjetDecouverte/Content/04_Props/Gabi/SM_morceau.uasset" 358
"../../../../../UnrealProject/WorkShop2/ProjetDecouverte/Content/04_Props/Gabi/SM_piece.uasset" 359
"../../../../../UnrealProject/WorkShop2/ProjetDecouverte/Content/04_Props/Planet_Test/02_-_Default.uasset" 360
"../../../../../UnrealProject/WorkShop2/ProjetDecouverte/Content/04_Props/Planet_Test/planete_test_Sphere001_Part_1.uasset" 361
"../../../../../UnrealProject/WorkShop2/ProjetDecouverte/Content/04_Props/Planet_Test/planete_test_Sphere001_Part_10.uasset" 362
"../../../../../UnrealProject/WorkShop2/ProjetDecouverte/Content/04_Props/Planet_Test/planete_test_Sphere001_Part_11.uasset" 363
"../../../../../UnrealProject/WorkShop2/ProjetDecouverte/Content/04_Props/Planet_Test/planete_test_Sphere001_Part_12.uasset" 364
"../../../../../UnrealProject/WorkShop2/ProjetDecouverte/Content/04_Props/Planet_Test/planete_test_Sphere001_Part_13.uasset" 365
"../../../../../UnrealProject/WorkShop2/ProjetDecouverte/Content/04_Props/Planet_Test/planete_test_Sphere001_Part_14.uasset" 366
"../../../../../UnrealProject/WorkShop2/ProjetDecouverte/Content/04_Props/Planet_Test/planete_test_Sphere001_Part_15.uasset" 367
"../../../../../UnrealProject/WorkShop2/ProjetDecouverte/Content/04_Props/Planet_Test/planete_test_Sphere001_Part_16.uasset" 368
"../../../../../UnrealProject/WorkShop2/ProjetDecouverte/Content/04_Props/Planet_Test/planete_test_Sphere001_Part_17.uasset" 369
"../../../../../UnrealProject/WorkShop2/ProjetDecouverte/Content/04_Props/Planet_Test/planete_test_Sphere001_Part_18.uasset" 370
"../../../../../UnrealProject/WorkShop2/ProjetDecouverte/Content/04_Props/Planet_Test/planete_test_Sphere001_Part_19.uasset" 371
"../../../../../UnrealProject/WorkShop2/ProjetDecouverte/Content/04_Props/Planet_Test/planete_test_Sphere001_Part_2.uasset" 372
"../../../../../UnrealProject/WorkShop2/ProjetDecouverte/Content/04_Props/Planet_Test/planete_test_Sphere001_Part_20.uasset" 373
"../../../../../UnrealProject/WorkShop2/ProjetDecouverte/Content/04_Props/Planet_Test/planete_test_Sphere001_Part_3.uasset" 374
"../../../../../UnrealProject/WorkShop2/ProjetDecouverte/Content/04_Props/Planet_Test/planete_test_Sphere001_Part_4.uasset" 375
"../../../../../UnrealProject/WorkShop2/ProjetDecouverte/Content/04_Props/Planet_Test/planete_test_Sphere001_Part_5.uasset" 376
"../../../../../UnrealProject/WorkShop2/ProjetDecouverte/Content/04_Props/Planet_Test/planete_test_Sphere001_Part_6.uasset" 377
"../../../../../UnrealProject/WorkShop2/ProjetDecouverte/Content/04_Props/Planet_Test/planete_test_Sphere001_Part_7.uasset" 378
"../../../../../UnrealProject/WorkShop2/ProjetDecouverte/Content/04_Props/Planet_Test/planete_test_Sphere001_Part_8.uasset" 379
"../../../../../UnrealProject/WorkShop2/ProjetDecouverte/Content/04_Props/Planet_Test/planete_test_Sphere001_Part_9.uasset" 380
"../../../../../UnrealProject/WorkShop2/ProjetDecouverte/Content/04_Props/Poubelle/Planet_03/02_-_Default.uasset" 381
"../../../../../UnrealProject/WorkShop2/ProjetDecouverte/Content/04_Props/Poubelle/Planet_03/planete_03_Sphere001_Part_1.uasset" 382
"../../../../../UnrealProject/WorkShop2/ProjetDecouverte/Content/04_Props/Poubelle/Planet_03/planete_03_Sphere001_Part_10.uasset" 383
"../../../../../UnrealProject/WorkShop2/ProjetDecouverte/Content/04_Props/Poubelle/Planet_03/planete_03_Sphere001_Part_11.uasset" 384
"../../../../../UnrealProject/WorkShop2/ProjetDecouverte/Content/04_Props/Poubelle/Planet_03/planete_03_Sphere001_Part_12.uasset" 385
"../../../../../UnrealProject/WorkShop2/ProjetDecouverte/Content/04_Props/Poubelle/Planet_03/planete_03_Sphere001_Part_13.uasset" 386
"../../../../../UnrealProject/WorkShop2/ProjetDecouverte/Content/04_Props/Poubelle/Planet_03/planete_03_Sphere001_Part_14.uasset" 387
"../../../../../UnrealProject/WorkShop2/ProjetDecouverte/Content/04_Props/Poubelle/Planet_03/planete_03_Sphere001_Part_15.uasset" 388
"../../../../../UnrealProject/WorkShop2/ProjetDecouverte/Content/04_Props/Poubelle/Planet_03/planete_03_Sphere001_Part_16.uasset" 389
"../../../../../UnrealProject/WorkShop2/ProjetDecouverte/Content/04_Props/Poubelle/Planet_03/planete_03_Sphere001_Part_17.uasset" 390
"../../../../../UnrealProject/WorkShop2/ProjetDecouverte/Content/04_Props/Poubelle/Planet_03/planete_03_Sphere001_Part_18.uasset" 391
"../../../../../UnrealProject/WorkShop2/ProjetDecouverte/Content/04_Props/Poubelle/Planet_03/planete_03_Sphere001_Part_19.uasset" 392
"../../../../../UnrealProject/WorkShop2/ProjetDecouverte/Content/04_Props/Poubelle/Planet_03/planete_03_Sphere001_Part_2.uasset" 393
"../../../../../UnrealProject/WorkShop2/ProjetDecouverte/Content/04_Props/Poubelle/Planet_03/planete_03_Sphere001_Part_20.uasset" 394
"../../../../../UnrealProject/WorkShop2/ProjetDecouverte/Content/04_Props/Poubelle/Planet_03/planete_03_Sphere001_Part_3.uasset" 395
"../../../../../UnrealProject/WorkShop2/ProjetDecouverte/Content/04_Props/Poubelle/Planet_03/planete_03_Sphere001_Part_4.uasset" 396
"../../../../../UnrealProject/WorkShop2/ProjetDecouverte/Content/04_Props/Poubelle/Planet_03/planete_03_Sphere001_Part_5.uasset" 397
"../../../../../UnrealProject/WorkShop2/ProjetDecouverte/Content/04_Props/Poubelle/Planet_03/planete_03_Sphere001_Part_6.uasset" 398
"../../../../../UnrealProject/WorkShop2/ProjetDecouverte/Content/04_Props/Poubelle/Planet_03/planete_03_Sphere001_Part_7.uasset" 399
"../../../../../UnrealProject/WorkShop2/ProjetDecouverte/Content/04_Props/Poubelle/Planet_03/planete_03_Sphere001_Part_8.uasset" 400
"../../../../../UnrealProject/WorkShop2/ProjetDecouverte/Content/04_Props/Poubelle/Planet_03/planete_03_Sphere001_Part_9.uasset" 401
"../../../../../UnrealProject/WorkShop2/ProjetDecouverte/Content/04_Props/Poubelle/Planet_05/planete_05_Sphere001_Part_1.uasset" 402
"../../../../../UnrealProject/WorkShop2/ProjetDecouverte/Content/04_Props/Poubelle/Planet_05/planete_05_Sphere001_Part_10.uasset" 403
"../../../../../UnrealProject/WorkShop2/ProjetDecouverte/Content/04_Props/Poubelle/Planet_05/planete_05_Sphere001_Part_11.uasset" 404
"../../../../../UnrealProject/WorkShop2/ProjetDecouverte/Content/04_Props/Poubelle/Planet_05/planete_05_Sphere001_Part_12.uasset" 405
"../../../../../UnrealProject/WorkShop2/ProjetDecouverte/Content/04_Props/Poubelle/Planet_05/planete_05_Sphere001_Part_13.uasset" 406
"../../../../../UnrealProject/WorkShop2/ProjetDecouverte/Content/04_Props/Poubelle/Planet_05/planete_05_Sphere001_Part_14.uasset" 407
"../../../../../UnrealProject/WorkShop2/ProjetDecouverte/Content/04_Props/Poubelle/Planet_05/planete_05_Sphere001_Part_16.uasset" 408
"../../../../../UnrealProject/WorkShop2/ProjetDecouverte/Content/04_Props/Poubelle/Planet_05/planete_05_Sphere001_Part_17.uasset" 409
"../../../../../UnrealProject/WorkShop2/ProjetDecouverte/Content/04_Props/Poubelle/Planet_05/planete_05_Sphere001_Part_18.uasset" 410
"../../../../../UnrealProject/WorkShop2/ProjetDecouverte/Content/04_Props/Poubelle/Planet_05/planete_05_Sphere001_Part_19.uasset" 411
"../../../../../UnrealProject/WorkShop2/ProjetDecouverte/Content/04_Props/Poubelle/Planet_05/planete_05_Sphere001_Part_2.uasset" 412
"../../../../../UnrealProject/WorkShop2/ProjetDecouverte/Content/04_Props/Poubelle/Planet_05/planete_05_Sphere001_Part_3.uasset" 413
"../../../../../UnrealProject/WorkShop2/ProjetDecouverte/Content/04_Props/Poubelle/Planet_05/planete_05_Sphere001_Part_4.uasset" 414
"../../../../../UnrealProject/WorkShop2/ProjetDecouverte/Content/04_Props/Poubelle/Planet_05/planete_05_Sphere001_Part_5.uasset" 415
"../../../../../UnrealProject/WorkShop2/ProjetDecouverte/Content/04_Props/Poubelle/Planet_05/planete_05_Sphere001_Part_6.uasset" 416
"../../../../../UnrealProject/WorkShop2/ProjetDecouverte/Content/04_Props/Poubelle/Planet_05/planete_05_Sphere001_Part_7.uasset" 417
"../../../../../UnrealProject/WorkShop2/ProjetDecouverte/Content/04_Props/Poubelle/Planet_05/planete_05_Sphere001_Part_8.uasset" 418
"../../../../../UnrealProject/WorkShop2/ProjetDecouverte/Content/04_Props/Poubelle/Planet_05/planete_05_Sphere001_Part_9.uasset" 419
"../../../../../UnrealProject/WorkShop2/ProjetDecouverte/Content/04_Props/Poubelle/Planet_09/planete_09_Sphere001_Part_1.uasset" 420
"../../../../../UnrealProject/WorkShop2/ProjetDecouverte/Content/04_Props/Poubelle/Planet_09/planete_09_Sphere001_Part_10.uasset" 421
"../../../../../UnrealProject/WorkShop2/ProjetDecouverte/Content/04_Props/Poubelle/Planet_09/planete_09_Sphere001_Part_11.uasset" 422
"../../../../../UnrealProject/WorkShop2/ProjetDecouverte/Content/04_Props/Poubelle/Planet_09/planete_09_Sphere001_Part_12.uasset" 423
"../../../../../UnrealProject/WorkShop2/ProjetDecouverte/Content/04_Props/Poubelle/Planet_09/planete_09_Sphere001_Part_13.uasset" 424
"../../../../../UnrealProject/WorkShop2/ProjetDecouverte/Content/04_Props/Poubelle/Planet_09/planete_09_Sphere001_Part_14.uasset" 425
"../../../../../UnrealProject/WorkShop2/ProjetDecouverte/Content/04_Props/Poubelle/Planet_09/planete_09_Sphere001_Part_16.uasset" 426
"../../../../../UnrealProject/WorkShop2/ProjetDecouverte/Content/04_Props/Poubelle/Planet_09/planete_09_Sphere001_Part_17.uasset" 427
"../../../../../UnrealProject/WorkShop2/ProjetDecouverte/Content/04_Props/Poubelle/Planet_09/planete_09_Sphere001_Part_18.uasset" 428
"../../../../../UnrealProject/WorkShop2/ProjetDecouverte/Content/04_Props/Poubelle/Planet_09/planete_09_Sphere001_Part_19.uasset" 429
"../../../../../UnrealProject/WorkShop2/ProjetDecouverte/Content/04_Props/Poubelle/Planet_09/planete_09_Sphere001_Part_2.uasset" 430
"../../../../../UnrealProject/WorkShop2/ProjetDecouverte/Content/04_Props/Poubelle/Planet_09/planete_09_Sphere001_Part_20.uasset" 431
"../../../../../UnrealProject/WorkShop2/ProjetDecouverte/Content/04_Props/Poubelle/Planet_09/planete_09_Sphere001_Part_21.uasset" 432
"../../../../../UnrealProject/WorkShop2/ProjetDecouverte/Content/04_Props/Poubelle/Planet_09/planete_09_Sphere001_Part_22.uasset" 433
"../../../../../UnrealProject/WorkShop2/ProjetDecouverte/Content/04_Props/Poubelle/Planet_09/planete_09_Sphere001_Part_3.uasset" 434
"../../../../../UnrealProject/WorkShop2/ProjetDecouverte/Content/04_Props/Poubelle/Planet_09/planete_09_Sphere001_Part_4.uasset" 435
"../../../../../UnrealProject/WorkShop2/ProjetDecouverte/Content/04_Props/Poubelle/Planet_09/planete_09_Sphere001_Part_5.uasset" 436
"../../../../../UnrealProject/WorkShop2/ProjetDecouverte/Content/04_Props/Poubelle/Planet_09/planete_09_Sphere001_Part_6.uasset" 437
"../../../../../UnrealProject/WorkShop2/ProjetDecouverte/Content/04_Props/Poubelle/Planet_09/planete_09_Sphere001_Part_8.uasset" 438
"../../../../../UnrealProject/WorkShop2/ProjetDecouverte/Content/04_Props/Poubelle/Planet_09/planete_09_Sphere001_Part_9.uasset" 439
"../../../../../UnrealProject/WorkShop2/ProjetDecouverte/Content/04_Props/Poubelle/Planet_12/planete_12_Sphere001_Part_1.uasset" 440
"../../../../../UnrealProject/WorkShop2/ProjetDecouverte/Content/04_Props/Poubelle/Planet_12/planete_12_Sphere001_Part_10.uasset" 441
"../../../../../UnrealProject/WorkShop2/ProjetDecouverte/Content/04_Props/Poubelle/Planet_12/planete_12_Sphere001_Part_11.uasset" 442
"../../../../../UnrealProject/WorkShop2/ProjetDecouverte/Content/04_Props/Poubelle/Planet_12/planete_12_Sphere001_Part_12.uasset" 443
"../../../../../UnrealProject/WorkShop2/ProjetDecouverte/Content/04_Props/Poubelle/Planet_12/planete_12_Sphere001_Part_13.uasset" 444
"../../../../../UnrealProject/WorkShop2/ProjetDecouverte/Content/04_Props/Poubelle/Planet_12/planete_12_Sphere001_Part_14.uasset" 445
"../../../../../UnrealProject/WorkShop2/ProjetDecouverte/Content/04_Props/Poubelle/Planet_12/planete_12_Sphere001_Part_2.uasset" 446
"../../../../../UnrealProject/WorkShop2/ProjetDecouverte/Content/04_Props/Poubelle/Planet_12/planete_12_Sphere001_Part_3.uasset" 447
"../../../../../UnrealProject/WorkShop2/ProjetDecouverte/Content/04_Props/Poubelle/Planet_12/planete_12_Sphere001_Part_4.uasset" 448
"../../../../../UnrealProject/WorkShop2/ProjetDecouverte/Content/04_Props/Poubelle/Planet_12/planete_12_Sphere001_Part_5.uasset" 449
"../../../../../UnrealProject/WorkShop2/ProjetDecouverte/Content/04_Props/Poubelle/Planet_12/planete_12_Sphere001_Part_6.uasset" 450
"../../../../../UnrealProject/WorkShop2/ProjetDecouverte/Content/04_Props/Poubelle/Planet_12/planete_12_Sphere001_Part_7.uasset" 451
"../../../../../UnrealProject/WorkShop2/ProjetDecouverte/Content/04_Props/Poubelle/Planet_12/planete_12_Sphere001_Part_8.uasset" 452
"../../../../../UnrealProject/WorkShop2/ProjetDecouverte/Content/04_Props/Poubelle/Planet_12/planete_12_Sphere001_Part_9.uasset" 453
"../../../../../UnrealProject/WorkShop2/ProjetDecouverte/Content/04_Props/Poubelle/Planet_13/planete_13_Sphere001_Part_1.uasset" 454
"../../../../../UnrealProject/WorkShop2/ProjetDecouverte/Content/04_Props/Poubelle/Planet_13/planete_13_Sphere001_Part_10.uasset" 455
"../../../../../UnrealProject/WorkShop2/ProjetDecouverte/Content/04_Props/Poubelle/Planet_13/planete_13_Sphere001_Part_11.uasset" 456
"../../../../../UnrealProject/WorkShop2/ProjetDecouverte/Content/04_Props/Poubelle/Planet_13/planete_13_Sphere001_Part_12.uasset" 457
"../../../../../UnrealProject/WorkShop2/ProjetDecouverte/Content/04_Props/Poubelle/Planet_13/planete_13_Sphere001_Part_13.uasset" 458
"../../../../../UnrealProject/WorkShop2/ProjetDecouverte/Content/04_Props/Poubelle/Planet_13/planete_13_Sphere001_Part_14.uasset" 459
"../../../../../UnrealProject/WorkShop2/ProjetDecouverte/Content/04_Props/Poubelle/Planet_13/planete_13_Sphere001_Part_2.uasset" 460
"../../../../../UnrealProject/WorkShop2/ProjetDecouverte/Content/04_Props/Poubelle/Planet_13/planete_13_Sphere001_Part_3.uasset" 461
"../../../../../UnrealProject/WorkShop2/ProjetDecouverte/Content/04_Props/Poubelle/Planet_13/planete_13_Sphere001_Part_4.uasset" 462
"../../../../../UnrealProject/WorkShop2/ProjetDecouverte/Content/04_Props/Poubelle/Planet_13/planete_13_Sphere001_Part_5.uasset" 463
"../../../../../UnrealProject/WorkShop2/ProjetDecouverte/Content/04_Props/Poubelle/Planet_13/planete_13_Sphere001_Part_6.uasset" 464
"../../../../../UnrealProject/WorkShop2/ProjetDecouverte/Content/04_Props/Poubelle/Planet_13/planete_13_Sphere001_Part_7.uasset" 465
"../../../../../UnrealProject/WorkShop2/ProjetDecouverte/Content/04_Props/Poubelle/Planet_13/planete_13_Sphere001_Part_8.uasset" 466
"../../../../../UnrealProject/WorkShop2/ProjetDecouverte/Content/04_Props/Poubelle/Planet_13/planete_13_Sphere001_Part_9.uasset" 467
"../../../../../UnrealProject/WorkShop2/ProjetDecouverte/Content/04_Props/Poubelle/Planet_14/planete_14_Sphere001_Part_1.uasset" 468
"../../../../../UnrealProject/WorkShop2/ProjetDecouverte/Content/04_Props/Poubelle/Planet_14/planete_14_Sphere001_Part_10.uasset" 469
"../../../../../UnrealProject/WorkShop2/ProjetDecouverte/Content/04_Props/Poubelle/Planet_14/planete_14_Sphere001_Part_11.uasset" 470
"../../../../../UnrealProject/WorkShop2/ProjetDecouverte/Content/04_Props/Poubelle/Planet_14/planete_14_Sphere001_Part_12.uasset" 471
"../../../../../UnrealProject/WorkShop2/ProjetDecouverte/Content/04_Props/Poubelle/Planet_14/planete_14_Sphere001_Part_14.uasset" 472
"../../../../../UnrealProject/WorkShop2/ProjetDecouverte/Content/04_Props/Poubelle/Planet_14/planete_14_Sphere001_Part_15.uasset" 473
"../../../../../UnrealProject/WorkShop2/ProjetDecouverte/Content/04_Props/Poubelle/Planet_14/planete_14_Sphere001_Part_16.uasset" 474
"../../../../../UnrealProject/WorkShop2/ProjetDecouverte/Content/04_Props/Poubelle/Planet_14/planete_14_Sphere001_Part_17.uasset" 475
"../../../../../UnrealProject/WorkShop2/ProjetDecouverte/Content/04_Props/Poubelle/Planet_14/planete_14_Sphere001_Part_18.uasset" 476
"../../../../../UnrealProject/WorkShop2/ProjetDecouverte/Content/04_Props/Poubelle/Planet_14/planete_14_Sphere001_Part_19.uasset" 477
"../../../../../UnrealProject/WorkShop2/ProjetDecouverte/Content/04_Props/Poubelle/Planet_14/planete_14_Sphere001_Part_2.uasset" 478
"../../../../../UnrealProject/WorkShop2/ProjetDecouverte/Content/04_Props/Poubelle/Planet_14/planete_14_Sphere001_Part_20.uasset" 479
"../../../../../UnrealProject/WorkShop2/ProjetDecouverte/Content/04_Props/Poubelle/Planet_14/planete_14_Sphere001_Part_21.uasset" 480
"../../../../../UnrealProject/WorkShop2/ProjetDecouverte/Content/04_Props/Poubelle/Planet_14/planete_14_Sphere001_Part_22.uasset" 481
"../../../../../UnrealProject/WorkShop2/ProjetDecouverte/Content/04_Props/Poubelle/Planet_14/planete_14_Sphere001_Part_3.uasset" 482
"../../../../../UnrealProject/WorkShop2/ProjetDecouverte/Content/04_Props/Poubelle/Planet_14/planete_14_Sphere001_Part_4.uasset" 483
"../../../../../UnrealProject/WorkShop2/ProjetDecouverte/Content/04_Props/Poubelle/Planet_14/planete_14_Sphere001_Part_5.uasset" 484
"../../../../../UnrealProject/WorkShop2/ProjetDecouverte/Content/04_Props/Poubelle/Planet_14/planete_14_Sphere001_Part_7.uasset" 485
"../../../../../UnrealProject/WorkShop2/ProjetDecouverte/Content/04_Props/Poubelle/Planet_14/planete_14_Sphere001_Part_9.uasset" 486
"../../../../../UnrealProject/WorkShop2/ProjetDecouverte/Content/04_Props/Poubelle/Planet_15/planete_15_Sphere001_Part_1.uasset" 487
"../../../../../UnrealProject/WorkShop2/ProjetDecouverte/Content/04_Props/Poubelle/Planet_15/planete_15_Sphere001_Part_10.uasset" 488
"../../../../../UnrealProject/WorkShop2/ProjetDecouverte/Content/04_Props/Poubelle/Planet_15/planete_15_Sphere001_Part_11.uasset" 489
"../../../../../UnrealProject/WorkShop2/ProjetDecouverte/Content/04_Props/Poubelle/Planet_15/planete_15_Sphere001_Part_12.uasset" 490
"../../../../../UnrealProject/WorkShop2/ProjetDecouverte/Content/04_Props/Poubelle/Planet_15/planete_15_Sphere001_Part_13.uasset" 491
"../../../../../UnrealProject/WorkShop2/ProjetDecouverte/Content/04_Props/Poubelle/Planet_15/planete_15_Sphere001_Part_2.uasset" 492
"../../../../../UnrealProject/WorkShop2/ProjetDecouverte/Content/04_Props/Poubelle/Planet_15/planete_15_Sphere001_Part_3.uasset" 493
"../../../../../UnrealProject/WorkShop2/ProjetDecouverte/Content/04_Props/Poubelle/Planet_15/planete_15_Sphere001_Part_4.uasset" 494
"../../../../../UnrealProject/WorkShop2/ProjetDecouverte/Content/04_Props/Poubelle/Planet_15/planete_15_Sphere001_Part_5.uasset" 495
"../../../../../UnrealProject/WorkShop2/ProjetDecouverte/Content/04_Props/Poubelle/Planet_15/planete_15_Sphere001_Part_6.uasset" 496
"../../../../../UnrealProject/WorkShop2/ProjetDecouverte/Content/04_Props/Poubelle/Planet_15/planete_15_Sphere001_Part_7.uasset" 497
"../../../../../UnrealProject/WorkShop2/ProjetDecouverte/Content/04_Props/Poubelle/Planet_15/planete_15_Sphere001_Part_8.uasset" 498
"../../../../../UnrealProject/WorkShop2/ProjetDecouverte/Content/04_Props/Poubelle/Planet_15/planete_15_Sphere001_Part_9.uasset" 499
"../../Plugins/2D/Paper2D/Content/PlaceholderTextures/DummySpriteTexture.uasset" 500
"../../Plugins/2D/Paper2D/Content/DummySprite.uasset" 501
"../../Plugins/2D/Paper2D/Content/DefaultPaperTerrainMaterial.uasset" 502
"../../Plugins/2D/Paper2D/Content/DefaultSpriteMaterial.uasset" 503
"../../Plugins/2D/Paper2D/Content/MaskedUnlitSpriteMaterial.uasset" 504
"../../Plugins/2D/Paper2D/Content/OpaqueUnlitSpriteMaterial.uasset" 505
"../../Plugins/Editor/SpeedTreeImporter/Content/SpeedTree9/UnpackInteger3.uasset" 506
"../../Plugins/Editor/SpeedTreeImporter/Content/SpeedTree9/UnpackDirection.uasset" 507
"../../Plugins/Editor/SpeedTreeImporter/Content/SpeedTree9/game_wind_noise.uasset" 508
"../../../Engine/Content/Functions/Engine_MaterialFunctions02/SafeNormalize.uasset" 509
"../../Plugins/Editor/SpeedTreeImporter/Content/SpeedTree9/SpeedTreeWindMotion.uasset" 510
"../../Plugins/Editor/SpeedTreeImporter/Content/SpeedTree9/SpeedTreeBranchMotion.uasset" 511
"../../../Engine/Content/Functions/Engine_MaterialFunctions02/ObjectLocalBounds.uasset" 512
"../../../Engine/Content/Functions/Engine_MaterialFunctions02/UVs/BoundingBoxBased_0-1_UVW.uasset" 513
"../../Plugins/Editor/SpeedTreeImporter/Content/SpeedTree9/SpeedTreeWind.uasset" 514
"../../Plugins/Editor/SpeedTreeImporter/Content/SpeedTree9/SpeedTreeBillboard.uasset" 515
"../../../Engine/Content/EngineResources/DefaultTexture.uasset" 516
"../../Plugins/Editor/SpeedTreeImporter/Content/SpeedTree9/SpeedTreeBillboardMaster.uasset" 517
"../../Plugins/Editor/SpeedTreeImporter/Content/SpeedTree9/SpeedTreeCameraFacing.uasset" 518
"../../Plugins/Editor/SpeedTreeImporter/Content/SpeedTree9/SpeedTreeMaster.uasset" 519
"../../Plugins/FX/Niagara/Content/Enums/ENiagaraCoordinateSpace.uasset" 520
"../../Plugins/FX/Niagara/Content/Enums/ENiagaraOrientationAxis.uasset" 521
"../../Plugins/FX/Niagara/Content/Enums/ENiagaraRandomnessMode.uasset" 522
"../../Plugins/FX/Niagara/Content/Icons/S_ParticleSystem.uasset" 523
"../../../Engine/Content/BasicShapes/Cylinder.uasset" 524
"../../../Engine/Content/ArtTools/RenderToTexture/Materials/Debug/M_Emissive_Color.uasset" 525
"../../Plugins/Lumin/MagicLeapPassableWorld/Content/MagicLeapARPinInfoActor.uasset" 526
"../../../Engine/Content/Functions/Engine_MaterialFunctions02/Utility/BreakOutFloat4Components.uasset" 527
"../../Plugins/Runtime/Oculus/OculusVR/Content/Materials/OculusMR_ChromaKey.uasset" 528
"../../Plugins/Runtime/Oculus/OculusVR/Content/Materials/OculusMR_OpaqueColoredMaterial.uasset" 529
"../../Plugins/Runtime/Oculus/OculusVR/Content/Materials/PokeAHoleMaterial.uasset" 530
"../../../../../UnrealProject/WorkShop2/ProjetDecouverte/Content/FeedBack/Haptic01.uasset" 531
"../../../../../UnrealProject/WorkShop2/ProjetDecouverte/Content/04_Props/SM_Couche/SM_Couche11/SM_Couche11_Sphere_Part_3.uasset" 532
"../../../../../UnrealProject/WorkShop2/ProjetDecouverte/Content/04_Props/SM_Couche/SM_Couche11/SM_Couche11_Sphere_Part_2.uasset" 533
"../../../../../UnrealProject/WorkShop2/ProjetDecouverte/Content/04_Props/SM_Couche/SM_Couche11/SM_Couche11_Sphere_Part_19.uasset" 534
"../../../../../UnrealProject/WorkShop2/ProjetDecouverte/Content/04_Props/SM_Couche/SM_Couche11/SM_Couche11_Sphere_Part_18.uasset" 535
"../../../../../UnrealProject/WorkShop2/ProjetDecouverte/Content/04_Props/SM_Couche/SM_Couche11/SM_Couche11_Sphere_Part_17.uasset" 536
"../../../../../UnrealProject/WorkShop2/ProjetDecouverte/Content/04_Props/SM_Couche/SM_Couche11/SM_Couche11_Sphere_Part_16.uasset" 537
"../../../../../UnrealProject/WorkShop2/ProjetDecouverte/Content/04_Props/SM_Couche/SM_Couche11/SM_Couche11_Sphere_Part_15.uasset" 538
"../../../../../UnrealProject/WorkShop2/ProjetDecouverte/Content/04_Props/SM_Couche/SM_Couche11/SM_Couche11_Sphere_Part_14.uasset" 539
"../../../../../UnrealProject/WorkShop2/ProjetDecouverte/Content/04_Props/SM_Couche/SM_Couche11/SM_Couche11_Sphere_Part_13.uasset" 540
"../../../../../UnrealProject/WorkShop2/ProjetDecouverte/Content/04_Props/SM_Couche/SM_Couche11/SM_Couche11_Sphere_Part_12.uasset" 541
"../../../../../UnrealProject/WorkShop2/ProjetDecouverte/Content/04_Props/SM_Couche/SM_Couche11/SM_Couche11_Sphere_Part_11.uasset" 542
"../../../../../UnrealProject/WorkShop2/ProjetDecouverte/Content/04_Props/SM_Couche/SM_Couche11/SM_Couche11_Sphere_Part_10.uasset" 543
"../../../../../UnrealProject/WorkShop2/ProjetDecouverte/Content/04_Props/SM_Couche/SM_Couche11/SM_Couche11_Sphere_Part_1.uasset" 544
"../../../../../UnrealProject/WorkShop2/ProjetDecouverte/Content/04_Props/SM_Couche/SM_Couche09/SM_Couche09_Sphere_Part_9.uasset" 545
"../../../../../UnrealProject/WorkShop2/ProjetDecouverte/Content/04_Props/SM_Couche/SM_Couche09/SM_Couche09_Sphere_Part_8.uasset" 546
"../../../../../UnrealProject/WorkShop2/ProjetDecouverte/Content/04_Props/SM_Couche/SM_Couche09/SM_Couche09_Sphere_Part_7.uasset" 547
"../../../../../UnrealProject/WorkShop2/ProjetDecouverte/Content/04_Props/SM_Couche/SM_Couche09/SM_Couche09_Sphere_Part_6.uasset" 548
"../../../../../UnrealProject/WorkShop2/ProjetDecouverte/Content/04_Props/SM_Couche/SM_Couche09/SM_Couche09_Sphere_Part_5.uasset" 549
"../../../../../UnrealProject/WorkShop2/ProjetDecouverte/Content/04_Props/SM_Couche/SM_Couche09/SM_Couche09_Sphere_Part_4.uasset" 550
"../../../../../UnrealProject/WorkShop2/ProjetDecouverte/Content/04_Props/SM_Couche/SM_Couche09/SM_Couche09_Sphere_Part_3.uasset" 551
"../../../../../UnrealProject/WorkShop2/ProjetDecouverte/Content/04_Props/SM_Couche/SM_Couche09/SM_Couche09_Sphere_Part_2.uasset" 552
"../../../../../UnrealProject/WorkShop2/ProjetDecouverte/Content/04_Props/SM_Couche/SM_Couche09/SM_Couche09_Sphere_Part_18.uasset" 553
"../../../../../UnrealProject/WorkShop2/ProjetDecouverte/Content/04_Props/SM_Couche/SM_Couche09/SM_Couche09_Sphere_Part_17.uasset" 554
"../../../../../UnrealProject/WorkShop2/ProjetDecouverte/Content/04_Props/SM_Couche/SM_Couche09/SM_Couche09_Sphere_Part_16.uasset" 555
"../../../../../UnrealProject/WorkShop2/ProjetDecouverte/Content/04_Props/SM_Couche/SM_Couche09/SM_Couche09_Sphere_Part_15.uasset" 556
"../../../../../UnrealProject/WorkShop2/ProjetDecouverte/Content/04_Props/SM_Couche/SM_Couche09/SM_Couche09_Sphere_Part_14.uasset" 557
"../../../../../UnrealProject/WorkShop2/ProjetDecouverte/Content/04_Props/SM_Couche/SM_Couche09/SM_Couche09_Sphere_Part_13.uasset" 558
"../../../../../UnrealProject/WorkShop2/ProjetDecouverte/Content/04_Props/SM_Couche/SM_Couche09/SM_Couche09_Sphere_Part_12.uasset" 559
"../../../../../UnrealProject/WorkShop2/ProjetDecouverte/Content/04_Props/SM_Couche/SM_Couche09/SM_Couche09_Sphere_Part_11.uasset" 560
"../../../../../UnrealProject/WorkShop2/ProjetDecouverte/Content/04_Props/SM_Couche/SM_Couche09/SM_Couche09_Sphere_Part_10.uasset" 561
"../../../../../UnrealProject/WorkShop2/ProjetDecouverte/Content/04_Props/SM_Couche/SM_Couche09/SM_Couche09_Sphere_Part_1.uasset" 562
"../../../../../UnrealProject/WorkShop2/ProjetDecouverte/Content/04_Props/SM_Couche/SM_Couche07/SM_Couche07_Sphere_Part_9.uasset" 563
"../../../../../UnrealProject/WorkShop2/ProjetDecouverte/Content/04_Props/SM_Couche/SM_Couche07/SM_Couche07_Sphere_Part_8.uasset" 564
"../../../../../UnrealProject/WorkShop2/ProjetDecouverte/Content/04_Props/SM_Couche/SM_Couche07/SM_Couche07_Sphere_Part_7.uasset" 565
"../../../../../UnrealProject/WorkShop2/ProjetDecouverte/Content/04_Props/SM_Couche/SM_Couche07/SM_Couche07_Sphere_Part_6.uasset" 566
"../../../../../UnrealProject/WorkShop2/ProjetDecouverte/Content/04_Props/SM_Couche/SM_Couche07/SM_Couche07_Sphere_Part_5.uasset" 567
"../../../../../UnrealProject/WorkShop2/ProjetDecouverte/Content/04_Props/SM_Couche/SM_Couche07/SM_Couche07_Sphere_Part_4.uasset" 568
"../../../../../UnrealProject/WorkShop2/ProjetDecouverte/Content/04_Props/SM_Couche/SM_Couche07/SM_Couche07_Sphere_Part_3.uasset" 569
"../../../../../UnrealProject/WorkShop2/ProjetDecouverte/Content/04_Props/SM_Couche/SM_Couche07/SM_Couche07_Sphere_Part_2.uasset" 570
"../../../../../UnrealProject/WorkShop2/ProjetDecouverte/Content/04_Props/SM_Couche/SM_Couche07/SM_Couche07_Sphere_Part_17.uasset" 571
"../../../../../UnrealProject/WorkShop2/ProjetDecouverte/Content/04_Props/SM_Couche/SM_Couche07/SM_Couche07_Sphere_Part_16.uasset" 572
"../../../../../UnrealProject/WorkShop2/ProjetDecouverte/Content/04_Props/SM_Couche/SM_Couche07/SM_Couche07_Sphere_Part_15.uasset" 573
"../../../../../UnrealProject/WorkShop2/ProjetDecouverte/Content/04_Props/SM_Couche/SM_Couche07/SM_Couche07_Sphere_Part_14.uasset" 574
"../../../../../UnrealProject/WorkShop2/ProjetDecouverte/Content/04_Props/SM_Couche/SM_Couche07/SM_Couche07_Sphere_Part_13.uasset" 575
"../../../../../UnrealProject/WorkShop2/ProjetDecouverte/Content/04_Props/SM_Couche/SM_Couche07/SM_Couche07_Sphere_Part_12.uasset" 576
"../../../../../UnrealProject/WorkShop2/ProjetDecouverte/Content/04_Props/SM_Couche/SM_Couche07/SM_Couche07_Sphere_Part_11.uasset" 577
"../../../../../UnrealProject/WorkShop2/ProjetDecouverte/Content/04_Props/SM_Couche/SM_Couche07/SM_Couche07_Sphere_Part_10.uasset" 578
"../../../../../UnrealProject/WorkShop2/ProjetDecouverte/Content/04_Props/SM_Couche/SM_Couche07/SM_Couche07_Sphere_Part_1.uasset" 579
"../../../../../UnrealProject/WorkShop2/ProjetDecouverte/Content/04_Props/SM_Couche/SM_Couche06/SM_Couche06_Sphere_Part_9.uasset" 580
"../../../../../UnrealProject/WorkShop2/ProjetDecouverte/Content/04_Props/SM_Couche/SM_Couche06/SM_Couche06_Sphere_Part_8.uasset" 581
"../../../../../UnrealProject/WorkShop2/ProjetDecouverte/Content/04_Props/SM_Couche/SM_Couche06/SM_Couche06_Sphere_Part_7.uasset" 582
"../../../../../UnrealProject/WorkShop2/ProjetDecouverte/Content/04_Props/SM_Couche/SM_Couche06/SM_Couche06_Sphere_Part_6.uasset" 583
"../../../../../UnrealProject/WorkShop2/ProjetDecouverte/Content/04_Props/SM_Couche/SM_Couche06/SM_Couche06_Sphere_Part_5.uasset" 584
"../../../../../UnrealProject/WorkShop2/ProjetDecouverte/Content/04_Props/SM_Couche/SM_Couche06/SM_Couche06_Sphere_Part_4.uasset" 585
"../../../../../UnrealProject/WorkShop2/ProjetDecouverte/Content/04_Props/SM_Couche/SM_Couche06/SM_Couche06_Sphere_Part_3.uasset" 586
"../../../../../UnrealProject/WorkShop2/ProjetDecouverte/Content/04_Props/SM_Couche/SM_Couche06/SM_Couche06_Sphere_Part_2.uasset" 587
"../../../../../UnrealProject/WorkShop2/ProjetDecouverte/Content/04_Props/SM_Couche/SM_Couche06/SM_Couche06_Sphere_Part_16.uasset" 588
"../../../../../UnrealProject/WorkShop2/ProjetDecouverte/Content/04_Props/SM_Couche/SM_Couche06/SM_Couche06_Sphere_Part_15.uasset" 589
"../../../../../UnrealProject/WorkShop2/ProjetDecouverte/Content/04_Props/SM_Couche/SM_Couche06/SM_Couche06_Sphere_Part_14.uasset" 590
"../../../../../UnrealProject/WorkShop2/ProjetDecouverte/Content/04_Props/SM_Couche/SM_Couche06/SM_Couche06_Sphere_Part_13.uasset" 591
"../../../../../UnrealProject/WorkShop2/ProjetDecouverte/Content/04_Props/SM_Couche/SM_Couche06/SM_Couche06_Sphere_Part_12.uasset" 592
"../../../../../UnrealProject/WorkShop2/ProjetDecouverte/Content/04_Props/SM_Couche/SM_Couche06/SM_Couche06_Sphere_Part_11.uasset" 593
"../../../../../UnrealProject/WorkShop2/ProjetDecouverte/Content/04_Props/SM_Couche/SM_Couche06/SM_Couche06_Sphere_Part_10.uasset" 594
"../../../../../UnrealProject/WorkShop2/ProjetDecouverte/Content/04_Props/SM_Couche/SM_Couche06/SM_Couche06_Sphere_Part_1.uasset" 595
"../../../../../UnrealProject/WorkShop2/ProjetDecouverte/Content/04_Props/SM_Couche/SM_Couche04/SM_Couche04_Sphere_Part_9.uasset" 596
"../../../../../UnrealProject/WorkShop2/ProjetDecouverte/Content/04_Props/SM_Couche/SM_Couche04/SM_Couche04_Sphere_Part_8.uasset" 597
"../../../../../UnrealProject/WorkShop2/ProjetDecouverte/Content/04_Props/SM_Couche/SM_Couche04/SM_Couche04_Sphere_Part_7.uasset" 598
"../../../../../UnrealProject/WorkShop2/ProjetDecouverte/Content/04_Props/SM_Couche/SM_Couche04/SM_Couche04_Sphere_Part_6.uasset" 599
"../../../../../UnrealProject/WorkShop2/ProjetDecouverte/Content/04_Props/SM_Couche/SM_Couche04/SM_Couche04_Sphere_Part_5.uasset" 600
"../../../../../UnrealProject/WorkShop2/ProjetDecouverte/Content/04_Props/SM_Couche/SM_Couche04/SM_Couche04_Sphere_Part_4.uasset" 601
"../../../../../UnrealProject/WorkShop2/ProjetDecouverte/Content/04_Props/SM_Couche/SM_Couche04/SM_Couche04_Sphere_Part_3.uasset" 602
"../../../../../UnrealProject/WorkShop2/ProjetDecouverte/Content/04_Props/SM_Couche/SM_Couche04/SM_Couche04_Sphere_Part_2.uasset" 603
"../../../../../UnrealProject/WorkShop2/ProjetDecouverte/Content/04_Props/SM_Couche/SM_Couche04/SM_Couche04_Sphere_Part_15.uasset" 604
"../../../../../UnrealProject/WorkShop2/ProjetDecouverte/Content/04_Props/SM_Couche/SM_Couche04/SM_Couche04_Sphere_Part_14.uasset" 605
"../../../../../UnrealProject/WorkShop2/ProjetDecouverte/Content/04_Props/SM_Couche/SM_Couche04/SM_Couche04_Sphere_Part_13.uasset" 606
"../../../../../UnrealProject/WorkShop2/ProjetDecouverte/Content/04_Props/SM_Couche/SM_Couche04/SM_Couche04_Sphere_Part_12.uasset" 607
"../../../../../UnrealProject/WorkShop2/ProjetDecouverte/Content/04_Props/SM_Couche/SM_Couche04/SM_Couche04_Sphere_Part_11.uasset" 608
"../../../../../UnrealProject/WorkShop2/ProjetDecouverte/Content/04_Props/SM_Couche/SM_Couche04/SM_Couche04_Sphere_Part_10.uasset" 609
"../../../../../UnrealProject/WorkShop2/ProjetDecouverte/Content/04_Props/SM_Couche/SM_Couche04/SM_Couche04_Sphere_Part_1.uasset" 610
"../../../../../UnrealProject/WorkShop2/ProjetDecouverte/Content/04_Props/SM_Couche/SM_Couche03/SM_Couche03_Sphere_Part_9.uasset" 611
"../../../../../UnrealProject/WorkShop2/ProjetDecouverte/Content/04_Props/SM_Couche/SM_Couche03/SM_Couche03_Sphere_Part_8.uasset" 612
"../../../../../UnrealProject/WorkShop2/ProjetDecouverte/Content/04_Props/SM_Couche/SM_Couche03/SM_Couche03_Sphere_Part_7.uasset" 613
"../../../../../UnrealProject/WorkShop2/ProjetDecouverte/Content/04_Props/SM_Couche/SM_Couche03/SM_Couche03_Sphere_Part_6.uasset" 614
"../../../../../UnrealProject/WorkShop2/ProjetDecouverte/Content/04_Props/SM_Couche/SM_Couche15-Noyau/SM_Couche15_Noyau.uasset" 615
"../../../../../UnrealProject/WorkShop2/ProjetDecouverte/Content/04_Props/SM_Couche/SM_Couche13/SM_Couche13_Sphere_Part_8.uasset" 616
"../../../../../UnrealProject/WorkShop2/ProjetDecouverte/Content/04_Props/SM_Couche/SM_Couche13/SM_Couche13_Sphere_Part_7.uasset" 617
"../../../../../UnrealProject/WorkShop2/ProjetDecouverte/Content/04_Props/SM_Couche/SM_Couche13/SM_Couche13_Sphere_Part_6.uasset" 618
"../../../../../UnrealProject/WorkShop2/ProjetDecouverte/Content/04_Props/SM_Couche/SM_Couche13/SM_Couche13_Sphere_Part_5.uasset" 619
"../../../../../UnrealProject/WorkShop2/ProjetDecouverte/Content/04_Props/SM_Couche/SM_Couche13/SM_Couche13_Sphere_Part_4.uasset" 620
"../../../../../UnrealProject/WorkShop2/ProjetDecouverte/Content/04_Props/SM_Couche/SM_Couche13/SM_Couche13_Sphere_Part_20.uasset" 621
"../../../../../UnrealProject/WorkShop2/ProjetDecouverte/Content/04_Props/SM_Couche/SM_Couche13/SM_Couche13_Sphere_Part_2.uasset" 622
"../../../../../UnrealProject/WorkShop2/ProjetDecouverte/Content/04_Props/SM_Couche/SM_Couche13/SM_Couche13_Sphere_Part_19.uasset" 623
"../../../../../UnrealProject/WorkShop2/ProjetDecouverte/Content/04_Props/SM_Couche/SM_Couche13/SM_Couche13_Sphere_Part_18.uasset" 624
"../../../../../UnrealProject/WorkShop2/ProjetDecouverte/Content/04_Props/SM_Couche/SM_Couche13/SM_Couche13_Sphere_Part_17.uasset" 625
"../../../../../UnrealProject/WorkShop2/ProjetDecouverte/Content/04_Props/SM_Couche/SM_Couche13/SM_Couche13_Sphere_Part_16.uasset" 626
"../../../../../UnrealProject/WorkShop2/ProjetDecouverte/Content/04_Props/SM_Couche/SM_Couche13/SM_Couche13_Sphere_Part_15.uasset" 627
"../../../../../UnrealProject/WorkShop2/ProjetDecouverte/Content/04_Props/SM_Couche/SM_Couche13/SM_Couche13_Sphere_Part_14.uasset" 628
"../../../../../UnrealProject/WorkShop2/ProjetDecouverte/Content/04_Props/SM_Couche/SM_Couche13/SM_Couche13_Sphere_Part_13.uasset" 629
"../../../../../UnrealProject/WorkShop2/ProjetDecouverte/Content/04_Props/SM_Couche/SM_Couche13/SM_Couche13_Sphere_Part_12.uasset" 630
"../../../../../UnrealProject/WorkShop2/ProjetDecouverte/Content/04_Props/SM_Couche/SM_Couche13/SM_Couche13_Sphere_Part_11.uasset" 631
"../../../../../UnrealProject/WorkShop2/ProjetDecouverte/Content/04_Props/SM_Couche/SM_Couche13/SM_Couche13_Sphere_Part_10.uasset" 632
"../../../../../UnrealProject/WorkShop2/ProjetDecouverte/Content/04_Props/SM_Couche/SM_Couche13/SM_Couche13_Sphere_Part_1.uasset" 633
"../../../../../UnrealProject/WorkShop2/ProjetDecouverte/Content/04_Props/SM_Couche/SM_Couche11/SM_Couche11_Sphere_Part_8.uasset" 634
"../../../../../UnrealProject/WorkShop2/ProjetDecouverte/Content/04_Props/SM_Couche/SM_Couche11/SM_Couche11_Sphere_Part_7.uasset" 635
"../../../../../UnrealProject/WorkShop2/ProjetDecouverte/Content/04_Props/SM_Couche/SM_Couche11/SM_Couche11_Sphere_Part_6.uasset" 636
"../../../../../UnrealProject/WorkShop2/ProjetDecouverte/Content/04_Props/SM_Couche/SM_Couche11/SM_Couche11_Sphere_Part_5.uasset" 637
"../../../../../UnrealProject/WorkShop2/ProjetDecouverte/Content/04_Props/SM_Couche/SM_Couche11/SM_Couche11_Sphere_Part_4.uasset" 638
"../../../../../UnrealProject/WorkShop2/ProjetDecouverte/Content/04_Props/Poubelle/Planet_10/planete_10_Sphere001_Part_9.uasset" 639
"../../../../../UnrealProject/WorkShop2/ProjetDecouverte/Content/04_Props/Poubelle/Planet_10/planete_10_Sphere001_Part_8.uasset" 640
"../../../../../UnrealProject/WorkShop2/ProjetDecouverte/Content/04_Props/Poubelle/Planet_10/planete_10_Sphere001_Part_7.uasset" 641
"../../../../../UnrealProject/WorkShop2/ProjetDecouverte/Content/04_Props/Poubelle/Planet_10/planete_10_Sphere001_Part_6.uasset" 642
"../../../../../UnrealProject/WorkShop2/ProjetDecouverte/Content/04_Props/Poubelle/Planet_10/planete_10_Sphere001_Part_5.uasset" 643
"../../../../../UnrealProject/WorkShop2/ProjetDecouverte/Content/04_Props/Poubelle/Planet_10/planete_10_Sphere001_Part_4.uasset" 644
"../../../../../UnrealProject/WorkShop2/ProjetDecouverte/Content/04_Props/Poubelle/Planet_10/planete_10_Sphere001_Part_3.uasset" 645
"../../../../../UnrealProject/WorkShop2/ProjetDecouverte/Content/04_Props/Poubelle/Planet_10/planete_10_Sphere001_Part_2.uasset" 646
"../../../../../UnrealProject/WorkShop2/ProjetDecouverte/Content/04_Props/Poubelle/Planet_10/planete_10_Sphere001_Part_16.uasset" 647
"../../../../../UnrealProject/WorkShop2/ProjetDecouverte/Content/04_Props/Poubelle/Planet_10/planete_10_Sphere001_Part_15.uasset" 648
"../../../../../UnrealProject/WorkShop2/ProjetDecouverte/Content/04_Props/Poubelle/Planet_10/planete_10_Sphere001_Part_14.uasset" 649
"../../../../../UnrealProject/WorkShop2/ProjetDecouverte/Content/04_Props/Poubelle/Planet_10/planete_10_Sphere001_Part_13.uasset" 650
"../../../../../UnrealProject/WorkShop2/ProjetDecouverte/Content/04_Props/Poubelle/Planet_10/planete_10_Sphere001_Part_12.uasset" 651
"../../../../../UnrealProject/WorkShop2/ProjetDecouverte/Content/04_Props/Poubelle/Planet_10/planete_10_Sphere001_Part_11.uasset" 652
"../../../../../UnrealProject/WorkShop2/ProjetDecouverte/Content/04_Props/Poubelle/Planet_10/planete_10_Sphere001_Part_10.uasset" 653
"../../../../../UnrealProject/WorkShop2/ProjetDecouverte/Content/04_Props/Poubelle/Planet_10/planete_10_Sphere001_Part_1.uasset" 654
"../../../../../UnrealProject/WorkShop2/ProjetDecouverte/Content/04_Props/SM_Couche/SM_Couche03/SM_Couche03_Sphere_Part_5.uasset" 655
"../../../../../UnrealProject/WorkShop2/ProjetDecouverte/Content/04_Props/SM_Couche/SM_Couche03/SM_Couche03_Sphere_Part_4.uasset" 656
"../../../../../UnrealProject/WorkShop2/ProjetDecouverte/Content/04_Props/SM_Couche/SM_Couche03/SM_Couche03_Sphere_Part_3.uasset" 657
"../../../../../UnrealProject/WorkShop2/ProjetDecouverte/Content/04_Props/SM_Couche/SM_Couche03/SM_Couche03_Sphere_Part_2.uasset" 658
"../../../../../UnrealProject/WorkShop2/ProjetDecouverte/Content/04_Props/SM_Couche/SM_Couche03/SM_Couche03_Sphere_Part_14.uasset" 659
"../../../../../UnrealProject/WorkShop2/ProjetDecouverte/Content/04_Props/SM_Couche/SM_Couche03/SM_Couche03_Sphere_Part_13.uasset" 660
"../../../../../UnrealProject/WorkShop2/ProjetDecouverte/Content/04_Props/SM_Couche/SM_Couche03/SM_Couche03_Sphere_Part_12.uasset" 661
"../../../../../UnrealProject/WorkShop2/ProjetDecouverte/Content/04_Props/SM_Couche/SM_Couche03/SM_Couche03_Sphere_Part_11.uasset" 662
"../../../../../UnrealProject/WorkShop2/ProjetDecouverte/Content/04_Props/SM_Couche/SM_Couche03/SM_Couche03_Sphere_Part_10.uasset" 663
"../../../../../UnrealProject/WorkShop2/ProjetDecouverte/Content/04_Props/SM_Couche/SM_Couche03/SM_Couche03_Sphere_Part_1.uasset" 664
"../../../../../UnrealProject/WorkShop2/ProjetDecouverte/Content/04_Props/SM_Couche/SM_Couche02/SM_Couche02_Sphere_Part_9.uasset" 665
"../../../../../UnrealProject/WorkShop2/ProjetDecouverte/Content/04_Props/SM_Couche/SM_Couche02/SM_Couche02_Sphere_Part_8.uasset" 666
"../../../../../UnrealProject/WorkShop2/ProjetDecouverte/Content/04_Props/SM_Couche/SM_Couche02/SM_Couche02_Sphere_Part_7.uasset" 667
"../../../../../UnrealProject/WorkShop2/ProjetDecouverte/Content/04_Props/SM_Couche/SM_Couche02/SM_Couche02_Sphere_Part_6.uasset" 668
"../../../../../UnrealProject/WorkShop2/ProjetDecouverte/Content/04_Props/SM_Couche/SM_Couche02/SM_Couche02_Sphere_Part_5.uasset" 669
"../../../../../UnrealProject/WorkShop2/ProjetDecouverte/Content/04_Props/SM_Couche/SM_Couche02/SM_Couche02_Sphere_Part_4.uasset" 670
"../../../../../UnrealProject/WorkShop2/ProjetDecouverte/Content/04_Props/SM_Couche/SM_Couche02/SM_Couche02_Sphere_Part_3.uasset" 671
"../../../../../UnrealProject/WorkShop2/ProjetDecouverte/Content/04_Props/SM_Couche/SM_Couche02/SM_Couche02_Sphere_Part_2.uasset" 672
"../../../../../UnrealProject/WorkShop2/ProjetDecouverte/Content/04_Props/SM_Couche/SM_Couche02/SM_Couche02_Sphere_Part_13.uasset" 673
"../../../../../UnrealProject/WorkShop2/ProjetDecouverte/Content/04_Props/SM_Couche/SM_Couche02/SM_Couche02_Sphere_Part_12.uasset" 674
"../../../../../UnrealProject/WorkShop2/ProjetDecouverte/Content/04_Props/SM_Couche/SM_Couche02/SM_Couche02_Sphere_Part_11.uasset" 675
"../../../../../UnrealProject/WorkShop2/ProjetDecouverte/Content/04_Props/SM_Couche/SM_Couche02/SM_Couche02_Sphere_Part_10.uasset" 676
"../../../../../UnrealProject/WorkShop2/ProjetDecouverte/Content/04_Props/SM_Couche/SM_Couche02/SM_Couche02_Sphere_Part_1.uasset" 677
"../../../../../UnrealProject/WorkShop2/ProjetDecouverte/Content/04_Props/SM_Couche/SM_Couche01/SM_Couche01_Sphere_Part_9.uasset" 678
"../../../../../UnrealProject/WorkShop2/ProjetDecouverte/Content/04_Props/SM_Couche/SM_Couche01/SM_Couche01_Sphere_Part_8.uasset" 679
"../../../../../UnrealProject/WorkShop2/ProjetDecouverte/Content/04_Props/SM_Couche/SM_Couche01/SM_Couche01_Sphere_Part_7.uasset" 680
"../../../../../UnrealProject/WorkShop2/ProjetDecouverte/Content/04_Props/SM_Couche/SM_Couche01/SM_Couche01_Sphere_Part_6.uasset" 681
"../../../../../UnrealProject/WorkShop2/ProjetDecouverte/Content/04_Props/SM_Couche/SM_Couche01/SM_Couche01_Sphere_Part_5.uasset" 682
"../../../../../UnrealProject/WorkShop2/ProjetDecouverte/Content/04_Props/SM_Couche/SM_Couche01/SM_Couche01_Sphere_Part_4.uasset" 683
"../../../../../UnrealProject/WorkShop2/ProjetDecouverte/Content/04_Props/SM_Couche/SM_Couche01/SM_Couche01_Sphere_Part_3.uasset" 684
"../../../../../UnrealProject/WorkShop2/ProjetDecouverte/Content/04_Props/SM_Couche/SM_Couche01/SM_Couche01_Sphere_Part_2.uasset" 685
"../../../../../UnrealProject/WorkShop2/ProjetDecouverte/Content/04_Props/SM_Couche/SM_Couche01/SM_Couche01_Sphere_Part_12.uasset" 686
"../../../../../UnrealProject/WorkShop2/ProjetDecouverte/Content/04_Props/SM_Couche/SM_Couche01/SM_Couche01_Sphere_Part_11.uasset" 687
"../../../../../UnrealProject/WorkShop2/ProjetDecouverte/Content/04_Props/SM_Couche/SM_Couche01/SM_Couche01_Sphere_Part_10.uasset" 688
"../../../../../UnrealProject/WorkShop2/ProjetDecouverte/Content/06_SFX/MySoundMix.uasset" 689
"../../../../../UnrealProject/WorkShop2/ProjetDecouverte/Content/06_SFX/MyMusic.uasset" 690
"../../../../../UnrealProject/WorkShop2/ProjetDecouverte/Content/06_SFX/MyMaster.uasset" 691
"../../../../../UnrealProject/WorkShop2/ProjetDecouverte/Content/06_SFX/MySFX.uasset" 692
"../../../../../UnrealProject/WorkShop2/ProjetDecouverte/Content/03_Widget/00_Textures/Parametre_icon.uasset" 693
"../../../../../UnrealProject/WorkShop2/ProjetDecouverte/Content/03_Widget/WBP_Parametters.uasset" 694
"../../../../../UnrealProject/WorkShop2/ProjetDecouverte/Content/03_Widget/WBP_Inventory.uasset" 695
"../../../../../UnrealProject/WorkShop2/ProjetDecouverte/Content/02_Materials/M_Grey.uasset" 696
"../../../../../UnrealProject/WorkShop2/ProjetDecouverte/Content/04_Props/SM_Couche/SM_Couche01/SM_Couche01_Sphere_Part_1.uasset" 697
"../../../../../UnrealProject/WorkShop2/ProjetDecouverte/Content/00_Levels/TestLevel03_Julien_BuiltData.uasset" 698
"../../../../../UnrealProject/WorkShop2/ProjetDecouverte/Content/04_Props/SM_Couche/SM_Couche05_Eau/SM_Couche05_Eau.uasset" 699
"../../../../../UnrealProject/WorkShop2/ProjetDecouverte/Content/04_Props/Poubelle/Planet_01/02_-_Default.uasset" 700
"../../../../../UnrealProject/WorkShop2/ProjetDecouverte/Content/04_Props/Poubelle/Planet_01/planete_01__2__Sphere001_Part_9.uasset" 701
"../../../../../UnrealProject/WorkShop2/ProjetDecouverte/Content/04_Props/Poubelle/Planet_01/planete_01__2__Sphere001_Part_8.uasset" 702
"../../../../../UnrealProject/WorkShop2/ProjetDecouverte/Content/04_Props/Poubelle/Planet_01/planete_01__2__Sphere001_Part_7.uasset" 703
"../../../../../UnrealProject/WorkShop2/ProjetDecouverte/Content/04_Props/Poubelle/Planet_01/planete_01__2__Sphere001_Part_6.uasset" 704
"../../../../../UnrealProject/WorkShop2/ProjetDecouverte/Content/04_Props/Poubelle/Planet_01/planete_01__2__Sphere001_Part_5.uasset" 705
"../../../../../UnrealProject/WorkShop2/ProjetDecouverte/Content/04_Props/Poubelle/Planet_01/planete_01__2__Sphere001_Part_4.uasset" 706
"../../../../../UnrealProject/WorkShop2/ProjetDecouverte/Content/04_Props/Poubelle/Planet_01/planete_01__2__Sphere001_Part_3.uasset" 707
"../../../../../UnrealProject/WorkShop2/ProjetDecouverte/Content/04_Props/Poubelle/Planet_01/planete_01__2__Sphere001_Part_20.uasset" 708
"../../../../../UnrealProject/WorkShop2/ProjetDecouverte/Content/04_Props/Poubelle/Planet_01/planete_01__2__Sphere001_Part_2.uasset" 709
"../../../../../UnrealProject/WorkShop2/ProjetDecouverte/Content/04_Props/Poubelle/Planet_01/planete_01__2__Sphere001_Part_19.uasset" 710
"../../../../../UnrealProject/WorkShop2/ProjetDecouverte/Content/04_Props/Poubelle/Planet_01/planete_01__2__Sphere001_Part_18.uasset" 711
"../../../../../UnrealProject/WorkShop2/ProjetDecouverte/Content/04_Props/Poubelle/Planet_01/planete_01__2__Sphere001_Part_17.uasset" 712
"../../../../../UnrealProject/WorkShop2/ProjetDecouverte/Content/04_Props/Poubelle/Planet_01/planete_01__2__Sphere001_Part_16.uasset" 713
"../../../../../UnrealProject/WorkShop2/ProjetDecouverte/Content/04_Props/Poubelle/Planet_01/planete_01__2__Sphere001_Part_15.uasset" 714
"../../../../../UnrealProject/WorkShop2/ProjetDecouverte/Content/04_Props/Poubelle/Planet_01/planete_01__2__Sphere001_Part_14.uasset" 715
"../../../../../UnrealProject/WorkShop2/ProjetDecouverte/Content/04_Props/Poubelle/Planet_01/planete_01__2__Sphere001_Part_13.uasset" 716
"../../../../../UnrealProject/WorkShop2/ProjetDecouverte/Content/04_Props/Poubelle/Planet_01/planete_01__2__Sphere001_Part_12.uasset" 717
"../../../../../UnrealProject/WorkShop2/ProjetDecouverte/Content/04_Props/Poubelle/Planet_01/planete_01__2__Sphere001_Part_11.uasset" 718
"../../../../../UnrealProject/WorkShop2/ProjetDecouverte/Content/04_Props/Poubelle/Planet_01/planete_01__2__Sphere001_Part_10.uasset" 719
"../../../../../UnrealProject/WorkShop2/ProjetDecouverte/Content/04_Props/Poubelle/Planet_01/planete_01__2__Sphere001_Part_1.uasset" 720
"../../../../../UnrealProject/WorkShop2/ProjetDecouverte/Content/03_Widget/WBP_Tools.uasset" 721
"../../../../../UnrealProject/WorkShop2/ProjetDecouverte/Content/03_Widget/00_Textures/achievement_icon.uasset" 722
"../../../../../UnrealProject/WorkShop2/ProjetDecouverte/Content/03_Widget/WBP_Achievment.uasset" 723
"../../../../../UnrealProject/WorkShop2/ProjetDecouverte/Content/05_Textures/T_Noyau/T_Noyau_normal.uasset" 724
"../../../../../UnrealProject/WorkShop2/ProjetDecouverte/Content/05_Textures/T_Noyau/T_Noyau_MRAO.uasset" 725
"../../../../../UnrealProject/WorkShop2/ProjetDecouverte/Content/05_Textures/T_Noyau/T_Noyau_basecolor.uasset" 726
"../../../../../UnrealProject/WorkShop2/ProjetDecouverte/Content/05_Textures/T_Emissive/T_Noyauv4.uasset" 727
"../../../../../UnrealProject/WorkShop2/ProjetDecouverte/Content/02_Materials/M_Planet/inst/Resssources/M_Noyau_inst.uasset" 728
"../../../../../UnrealProject/WorkShop2/ProjetDecouverte/Content/03_Widget/WBP_ToolShop.uasset" 729
"../../../../../UnrealProject/WorkShop2/ProjetDecouverte/Content/03_Widget/00_Textures/cristal_icon.uasset" 730
"../../../../../UnrealProject/WorkShop2/ProjetDecouverte/Content/03_Widget/WBP_Materials.uasset" 731
"../../../../../UnrealProject/WorkShop2/ProjetDecouverte/Content/02_Materials/M_Orange.uasset" 732
"../../../../../UnrealProject/WorkShop2/ProjetDecouverte/Content/02_Materials/M_Green.uasset" 733
"../../../../../UnrealProject/WorkShop2/ProjetDecouverte/Content/02_Materials/M_Black.uasset" 734
"../../../../../UnrealProject/WorkShop2/ProjetDecouverte/Content/Menu/Materiaux/360_F_204422570_i18zbp8KxwWi7pfHNP8JFMTfOdgFoHzN.uasset" 735
"../../../../../UnrealProject/WorkShop2/ProjetDecouverte/Content/Menu/Materiaux/stars.uasset" 736
"../../../../../UnrealProject/WorkShop2/ProjetDecouverte/Content/Menu/Materiaux/Sans_titre-1.uasset" 737
"../../../Engine/Content/Functions/Engine_MaterialFunctions01/Gradient/LinearGradient.uasset" 738
"../../../Engine/Content/Functions/Engine_MaterialFunctions01/ImageAdjustment/CheapContrast.uasset" 739
"../../../../../UnrealProject/WorkShop2/ProjetDecouverte/Content/Menu/Materiaux/nebuslo1.uasset" 740
"../../../Engine/Content/BasicShapes/Plane.uasset" 741
"../../../../../UnrealProject/WorkShop2/ProjetDecouverte/Content/00_Levels/TestLevel03_Julien.umap" 742
