"../../../../../UnrealProject/ProjetDecouverte/Content/01_Blueprints/GMBP_Clicker.uasset" 0
"../../../../../UnrealProject/ProjetDecouverte/Content/05_Textures/T_Checker.uasset" 1
"../../../../../UnrealProject/ProjetDecouverte/Content/02_Materials/M_Checker.uasset" 2
"../../../../../UnrealProject/ProjetDecouverte/Content/04_Props/Planet_01/02_-_Default.uasset" 3
"../../../../../UnrealProject/ProjetDecouverte/Content/04_Props/Planet_01/planete_01__2__Sphere001_Part_1.uasset" 4
"../../../../../UnrealProject/ProjetDecouverte/Content/04_Props/planete_01__2__Sphere001_Part_1.uasset" 5
"../../../../../UnrealProject/ProjetDecouverte/Content/04_Props/Planet_01/planete_01__2__Sphere001_Part_10.uasset" 6
"../../../../../UnrealProject/ProjetDecouverte/Content/04_Props/planete_01__2__Sphere001_Part_10.uasset" 7
"../../../../../UnrealProject/ProjetDecouverte/Content/04_Props/Planet_01/planete_01__2__Sphere001_Part_11.uasset" 8
"../../../../../UnrealProject/ProjetDecouverte/Content/04_Props/planete_01__2__Sphere001_Part_11.uasset" 9
"../../../../../UnrealProject/ProjetDecouverte/Content/04_Props/Planet_01/planete_01__2__Sphere001_Part_12.uasset" 10
"../../../../../UnrealProject/ProjetDecouverte/Content/04_Props/planete_01__2__Sphere001_Part_12.uasset" 11
"../../../../../UnrealProject/ProjetDecouverte/Content/04_Props/Planet_01/planete_01__2__Sphere001_Part_13.uasset" 12
"../../../../../UnrealProject/ProjetDecouverte/Content/04_Props/planete_01__2__Sphere001_Part_13.uasset" 13
"../../../../../UnrealProject/ProjetDecouverte/Content/04_Props/Planet_01/planete_01__2__Sphere001_Part_14.uasset" 14
"../../../../../UnrealProject/ProjetDecouverte/Content/04_Props/planete_01__2__Sphere001_Part_14.uasset" 15
"../../../../../UnrealProject/ProjetDecouverte/Content/04_Props/Planet_01/planete_01__2__Sphere001_Part_15.uasset" 16
"../../../../../UnrealProject/ProjetDecouverte/Content/04_Props/planete_01__2__Sphere001_Part_15.uasset" 17
"../../../../../UnrealProject/ProjetDecouverte/Content/04_Props/Planet_01/planete_01__2__Sphere001_Part_16.uasset" 18
"../../../../../UnrealProject/ProjetDecouverte/Content/04_Props/planete_01__2__Sphere001_Part_16.uasset" 19
"../../../../../UnrealProject/ProjetDecouverte/Content/04_Props/Planet_01/planete_01__2__Sphere001_Part_17.uasset" 20
"../../../../../UnrealProject/ProjetDecouverte/Content/04_Props/planete_01__2__Sphere001_Part_17.uasset" 21
"../../../../../UnrealProject/ProjetDecouverte/Content/04_Props/Planet_01/planete_01__2__Sphere001_Part_18.uasset" 22
"../../../../../UnrealProject/ProjetDecouverte/Content/04_Props/planete_01__2__Sphere001_Part_18.uasset" 23
"../../../../../UnrealProject/ProjetDecouverte/Content/04_Props/Planet_01/planete_01__2__Sphere001_Part_19.uasset" 24
"../../../../../UnrealProject/ProjetDecouverte/Content/04_Props/planete_01__2__Sphere001_Part_19.uasset" 25
"../../../../../UnrealProject/ProjetDecouverte/Content/04_Props/Planet_01/planete_01__2__Sphere001_Part_2.uasset" 26
"../../../../../UnrealProject/ProjetDecouverte/Content/04_Props/planete_01__2__Sphere001_Part_2.uasset" 27
"../../../../../UnrealProject/ProjetDecouverte/Content/04_Props/Planet_01/planete_01__2__Sphere001_Part_20.uasset" 28
"../../../../../UnrealProject/ProjetDecouverte/Content/04_Props/planete_01__2__Sphere001_Part_20.uasset" 29
"../../../../../UnrealProject/ProjetDecouverte/Content/04_Props/Planet_01/planete_01__2__Sphere001_Part_3.uasset" 30
"../../../../../UnrealProject/ProjetDecouverte/Content/04_Props/planete_01__2__Sphere001_Part_3.uasset" 31
"../../../../../UnrealProject/ProjetDecouverte/Content/04_Props/Planet_01/planete_01__2__Sphere001_Part_4.uasset" 32
"../../../../../UnrealProject/ProjetDecouverte/Content/04_Props/planete_01__2__Sphere001_Part_4.uasset" 33
"../../../../../UnrealProject/ProjetDecouverte/Content/04_Props/Planet_01/planete_01__2__Sphere001_Part_5.uasset" 34
"../../../../../UnrealProject/ProjetDecouverte/Content/04_Props/planete_01__2__Sphere001_Part_5.uasset" 35
"../../../../../UnrealProject/ProjetDecouverte/Content/04_Props/Planet_01/planete_01__2__Sphere001_Part_6.uasset" 36
"../../../../../UnrealProject/ProjetDecouverte/Content/04_Props/planete_01__2__Sphere001_Part_6.uasset" 37
"../../../../../UnrealProject/ProjetDecouverte/Content/04_Props/Planet_01/planete_01__2__Sphere001_Part_7.uasset" 38
"../../../../../UnrealProject/ProjetDecouverte/Content/04_Props/planete_01__2__Sphere001_Part_7.uasset" 39
"../../../../../UnrealProject/ProjetDecouverte/Content/04_Props/Planet_01/planete_01__2__Sphere001_Part_8.uasset" 40
"../../../../../UnrealProject/ProjetDecouverte/Content/04_Props/planete_01__2__Sphere001_Part_8.uasset" 41
"../../../../../UnrealProject/ProjetDecouverte/Content/04_Props/Planet_01/planete_01__2__Sphere001_Part_9.uasset" 42
"../../../../../UnrealProject/ProjetDecouverte/Content/04_Props/planete_01__2__Sphere001_Part_9.uasset" 43
"../../../../../UnrealProject/ProjetDecouverte/Content/04_Props/Planet01/planete_01.uasset" 44
"../../../../../UnrealProject/ProjetDecouverte/Content/04_Props/Planet01/02_-_Default.uasset" 45
"../../../../../UnrealProject/ProjetDecouverte/Content/04_Props/Planet01/Sphere001_Part_9.uasset" 46
"../../../../../UnrealProject/ProjetDecouverte/Content/04_Props/Planet01/Sphere001_Part_8.uasset" 47
"../../../../../UnrealProject/ProjetDecouverte/Content/04_Props/Planet01/Sphere001_Part_7.uasset" 48
"../../../../../UnrealProject/ProjetDecouverte/Content/04_Props/Planet01/Sphere001_Part_6.uasset" 49
"../../../../../UnrealProject/ProjetDecouverte/Content/04_Props/Planet01/Sphere001_Part_5.uasset" 50
"../../../../../UnrealProject/ProjetDecouverte/Content/04_Props/Planet01/Sphere001_Part_4.uasset" 51
"../../../../../UnrealProject/ProjetDecouverte/Content/04_Props/Planet01/Sphere001_Part_3.uasset" 52
"../../../../../UnrealProject/ProjetDecouverte/Content/04_Props/Planet01/Sphere001_Part_20.uasset" 53
"../../../../../UnrealProject/ProjetDecouverte/Content/04_Props/Planet01/Sphere001_Part_2.uasset" 54
"../../../../../UnrealProject/ProjetDecouverte/Content/04_Props/Planet01/Sphere001_Part_19.uasset" 55
"../../../../../UnrealProject/ProjetDecouverte/Content/04_Props/Planet01/Sphere001_Part_18.uasset" 56
"../../../../../UnrealProject/ProjetDecouverte/Content/04_Props/Planet01/Sphere001_Part_17.uasset" 57
"../../../../../UnrealProject/ProjetDecouverte/Content/04_Props/Planet01/Sphere001_Part_16.uasset" 58
"../../../../../UnrealProject/ProjetDecouverte/Content/04_Props/Planet01/Sphere001_Part_15.uasset" 59
"../../../../../UnrealProject/ProjetDecouverte/Content/04_Props/Planet01/Sphere001_Part_14.uasset" 60
"../../../../../UnrealProject/ProjetDecouverte/Content/04_Props/Planet01/Sphere001_Part_13.uasset" 61
"../../../../../UnrealProject/ProjetDecouverte/Content/04_Props/Planet01/Sphere001_Part_12.uasset" 62
"../../../../../UnrealProject/ProjetDecouverte/Content/04_Props/Planet01/Sphere001_Part_11.uasset" 63
"../../../../../UnrealProject/ProjetDecouverte/Content/04_Props/Planet01/Sphere001_Part_10.uasset" 64
"../../../../../UnrealProject/ProjetDecouverte/Content/04_Props/Planet01/Sphere001_Part_1.uasset" 65
"../../../../../UnrealProject/ProjetDecouverte/Content/04_Props/Planet01/FbxScene_planete_01.uasset" 66
"../../../../../UnrealProject/ProjetDecouverte/Content/04_Props/Planet_02/02_-_Default.uasset" 67
"../../../../../UnrealProject/ProjetDecouverte/Content/04_Props/Planet_02/planete_02_Sphere001_Part_1.uasset" 68
"../../../../../UnrealProject/ProjetDecouverte/Content/04_Props/Planet_02/planete_02_Sphere001_Part_10.uasset" 69
"../../../../../UnrealProject/ProjetDecouverte/Content/04_Props/Planet_02/planete_02_Sphere001_Part_11.uasset" 70
"../../../../../UnrealProject/ProjetDecouverte/Content/04_Props/Planet_02/planete_02_Sphere001_Part_12.uasset" 71
"../../../../../UnrealProject/ProjetDecouverte/Content/04_Props/Planet_02/planete_02_Sphere001_Part_13.uasset" 72
"../../../../../UnrealProject/ProjetDecouverte/Content/04_Props/Planet_02/planete_02_Sphere001_Part_14.uasset" 73
"../../../../../UnrealProject/ProjetDecouverte/Content/04_Props/Planet_02/planete_02_Sphere001_Part_15.uasset" 74
"../../../../../UnrealProject/ProjetDecouverte/Content/04_Props/Planet_02/planete_02_Sphere001_Part_16.uasset" 75
"../../../../../UnrealProject/ProjetDecouverte/Content/04_Props/Planet_02/planete_02_Sphere001_Part_17.uasset" 76
"../../../../../UnrealProject/ProjetDecouverte/Content/04_Props/Planet_02/planete_02_Sphere001_Part_18.uasset" 77
"../../../../../UnrealProject/ProjetDecouverte/Content/04_Props/Planet_02/planete_02_Sphere001_Part_19.uasset" 78
"../../../../../UnrealProject/ProjetDecouverte/Content/04_Props/Planet_02/planete_02_Sphere001_Part_2.uasset" 79
"../../../../../UnrealProject/ProjetDecouverte/Content/04_Props/Planet_02/planete_02_Sphere001_Part_20.uasset" 80
"../../../../../UnrealProject/ProjetDecouverte/Content/04_Props/Planet_02/planete_02_Sphere001_Part_4.uasset" 81
"../../../../../UnrealProject/ProjetDecouverte/Content/04_Props/Planet_02/planete_02_Sphere001_Part_5.uasset" 82
"../../../../../UnrealProject/ProjetDecouverte/Content/04_Props/Planet_02/planete_02_Sphere001_Part_6.uasset" 83
"../../../../../UnrealProject/ProjetDecouverte/Content/04_Props/Planet_02/planete_02_Sphere001_Part_7.uasset" 84
"../../../../../UnrealProject/ProjetDecouverte/Content/04_Props/Planet_02/planete_02_Sphere001_Part_8.uasset" 85
"../../../../../UnrealProject/ProjetDecouverte/Content/04_Props/Planet_02/planete_02_Sphere001_Part_9.uasset" 86
"../../../Engine/Content/EngineMaterials/T_Default_Material_Grid_N.uasset" 87
"../../../Engine/Content/EngineMaterials/T_Default_Material_Grid_M.uasset" 88
"../../../Engine/Content/Functions/Engine_MaterialFunctions01/Opacity/CameraDepthFade.uasset" 89
"../../../Engine/Content/EngineMaterials/WorldGridMaterial.uasset" 90
"../../../../../UnrealProject/ProjetDecouverte/Content/04_Props/Planet_04/planete_04_Sphere001_Part_1.uasset" 91
"../../../../../UnrealProject/ProjetDecouverte/Content/04_Props/Planet_04/planete_04_Sphere001_Part_10.uasset" 92
"../../../../../UnrealProject/ProjetDecouverte/Content/04_Props/Planet_04/planete_04_Sphere001_Part_11.uasset" 93
"../../../../../UnrealProject/ProjetDecouverte/Content/04_Props/Planet_04/planete_04_Sphere001_Part_12.uasset" 94
"../../../../../UnrealProject/ProjetDecouverte/Content/04_Props/Planet_04/planete_04_Sphere001_Part_13.uasset" 95
"../../../../../UnrealProject/ProjetDecouverte/Content/04_Props/Planet_04/planete_04_Sphere001_Part_14.uasset" 96
"../../../../../UnrealProject/ProjetDecouverte/Content/04_Props/Planet_04/planete_04_Sphere001_Part_15.uasset" 97
"../../../../../UnrealProject/ProjetDecouverte/Content/04_Props/Planet_04/planete_04_Sphere001_Part_16.uasset" 98
"../../../../../UnrealProject/ProjetDecouverte/Content/04_Props/Planet_04/planete_04_Sphere001_Part_17.uasset" 99
"../../../../../UnrealProject/ProjetDecouverte/Content/04_Props/Planet_04/planete_04_Sphere001_Part_18.uasset" 100
"../../../../../UnrealProject/ProjetDecouverte/Content/04_Props/Planet_04/planete_04_Sphere001_Part_19.uasset" 101
"../../../../../UnrealProject/ProjetDecouverte/Content/04_Props/Planet_04/planete_04_Sphere001_Part_2.uasset" 102
"../../../../../UnrealProject/ProjetDecouverte/Content/04_Props/Planet_04/planete_04_Sphere001_Part_20.uasset" 103
"../../../../../UnrealProject/ProjetDecouverte/Content/04_Props/Planet_04/planete_04_Sphere001_Part_3.uasset" 104
"../../../../../UnrealProject/ProjetDecouverte/Content/04_Props/Planet_04/planete_04_Sphere001_Part_4.uasset" 105
"../../../../../UnrealProject/ProjetDecouverte/Content/04_Props/Planet_04/planete_04_Sphere001_Part_5.uasset" 106
"../../../../../UnrealProject/ProjetDecouverte/Content/04_Props/Planet_04/planete_04_Sphere001_Part_7.uasset" 107
"../../../../../UnrealProject/ProjetDecouverte/Content/04_Props/Planet_04/planete_04_Sphere001_Part_8.uasset" 108
"../../../../../UnrealProject/ProjetDecouverte/Content/04_Props/Planet_06/planete_06_Sphere001_Part_1.uasset" 109
"../../../../../UnrealProject/ProjetDecouverte/Content/04_Props/Planet_06/planete_06_Sphere001_Part_10.uasset" 110
"../../../../../UnrealProject/ProjetDecouverte/Content/04_Props/Planet_06/planete_06_Sphere001_Part_11.uasset" 111
"../../../../../UnrealProject/ProjetDecouverte/Content/04_Props/Planet_06/planete_06_Sphere001_Part_12.uasset" 112
"../../../../../UnrealProject/ProjetDecouverte/Content/04_Props/Planet_06/planete_06_Sphere001_Part_13.uasset" 113
"../../../../../UnrealProject/ProjetDecouverte/Content/04_Props/Planet_06/planete_06_Sphere001_Part_15.uasset" 114
"../../../../../UnrealProject/ProjetDecouverte/Content/04_Props/Planet_06/planete_06_Sphere001_Part_16.uasset" 115
"../../../../../UnrealProject/ProjetDecouverte/Content/04_Props/Planet_06/planete_06_Sphere001_Part_17.uasset" 116
"../../../../../UnrealProject/ProjetDecouverte/Content/04_Props/Planet_06/planete_06_Sphere001_Part_18.uasset" 117
"../../../../../UnrealProject/ProjetDecouverte/Content/04_Props/Planet_06/planete_06_Sphere001_Part_2.uasset" 118
"../../../../../UnrealProject/ProjetDecouverte/Content/04_Props/Planet_06/planete_06_Sphere001_Part_4.uasset" 119
"../../../../../UnrealProject/ProjetDecouverte/Content/04_Props/Planet_06/planete_06_Sphere001_Part_5.uasset" 120
"../../../../../UnrealProject/ProjetDecouverte/Content/04_Props/Planet_06/planete_06_Sphere001_Part_6.uasset" 121
"../../../../../UnrealProject/ProjetDecouverte/Content/04_Props/Planet_06/planete_06_Sphere001_Part_7.uasset" 122
"../../../../../UnrealProject/ProjetDecouverte/Content/04_Props/Planet_06/planete_06_Sphere001_Part_8.uasset" 123
"../../../../../UnrealProject/ProjetDecouverte/Content/04_Props/Planet_06/planete_06_Sphere001_Part_9.uasset" 124
"../../../../../UnrealProject/ProjetDecouverte/Content/04_Props/Planet_07/planete_07_Sphere001_Part_1.uasset" 125
"../../../../../UnrealProject/ProjetDecouverte/Content/04_Props/Planet_07/planete_07_Sphere001_Part_10.uasset" 126
"../../../../../UnrealProject/ProjetDecouverte/Content/04_Props/Planet_07/planete_07_Sphere001_Part_12.uasset" 127
"../../../../../UnrealProject/ProjetDecouverte/Content/04_Props/Planet_07/planete_07_Sphere001_Part_13.uasset" 128
"../../../../../UnrealProject/ProjetDecouverte/Content/04_Props/Planet_07/planete_07_Sphere001_Part_14.uasset" 129
"../../../../../UnrealProject/ProjetDecouverte/Content/04_Props/Planet_07/planete_07_Sphere001_Part_15.uasset" 130
"../../../../../UnrealProject/ProjetDecouverte/Content/04_Props/Planet_07/planete_07_Sphere001_Part_16.uasset" 131
"../../../../../UnrealProject/ProjetDecouverte/Content/04_Props/Planet_07/planete_07_Sphere001_Part_17.uasset" 132
"../../../../../UnrealProject/ProjetDecouverte/Content/04_Props/Planet_07/planete_07_Sphere001_Part_18.uasset" 133
"../../../../../UnrealProject/ProjetDecouverte/Content/04_Props/Planet_07/planete_07_Sphere001_Part_19.uasset" 134
"../../../../../UnrealProject/ProjetDecouverte/Content/04_Props/Planet_07/planete_07_Sphere001_Part_2.uasset" 135
"../../../../../UnrealProject/ProjetDecouverte/Content/04_Props/Planet_07/planete_07_Sphere001_Part_20.uasset" 136
"../../../../../UnrealProject/ProjetDecouverte/Content/04_Props/Planet_07/planete_07_Sphere001_Part_21.uasset" 137
"../../../../../UnrealProject/ProjetDecouverte/Content/04_Props/Planet_07/planete_07_Sphere001_Part_3.uasset" 138
"../../../../../UnrealProject/ProjetDecouverte/Content/04_Props/Planet_07/planete_07_Sphere001_Part_4.uasset" 139
"../../../../../UnrealProject/ProjetDecouverte/Content/04_Props/Planet_07/planete_07_Sphere001_Part_5.uasset" 140
"../../../../../UnrealProject/ProjetDecouverte/Content/04_Props/Planet_07/planete_07_Sphere001_Part_6.uasset" 141
"../../../../../UnrealProject/ProjetDecouverte/Content/04_Props/Planet_07/planete_07_Sphere001_Part_7.uasset" 142
"../../../../../UnrealProject/ProjetDecouverte/Content/04_Props/Planet_07/planete_07_Sphere001_Part_8.uasset" 143
"../../../../../UnrealProject/ProjetDecouverte/Content/04_Props/Planet_07/planete_07_Sphere001_Part_9.uasset" 144
"../../../../../UnrealProject/ProjetDecouverte/Content/04_Props/Planet_08/planete_08_Sphere001_Part_10.uasset" 145
"../../../../../UnrealProject/ProjetDecouverte/Content/04_Props/Planet_08/planete_08_Sphere001_Part_11.uasset" 146
"../../../../../UnrealProject/ProjetDecouverte/Content/04_Props/Planet_08/planete_08_Sphere001_Part_12.uasset" 147
"../../../../../UnrealProject/ProjetDecouverte/Content/04_Props/Planet_08/planete_08_Sphere001_Part_13.uasset" 148
"../../../../../UnrealProject/ProjetDecouverte/Content/04_Props/Planet_08/planete_08_Sphere001_Part_14.uasset" 149
"../../../../../UnrealProject/ProjetDecouverte/Content/04_Props/Planet_08/planete_08_Sphere001_Part_15.uasset" 150
"../../../../../UnrealProject/ProjetDecouverte/Content/04_Props/Planet_08/planete_08_Sphere001_Part_16.uasset" 151
"../../../../../UnrealProject/ProjetDecouverte/Content/04_Props/Planet_08/planete_08_Sphere001_Part_17.uasset" 152
"../../../../../UnrealProject/ProjetDecouverte/Content/04_Props/Planet_08/planete_08_Sphere001_Part_18.uasset" 153
"../../../../../UnrealProject/ProjetDecouverte/Content/04_Props/Planet_08/planete_08_Sphere001_Part_2.uasset" 154
"../../../../../UnrealProject/ProjetDecouverte/Content/04_Props/Planet_08/planete_08_Sphere001_Part_3.uasset" 155
"../../../../../UnrealProject/ProjetDecouverte/Content/04_Props/Planet_08/planete_08_Sphere001_Part_4.uasset" 156
"../../../../../UnrealProject/ProjetDecouverte/Content/04_Props/Planet_08/planete_08_Sphere001_Part_5.uasset" 157
"../../../../../UnrealProject/ProjetDecouverte/Content/04_Props/Planet_08/planete_08_Sphere001_Part_6.uasset" 158
"../../../../../UnrealProject/ProjetDecouverte/Content/04_Props/Planet_08/planete_08_Sphere001_Part_7.uasset" 159
"../../../../../UnrealProject/ProjetDecouverte/Content/04_Props/Planet_08/planete_08_Sphere001_Part_8.uasset" 160
"../../../../../UnrealProject/ProjetDecouverte/Content/04_Props/Planet_08/planete_08_Sphere001_Part_9.uasset" 161
"../../../../../UnrealProject/ProjetDecouverte/Content/04_Props/Planet_11/planete_11_Sphere001_Part_1.uasset" 162
"../../../../../UnrealProject/ProjetDecouverte/Content/04_Props/Planet_11/planete_11_Sphere001_Part_10.uasset" 163
"../../../../../UnrealProject/ProjetDecouverte/Content/04_Props/Planet_11/planete_11_Sphere001_Part_11.uasset" 164
"../../../../../UnrealProject/ProjetDecouverte/Content/04_Props/Planet_11/planete_11_Sphere001_Part_12.uasset" 165
"../../../../../UnrealProject/ProjetDecouverte/Content/04_Props/Planet_11/planete_11_Sphere001_Part_13.uasset" 166
"../../../../../UnrealProject/ProjetDecouverte/Content/04_Props/Planet_11/planete_11_Sphere001_Part_14.uasset" 167
"../../../../../UnrealProject/ProjetDecouverte/Content/04_Props/Planet_11/planete_11_Sphere001_Part_15.uasset" 168
"../../../../../UnrealProject/ProjetDecouverte/Content/04_Props/Planet_11/planete_11_Sphere001_Part_3.uasset" 169
"../../../../../UnrealProject/ProjetDecouverte/Content/04_Props/Planet_11/planete_11_Sphere001_Part_4.uasset" 170
"../../../../../UnrealProject/ProjetDecouverte/Content/04_Props/Planet_11/planete_11_Sphere001_Part_5.uasset" 171
"../../../../../UnrealProject/ProjetDecouverte/Content/04_Props/Planet_11/planete_11_Sphere001_Part_6.uasset" 172
"../../../../../UnrealProject/ProjetDecouverte/Content/04_Props/Planet_11/planete_11_Sphere001_Part_7.uasset" 173
"../../../../../UnrealProject/ProjetDecouverte/Content/04_Props/Planet_11/planete_11_Sphere001_Part_8.uasset" 174
"../../../../../UnrealProject/ProjetDecouverte/Content/04_Props/Planet_11/planete_11_Sphere001_Part_9.uasset" 175
"../../../../../UnrealProject/ProjetDecouverte/Content/StarterContent/Materials/M_Basic_Wall.uasset" 176
"../../../../../UnrealProject/ProjetDecouverte/Content/destruction(test)/C_sfere.uasset" 177
"../../../../../UnrealProject/ProjetDecouverte/Content/destruction(test)/C_sfere_DM.uasset" 178
"../../../../../UnrealProject/ProjetDecouverte/Content/Menu/HUD/HUD_Menu.uasset" 179
"../../../../../UnrealProject/ProjetDecouverte/Content/StarterContent/Architecture/Pillar_50x500.uasset" 180
"../../../../../UnrealProject/ProjetDecouverte/Content/StarterContent/Architecture/Wall_400x300.uasset" 181
"../../../../../UnrealProject/ProjetDecouverte/Content/StarterContent/Architecture/Wall_400x400.uasset" 182
"../../../../../UnrealProject/ProjetDecouverte/Content/StarterContent/Architecture/Wall_500x500.uasset" 183
"../../../../../UnrealProject/ProjetDecouverte/Content/StarterContent/Architecture/Wall_Door_400x400.uasset" 184
"../../../../../UnrealProject/ProjetDecouverte/Content/StarterContent/Architecture/Wall_Window_400x400.uasset" 185
"../../../../../UnrealProject/ProjetDecouverte/Content/StarterContent/Audio/Collapse01.uasset" 186
"../../../../../UnrealProject/ProjetDecouverte/Content/StarterContent/Audio/Collapse02.uasset" 187
"../../../../../UnrealProject/ProjetDecouverte/Content/StarterContent/Audio/Explosion01.uasset" 188
"../../../../../UnrealProject/ProjetDecouverte/Content/StarterContent/Audio/Explosion02.uasset" 189
"../../../../../UnrealProject/ProjetDecouverte/Content/StarterContent/Audio/Fire01.uasset" 190
"../../../../../UnrealProject/ProjetDecouverte/Content/StarterContent/Audio/Fire_Sparks01.uasset" 191
"../../../../../UnrealProject/ProjetDecouverte/Content/StarterContent/Audio/Light01.uasset" 192
"../../../../../UnrealProject/ProjetDecouverte/Content/StarterContent/Audio/Light01_Cue.uasset" 193
"../../../../../UnrealProject/ProjetDecouverte/Content/StarterContent/Audio/Light02.uasset" 194
"../../../../../UnrealProject/ProjetDecouverte/Content/StarterContent/Audio/Light02_Cue.uasset" 195
"../../../../../UnrealProject/ProjetDecouverte/Content/StarterContent/Audio/Smoke01.uasset" 196
"../../../../../UnrealProject/ProjetDecouverte/Content/StarterContent/Audio/Starter_Birds01.uasset" 197
"../../../../../UnrealProject/ProjetDecouverte/Content/StarterContent/Audio/Starter_Music01.uasset" 198
"../../../../../UnrealProject/ProjetDecouverte/Content/StarterContent/Audio/Starter_Wind05.uasset" 199
"../../../../../UnrealProject/ProjetDecouverte/Content/StarterContent/Audio/Starter_Wind06.uasset" 200
"../../../../../UnrealProject/ProjetDecouverte/Content/StarterContent/Audio/Steam01.uasset" 201
"../../../../../UnrealProject/ProjetDecouverte/Content/StarterContent/Textures/T_Smoke_Tiled_D.uasset" 202
"../../../../../UnrealProject/ProjetDecouverte/Content/StarterContent/Textures/T_Smoke_SubUV.uasset" 203
"../../../../../UnrealProject/ProjetDecouverte/Content/StarterContent/Particles/Materials/M_smoke_subUV.uasset" 204
"../../../Engine/Content/Functions/Engine_MaterialFunctions01/Gradient/RadialGradient.uasset" 205
"../../../../../UnrealProject/ProjetDecouverte/Content/StarterContent/Particles/Materials/M_radial_ramp.uasset" 206
"../../../../../UnrealProject/ProjetDecouverte/Content/StarterContent/Particles/Materials/m_flare_01.uasset" 207
"../../../../../UnrealProject/ProjetDecouverte/Content/StarterContent/Textures/T_Explosion_SubUV.uasset" 208
"../../../../../UnrealProject/ProjetDecouverte/Content/StarterContent/Particles/Materials/M_explosion_subUV.uasset" 209
"../../../../../UnrealProject/ProjetDecouverte/Content/StarterContent/Textures/T_Burst_M.uasset" 210
"../../../../../UnrealProject/ProjetDecouverte/Content/StarterContent/Particles/Materials/M_Burst.uasset" 211
"../../../../../UnrealProject/ProjetDecouverte/Content/StarterContent/Particles/P_Explosion.uasset" 212
"../../../../../UnrealProject/ProjetDecouverte/Content/StarterContent/Audio/Explosion_Cue.uasset" 213
"../../../../../UnrealProject/ProjetDecouverte/Content/StarterContent/Blueprints/Blueprint_Effect_Explosion.uasset" 214
"../../../Engine/Content/EditorMeshes/ColorCalibrator/T_ColorGrid.uasset" 215
"../../../../../UnrealProject/ProjetDecouverte/Content/StarterContent/Materials/M_ColorGrid_LowSpec.uasset" 216
"../../../../../UnrealProject/ProjetDecouverte/Content/StarterContent/Textures/T_Bush_N.uasset" 217
"../../../../../UnrealProject/ProjetDecouverte/Content/StarterContent/Textures/T_Bush_D.uasset" 218
"../../../../../UnrealProject/ProjetDecouverte/Content/StarterContent/Props/Materials/M_Bush.uasset" 219
"../../../../../UnrealProject/ProjetDecouverte/Content/StarterContent/Props/SM_Bush.uasset" 220
"../../../../../UnrealProject/ProjetDecouverte/Content/StarterContent/Textures/T_Chair_N.uasset" 221
"../../../../../UnrealProject/ProjetDecouverte/Content/StarterContent/Textures/T_Chair_M.uasset" 222
"../../../../../UnrealProject/ProjetDecouverte/Content/StarterContent/Props/Materials/M_Chair.uasset" 223
"../../../../../UnrealProject/ProjetDecouverte/Content/StarterContent/Props/SM_Couch.uasset" 224
"../../../../../UnrealProject/ProjetDecouverte/Content/StarterContent/Textures/T_Door_N.uasset" 225
"../../../../../UnrealProject/ProjetDecouverte/Content/StarterContent/Textures/T_Door_M.uasset" 226
"../../../../../UnrealProject/ProjetDecouverte/Content/StarterContent/Props/Materials/M_Door.uasset" 227
"../../../../../UnrealProject/ProjetDecouverte/Content/StarterContent/Materials/M_Glass.uasset" 228
"../../../../../UnrealProject/ProjetDecouverte/Content/StarterContent/Props/SM_Door.uasset" 229
"../../../../../UnrealProject/ProjetDecouverte/Content/StarterContent/Props/Materials/M_MaterialSphere_Plain.uasset" 230
"../../../../../UnrealProject/ProjetDecouverte/Content/StarterContent/Props/Materials/M_MaterialSphere.uasset" 231
"../../../../../UnrealProject/ProjetDecouverte/Content/StarterContent/Props/SM_MatPreviewMesh_02.uasset" 232
"../../../../../UnrealProject/ProjetDecouverte/Content/StarterContent/Textures/T_RockMesh_N.uasset" 233
"../../../../../UnrealProject/ProjetDecouverte/Content/StarterContent/Textures/T_RockMesh_M.uasset" 234
"../../../../../UnrealProject/ProjetDecouverte/Content/StarterContent/Textures/T_Rock_Basalt_D.uasset" 235
"../../../Engine/Content/Functions/Engine_MaterialFunctions02/Utility/BlendAngleCorrectedNormals.uasset" 236
"../../../../../UnrealProject/ProjetDecouverte/Content/StarterContent/Textures/T_Detail_Rocky_N.uasset" 237
"../../../../../UnrealProject/ProjetDecouverte/Content/StarterContent/Props/Materials/M_Rock.uasset" 238
"../../../../../UnrealProject/ProjetDecouverte/Content/StarterContent/Props/SM_Rock.uasset" 239
"../../../../../UnrealProject/ProjetDecouverte/Content/StarterContent/Textures/T_Shelf_N.uasset" 240
"../../../../../UnrealProject/ProjetDecouverte/Content/StarterContent/Textures/T_Shelf_M.uasset" 241
"../../../../../UnrealProject/ProjetDecouverte/Content/StarterContent/Props/Materials/M_Shelf.uasset" 242
"../../../../../UnrealProject/ProjetDecouverte/Content/StarterContent/Props/SM_Shelf.uasset" 243
"../../../../../UnrealProject/ProjetDecouverte/Content/StarterContent/Materials/M_Basic_Floor.uasset" 244
"../../../../../UnrealProject/ProjetDecouverte/Content/StarterContent/Props/SM_Stairs.uasset" 245
"../../../../../UnrealProject/ProjetDecouverte/Content/StarterContent/Shapes/Shape_Cone.uasset" 246
"../../../../../UnrealProject/ProjetDecouverte/Content/StarterContent/Shapes/Shape_Cylinder.uasset" 247
"../../../../../UnrealProject/ProjetDecouverte/Content/StarterContent/Shapes/Shape_NarrowCapsule.uasset" 248
"../../../../../UnrealProject/ProjetDecouverte/Content/StarterContent/Shapes/Shape_Pipe.uasset" 249
"../../../../../UnrealProject/ProjetDecouverte/Content/StarterContent/Shapes/Shape_Pipe_180.uasset" 250
"../../../../../UnrealProject/ProjetDecouverte/Content/StarterContent/Shapes/Shape_Pipe_90.uasset" 251
"../../../../../UnrealProject/ProjetDecouverte/Content/StarterContent/Shapes/Shape_Plane.uasset" 252
"../../../../../UnrealProject/ProjetDecouverte/Content/StarterContent/Shapes/Shape_Torus.uasset" 253
"../../../../../UnrealProject/ProjetDecouverte/Content/StarterContent/Shapes/Shape_Trim.uasset" 254
"../../../../../UnrealProject/ProjetDecouverte/Content/StarterContent/Shapes/Shape_Trim_90_In.uasset" 255
"../../../../../UnrealProject/ProjetDecouverte/Content/StarterContent/Shapes/Shape_Trim_90_Out.uasset" 256
"../../../../../UnrealProject/ProjetDecouverte/Content/StarterContent/Shapes/Shape_TriPyramid.uasset" 257
"../../../../../UnrealProject/ProjetDecouverte/Content/StarterContent/Shapes/Shape_Tube.uasset" 258
"../../../../../UnrealProject/ProjetDecouverte/Content/StarterContent/Shapes/Shape_Wedge_A.uasset" 259
"../../../../../UnrealProject/ProjetDecouverte/Content/StarterContent/Shapes/Shape_Wedge_B.uasset" 260
"../../../../../UnrealProject/ProjetDecouverte/Content/StarterContent/Shapes/Shape_WideCapsule.uasset" 261
"../../../Engine/Content/ArtTools/RenderToTexture/Meshes/S_1_Unit_Plane.uasset" 262
"../../../Engine/Content/EngineMaterials/DefaultMaterial.uasset" 263
"../../../Engine/Content/BasicShapes/Cone.uasset" 264
"../../../Engine/Content/BasicShapes/Cube.uasset" 265
"../../../Engine/Content/BasicShapes/Plane.uasset" 266
"../../../Engine/Content/BasicShapes/Sphere.uasset" 267
"../../../Engine/Content/EditorLandscapeResources/DataLayer.uasset" 268
"../../../Engine/Content/EditorLandscapeResources/DefaultAlphaTexture.uasset" 269
"../../../Engine/Content/EditorMaterials/MAT_Groups_Toggle.uasset" 270
"../../../Engine/Content/EditorMaterials/MAT_Groups_Visibility.uasset" 271
"../../../Engine/Content/EditorMaterials/PreviewShadowIndicator.uasset" 272
"../../../Engine/Content/EditorMaterials/PreviewShadowIndicatorMaterial.uasset" 273
"../../../Engine/Content/EditorMaterials/MatineeGroups/MAT_ColorTrack.uasset" 274
"../../../Engine/Content/EditorMaterials/MatineeGroups/MAT_Groups_Anim.uasset" 275
"../../../Engine/Content/EditorMaterials/MatineeGroups/MAT_Groups_AudioMaster.uasset" 276
"../../../Engine/Content/EditorMaterials/MatineeGroups/MAT_Groups_Director.uasset" 277
"../../../Engine/Content/EditorMaterials/MatineeGroups/MAT_Groups_Event.uasset" 278
"../../../Engine/Content/EditorMaterials/MatineeGroups/MAT_Groups_Fade.uasset" 279
"../../../Engine/Content/EditorMaterials/MatineeGroups/MAT_Groups_Float.uasset" 280
"../../../Engine/Content/EditorMaterials/MatineeGroups/MAT_Groups_Move.uasset" 281
"../../../Engine/Content/EditorMaterials/MatineeGroups/MAT_Groups_Slomo.uasset" 282
"../../../Engine/Content/EditorMaterials/MatineeGroups/MAT_Groups_Sound.uasset" 283
"../../../Engine/Content/EditorMaterials/MatineeGroups/MAT_Groups_Vector.uasset" 284
"../../../Engine/Content/EditorMaterials/ParticleSystems/PSysThumbnail_NoImage.uasset" 285
"../../../Engine/Content/EditorMaterials/ParticleSystems/PSysThumbnail_OOD.uasset" 286
"../../../Engine/Content/EditorMaterials/Camera/CineMat.uasset" 287
"../../../Engine/Content/EditorMaterials/Camera/MI_CineMat_Rig.uasset" 288
"../../../Engine/Content/EditorMeshes/Camera/SM_CraneRig_Arm.uasset" 289
"../../../Engine/Content/EditorMeshes/Camera/SM_CraneRig_Base.uasset" 290
"../../../Engine/Content/EditorMeshes/Camera/SM_CraneRig_Body.uasset" 291
"../../../Engine/Content/EditorMeshes/Camera/SM_CraneRig_Mount.uasset" 292
"../../../Engine/Content/EditorMeshes/Camera/SM_RailRig_Mount.uasset" 293
"../../../Engine/Content/EditorMeshes/Camera/SM_RailRig_Track.uasset" 294
"../../../Engine/Content/EditorResources/BSPVertex.uasset" 295
"../../../Engine/Content/EditorResources/EmptyActor.uasset" 296
"../../../Engine/Content/EditorResources/S_Actor.uasset" 297
"../../../Engine/Content/EditorResources/S_Note.uasset" 298
"../../../Engine/Content/EditorResources/S_Solver.uasset" 299
"../../../Engine/Content/EditorResources/S_Terrain.uasset" 300
"../../../Engine/Content/EditorResources/S_Trigger.uasset" 301
"../../../Engine/Content/EditorResources/AudioIcons/S_AudioComponent.uasset" 302
"../../../Engine/Content/EditorResources/AudioIcons/S_AudioComponent_AutoActivate.uasset" 303
"../../../Engine/Content/EditorResources/LightIcons/S_LightError.uasset" 304
"../../../Engine/Content/EditorResources/SequenceRecorder/Countdown.uasset" 305
"../../../Engine/Content/EditorResources/SequenceRecorder/RecordingIndicator.uasset" 306
"../../../Engine/Content/EngineDamageTypes/DmgTypeBP_Environmental.uasset" 307
"../../../Engine/Content/EngineDebugMaterials/DebugEditorMaterial.uasset" 308
"../../../Engine/Content/EngineDebugMaterials/DebugMeshMaterial.uasset" 309
"../../../Engine/Content/EngineDebugMaterials/M_SimpleUnlitTranslucent.uasset" 310
"../../../Engine/Content/EngineDebugMaterials/VolumeToRender.uasset" 311
"../../../Engine/Content/Functions/Engine_MaterialFunctions02/Utility/CameraDirectionVector.uasset" 312
"../../../Engine/Content/EngineDebugMaterials/M_VolumeRenderSphereTracePP.uasset" 313
"../../../Engine/Content/Functions/Engine_MaterialFunctions01/Shading/ConvertFromDiffSpec.uasset" 314
"../../../Engine/Content/EngineDebugMaterials/VertexColorMaterial.uasset" 315
"../../../Engine/Content/EngineDebugMaterials/WireframeMaterial.uasset" 316
"../../../Engine/Content/EngineFonts/Faces/RobotoRegular.uasset" 317
"../../../Engine/Content/EngineFonts/Faces/RobotoLight.uasset" 318
"../../../Engine/Content/EngineFonts/Faces/RobotoItalic.uasset" 319
"../../../Engine/Content/EngineFonts/Faces/RobotoBoldItalic.uasset" 320
"../../../Engine/Content/EngineFonts/Faces/RobotoBold.uasset" 321
"../../../Engine/Content/EngineFonts/Faces/DroidSansFallback.uasset" 322
"../../../Engine/Content/EngineFonts/Roboto.uasset" 323
"../../../Engine/Content/EngineMaterials/BaseFlattenNormalMap.uasset" 324
"../../../Engine/Content/EngineMaterials/BaseFlattenGrayscaleMap.uasset" 325
"../../../Engine/Content/EngineMaterials/BaseFlattenEmissiveMap.uasset" 326
"../../../Engine/Content/EngineMaterials/BaseFlattenDiffuseMap.uasset" 327
"../../../Engine/Content/EngineMaterials/BaseFlattenMaterial.uasset" 328
"../../../Engine/Content/EngineMaterials/BlueNoise.uasset" 329
"../../../Engine/Content/EngineMaterials/DefaultBloomKernel.uasset" 330
"../../../Engine/Content/EngineMaterials/DefaultBokeh.uasset" 331
"../../../Engine/Content/EngineMaterials/DefaultDiffuse.uasset" 332
"../../../Engine/Content/EngineMaterials/DefaultDeferredDecalMaterial.uasset" 333
"../../../Engine/Content/EngineMaterials/DefaultLightFunctionMaterial.uasset" 334
"../../../Engine/Content/EngineMaterials/DefaultPhysicalMaterial.uasset" 335
"../../../Engine/Content/Functions/Engine_MaterialFunctions02/Utility/BreakOutFloat2Components.uasset" 336
"../../../Engine/Content/EngineMaterials/DefaultPostProcessMaterial.uasset" 337
"../../../Engine/Content/EngineFonts/RobotoDistanceField.uasset" 338
"../../../Engine/Content/EngineMaterials/DefaultTextMaterialOpaque.uasset" 339
"../../../Engine/Content/EngineMaterials/DefaultWhiteGrid.uasset" 340
"../../../Engine/Content/EngineMaterials/DefaultWhiteGrid_Low.uasset" 341
"../../../Engine/Content/EngineMaterials/EmissiveMeshMaterial.uasset" 342
"../../../Engine/Content/EngineMaterials/GizmoMaterial.uasset" 343
"../../../Engine/Content/EngineMaterials/Good64x64TilingNoiseHighFreq.uasset" 344
"../../../Engine/Content/EngineMaterials/MiniFont.uasset" 345
"../../../Engine/Content/EngineMaterials/InvalidLightmapSettings.uasset" 346
"../../../Engine/Content/EngineMaterials/M_InvalidLightmapSettings.uasset" 347
"../../../Engine/Content/Functions/Engine_MaterialFunctions02/WorldPositionOffset/CameraOffset.uasset" 348
"../../../Engine/Content/EngineMaterials/PhAT_JointLimitMaterial.uasset" 349
"../../../Engine/Content/EngineMaterials/PreintegratedSkinBRDF.uasset" 350
"../../../Engine/Content/EngineMaterials/RemoveSurfaceMaterial.uasset" 351
"../../../Engine/Content/EngineMaterials/WeightMapPlaceholderTexture.uasset" 352
"../../../Engine/Content/EngineResources/WhiteSquareTexture.uasset" 353
"../../../Engine/Content/EngineMaterials/Widget3DPassThrough.uasset" 354
"../../../Engine/Content/EngineMaterials/Widget3DPassThrough_Masked.uasset" 355
"../../../Engine/Content/EngineMaterials/Widget3DPassThrough_Opaque.uasset" 356
"../../../Engine/Content/EngineMaterials/Widget3DPassThrough_Masked_OneSided.uasset" 357
"../../../Engine/Content/EngineMaterials/Widget3DPassThrough_Opaque_OneSided.uasset" 358
"../../../Engine/Content/EngineMaterials/Widget3DPassThrough_Translucent.uasset" 359
"../../../Engine/Content/EngineMaterials/Widget3DPassThrough_Translucent_OneSided.uasset" 360
"../../../Engine/Content/EngineMeshes/Cylinder.uasset" 361
"../../../Engine/Content/EngineMeshes/Sphere.uasset" 362
"../../../Engine/Content/EngineResources/Black.uasset" 363
"../../../Engine/Content/EngineResources/DefaultTextureCube.uasset" 364
"../../../Engine/Content/EngineResources/DefaultVolumeTexture2D.uasset" 365
"../../../Engine/Content/EngineResources/DefaultVolumeTexture.uasset" 366
"../../../Engine/Content/EngineResources/GradientTexture0.uasset" 367
"../../../Engine/Content/EngineSky/VolumetricClouds/T_NoiseShape64.uasset" 368
"../../../Engine/Content/EngineSky/VolumetricClouds/T_VolumeNoiseShape64.uasset" 369
"../../../Engine/Content/EngineSky/VolumetricClouds/T_NoiseErosion.uasset" 370
"../../../Engine/Content/EngineSky/VolumetricClouds/T_VolumeNoiseErosion32.uasset" 371
"../../../Engine/Content/EngineSky/VolumetricClouds/CloudWeatherTexture.uasset" 372
"../../../Engine/Content/EngineSky/VolumetricClouds/CloudGradientTexture.uasset" 373
"../../../Engine/Content/Functions/Engine_MaterialFunctions02/Utility/MakeFloat2.uasset" 374
"../../../Engine/Content/EngineSky/VolumetricClouds/m_SimpleVolumetricCloud.uasset" 375
"../../../Engine/Content/EngineSky/VolumetricClouds/m_SimpleVolumetricCloud_Inst.uasset" 376
"../../../Engine/Content/EngineSounds/Master.uasset" 377
"../../../Engine/Content/Functions/Engine_MaterialFunctions01/Shading/PowerToRoughness.uasset" 378
"../../../Engine/Content/Maps/Templates/Thumbnails/Default.uasset" 379
"../../../Engine/Content/Maps/Templates/Thumbnails/TimeOfDay.uasset" 380
"../../../Engine/Content/Maps/Templates/Thumbnails/VR-Basic.uasset" 381
"../../../Engine/Content/MobileResources/T_MobileControls_texture.uasset" 382
"../../../Engine/Content/MobileResources/T_MobileMenu2.uasset" 383
"../../../Engine/Content/MobileResources/HUD/AnalogHat.uasset" 384
"../../../Engine/Content/MobileResources/HUD/VirtualJoystick_Thumb.uasset" 385
"../../../Engine/Content/MobileResources/HUD/VirtualJoystick_Background.uasset" 386
"../../../Engine/Content/MobileResources/HUD/DefaultVirtualJoysticks.uasset" 387
"../../../Engine/Content/MobileResources/HUD/LeftVirtualJoystickOnly.uasset" 388
"../../../Engine/Content/MobileResources/HUD/MobileHUDButton1_off.uasset" 389
"../../../Engine/Content/MobileResources/HUD/MobileHUDButton1_on.uasset" 390
"../../../Engine/Content/MobileResources/HUD/MobileHUDButton2_off.uasset" 391
"../../../Engine/Content/MobileResources/HUD/MobileHUDButton2_on.uasset" 392
"../../../Engine/Content/MobileResources/HUD/MobileHUDButton3.uasset" 393
"../../../Engine/Content/MobileResources/HUD/MobileHUDButtonFire.uasset" 394
"../../../Engine/Content/MobileResources/HUD/MobileHUDDirectionPad.uasset" 395
"../../../Engine/Content/MobileResources/HUD/MobileHUDDirectionPad2.uasset" 396
"../../../Engine/Content/MobileResources/HUD/MobileHUDDirectionPad3.uasset" 397
"../../../Engine/Content/MobileResources/HUD/MobileHUDDirectionStick.uasset" 398
"../../../Engine/Content/MobileResources/HUD/T_Castle_ThumbstickInner.uasset" 399
"../../../Engine/Content/MobileResources/HUD/T_Castle_ThumbstickOutter.uasset" 400
"../../../Engine/Content/Tutorial/ContentIntroCurve.uasset" 401
"../../../Engine/Content/Tutorial/Basics/LevelEditorAttract.uasset" 402
"../../../Engine/Content/Tutorial/Basics/TutorialAssets/icon_tab_Levels_40x.uasset" 403
"../../../Engine/Content/Tutorial/Basics/LevelEditorOverview.uasset" 404
"../../../Engine/Content/Tutorial/BlueprintTutorials/TutorialAssets/Blueprint_64x.uasset" 405
"../../../Engine/Content/Tutorial/BlueprintTutorials/BlueprintEditorTutorial.uasset" 406
"../../../Engine/Content/VREditor/TransformGizmo/TranslucentTransformGizmoMaterial.uasset" 407
"../../../Engine/Content/VREditor/LaserPointer/VR_LaserPower_01.uasset" 408
"../../../Engine/Content/VREditor/TransformGizmo/TransformGizmoMaterial.uasset" 409
"../../../Engine/Content/VREditor/TransformGizmo/BoundingBoxCorner.uasset" 410
"../../../Engine/Content/VREditor/TransformGizmo/BoundingBoxEdge.uasset" 411
"../../../Engine/Content/VREditor/TransformGizmo/PlaneTranslationHandle.uasset" 412
"../../../Engine/Content/VREditor/TransformGizmo/Xray.uasset" 413
"../../../Engine/Content/VREditor/TransformGizmo/Main.uasset" 414
"../../../Engine/Content/VREditor/TransformGizmo/SM_Sequencer_Key.uasset" 415
"../../../Engine/Content/VREditor/TransformGizmo/SM_Sequencer_Node.uasset" 416
"../../Plugins/2D/Paper2D/Content/PlaceholderTextures/DummySpriteTexture.uasset" 417
"../../Plugins/2D/Paper2D/Content/DummySprite.uasset" 418
"../../Plugins/2D/Paper2D/Content/DefaultPaperTerrainMaterial.uasset" 419
"../../Plugins/2D/Paper2D/Content/DefaultSpriteMaterial.uasset" 420
"../../Plugins/2D/Paper2D/Content/MaskedUnlitSpriteMaterial.uasset" 421
"../../Plugins/2D/Paper2D/Content/OpaqueUnlitSpriteMaterial.uasset" 422
"../../../Engine/Content/Functions/Engine_MaterialFunctions02/Utility/BreakOutFloat3Components.uasset" 423
"../../Plugins/Editor/SpeedTreeImporter/Content/SpeedTree9/UnpackInteger3.uasset" 424
"../../Plugins/Editor/SpeedTreeImporter/Content/SpeedTree9/UnpackDirection.uasset" 425
"../../Plugins/Editor/SpeedTreeImporter/Content/SpeedTree9/game_wind_noise.uasset" 426
"../../../Engine/Content/Functions/Engine_MaterialFunctions02/SafeNormalize.uasset" 427
"../../Plugins/Editor/SpeedTreeImporter/Content/SpeedTree9/SpeedTreeWindMotion.uasset" 428
"../../Plugins/Editor/SpeedTreeImporter/Content/SpeedTree9/SpeedTreeBranchMotion.uasset" 429
"../../../Engine/Content/Functions/Engine_MaterialFunctions02/ObjectLocalBounds.uasset" 430
"../../../Engine/Content/Functions/Engine_MaterialFunctions02/UVs/BoundingBoxBased_0-1_UVW.uasset" 431
"../../Plugins/Editor/SpeedTreeImporter/Content/SpeedTree9/SpeedTreeWind.uasset" 432
"../../Plugins/Editor/SpeedTreeImporter/Content/SpeedTree9/SpeedTreeBillboard.uasset" 433
"../../../Engine/Content/EngineResources/DefaultTexture.uasset" 434
"../../Plugins/Editor/SpeedTreeImporter/Content/SpeedTree9/SpeedTreeBillboardMaster.uasset" 435
"../../Plugins/Editor/SpeedTreeImporter/Content/SpeedTree9/SpeedTreeCameraFacing.uasset" 436
"../../Plugins/Editor/SpeedTreeImporter/Content/SpeedTree9/SpeedTreeMaster.uasset" 437
"../../../Engine/Content/BasicShapes/Cylinder.uasset" 438
"../../../Engine/Content/ArtTools/RenderToTexture/Materials/Debug/M_Emissive_Color.uasset" 439
"../../Plugins/Lumin/MagicLeapPassableWorld/Content/MagicLeapARPinInfoActor.uasset" 440
"../../../Engine/Content/Functions/Engine_MaterialFunctions02/Utility/BreakOutFloat4Components.uasset" 441
"../../../Engine/Content/Functions/Engine_MaterialFunctions02/Utility/MakeFloat3.uasset" 442
"../../Plugins/Runtime/Oculus/OculusVR/Content/Materials/OculusMR_ChromaKey.uasset" 443
"../../Plugins/Runtime/Oculus/OculusVR/Content/Materials/OculusMR_OpaqueColoredMaterial.uasset" 444
"../../Plugins/Runtime/Oculus/OculusVR/Content/Materials/PokeAHoleMaterial.uasset" 445
"../../../Engine/Content/EditorBlueprintResources/StandardMacros.uasset" 446
"../../../Engine/Content/EngineSky/T_Sky_Blue.uasset" 447
"../../../Engine/Content/EngineSky/T_Sky_Clouds_M.uasset" 448
"../../../Engine/Content/EngineSky/T_Sky_Stars.uasset" 449
"../../../Engine/Content/EngineSky/M_Sky_Panning_Clouds2.uasset" 450
"../../../Engine/Content/EngineSky/SM_SkySphere.uasset" 451
"../../../Engine/Content/EngineSky/C_Sky_Zenith_Color.uasset" 452
"../../../Engine/Content/EngineSky/C_Sky_Horizon_Color.uasset" 453
"../../../Engine/Content/EngineSky/C_Sky_Cloud_Color.uasset" 454
"../../../Engine/Content/EngineSky/BP_Sky_Sphere.uasset" 455
"../../../../../UnrealProject/ProjetDecouverte/Content/02_Materials/M_Green.uasset" 456
"../../../../../UnrealProject/ProjetDecouverte/Content/02_Materials/M_Grey.uasset" 457
"../../../../../UnrealProject/ProjetDecouverte/Content/02_Materials/M_Orange.uasset" 458
"../../../../../UnrealProject/ProjetDecouverte/Content/03_Widget/WBP_Materials.uasset" 459
"../../../../../UnrealProject/ProjetDecouverte/Content/02_Materials/M_Black.uasset" 460
"../../../../../UnrealProject/ProjetDecouverte/Content/00_Levels/TestLevel01_BuiltData.uasset" 461
"../../../../../UnrealProject/ProjetDecouverte/Content/03_Widget/WBP_ToolShop.uasset" 462
"../../../../../UnrealProject/ProjetDecouverte/Content/00_Levels/TestLevel01.umap" 463
"../../../../../UnrealProject/ProjetDecouverte/Content/04_Props/Planet_15/planete_15_Sphere001_Part_9.uasset" 464
"../../../../../UnrealProject/ProjetDecouverte/Content/04_Props/Planet_15/planete_15_Sphere001_Part_8.uasset" 465
"../../../../../UnrealProject/ProjetDecouverte/Content/04_Props/Planet_15/planete_15_Sphere001_Part_7.uasset" 466
"../../../../../UnrealProject/ProjetDecouverte/Content/04_Props/Planet_15/planete_15_Sphere001_Part_6.uasset" 467
"../../../../../UnrealProject/ProjetDecouverte/Content/04_Props/Planet_15/planete_15_Sphere001_Part_5.uasset" 468
"../../../../../UnrealProject/ProjetDecouverte/Content/04_Props/Planet_15/planete_15_Sphere001_Part_4.uasset" 469
"../../../../../UnrealProject/ProjetDecouverte/Content/04_Props/Planet_15/planete_15_Sphere001_Part_3.uasset" 470
"../../../../../UnrealProject/ProjetDecouverte/Content/04_Props/Planet_15/planete_15_Sphere001_Part_2.uasset" 471
"../../../../../UnrealProject/ProjetDecouverte/Content/04_Props/Planet_15/planete_15_Sphere001_Part_13.uasset" 472
"../../../../../UnrealProject/ProjetDecouverte/Content/04_Props/Planet_15/planete_15_Sphere001_Part_12.uasset" 473
"../../../../../UnrealProject/ProjetDecouverte/Content/04_Props/Planet_15/planete_15_Sphere001_Part_11.uasset" 474
"../../../../../UnrealProject/ProjetDecouverte/Content/04_Props/Planet_15/planete_15_Sphere001_Part_10.uasset" 475
"../../../../../UnrealProject/ProjetDecouverte/Content/04_Props/Planet_15/planete_15_Sphere001_Part_1.uasset" 476
"../../../../../UnrealProject/ProjetDecouverte/Content/04_Props/Planet_14/planete_14_Sphere001_Part_9.uasset" 477
"../../../../../UnrealProject/ProjetDecouverte/Content/04_Props/Planet_14/planete_14_Sphere001_Part_7.uasset" 478
"../../../../../UnrealProject/ProjetDecouverte/Content/04_Props/Planet_14/planete_14_Sphere001_Part_5.uasset" 479
"../../../../../UnrealProject/ProjetDecouverte/Content/04_Props/Planet_14/planete_14_Sphere001_Part_4.uasset" 480
"../../../../../UnrealProject/ProjetDecouverte/Content/04_Props/Planet_14/planete_14_Sphere001_Part_3.uasset" 481
"../../../../../UnrealProject/ProjetDecouverte/Content/04_Props/Planet_14/planete_14_Sphere001_Part_22.uasset" 482
"../../../../../UnrealProject/ProjetDecouverte/Content/04_Props/Planet_14/planete_14_Sphere001_Part_21.uasset" 483
"../../../../../UnrealProject/ProjetDecouverte/Content/04_Props/Planet_14/planete_14_Sphere001_Part_20.uasset" 484
"../../../../../UnrealProject/ProjetDecouverte/Content/04_Props/Planet_14/planete_14_Sphere001_Part_2.uasset" 485
"../../../../../UnrealProject/ProjetDecouverte/Content/04_Props/Planet_14/planete_14_Sphere001_Part_19.uasset" 486
"../../../../../UnrealProject/ProjetDecouverte/Content/04_Props/Planet_14/planete_14_Sphere001_Part_18.uasset" 487
"../../../../../UnrealProject/ProjetDecouverte/Content/04_Props/Planet_14/planete_14_Sphere001_Part_17.uasset" 488
"../../../../../UnrealProject/ProjetDecouverte/Content/04_Props/Planet_14/planete_14_Sphere001_Part_16.uasset" 489
"../../../../../UnrealProject/ProjetDecouverte/Content/04_Props/Planet_14/planete_14_Sphere001_Part_15.uasset" 490
"../../../../../UnrealProject/ProjetDecouverte/Content/04_Props/Planet_14/planete_14_Sphere001_Part_14.uasset" 491
"../../../../../UnrealProject/ProjetDecouverte/Content/04_Props/Planet_14/planete_14_Sphere001_Part_12.uasset" 492
"../../../../../UnrealProject/ProjetDecouverte/Content/04_Props/Planet_14/planete_14_Sphere001_Part_11.uasset" 493
"../../../../../UnrealProject/ProjetDecouverte/Content/04_Props/Planet_14/planete_14_Sphere001_Part_10.uasset" 494
"../../../../../UnrealProject/ProjetDecouverte/Content/04_Props/Planet_14/planete_14_Sphere001_Part_1.uasset" 495
"../../../../../UnrealProject/ProjetDecouverte/Content/04_Props/Planet_13/planete_13_Sphere001_Part_9.uasset" 496
"../../../../../UnrealProject/ProjetDecouverte/Content/04_Props/Planet_13/planete_13_Sphere001_Part_8.uasset" 497
"../../../../../UnrealProject/ProjetDecouverte/Content/04_Props/Planet_13/planete_13_Sphere001_Part_7.uasset" 498
"../../../../../UnrealProject/ProjetDecouverte/Content/04_Props/Planet_13/planete_13_Sphere001_Part_6.uasset" 499
"../../../../../UnrealProject/ProjetDecouverte/Content/04_Props/Planet_13/planete_13_Sphere001_Part_5.uasset" 500
"../../../../../UnrealProject/ProjetDecouverte/Content/04_Props/Planet_13/planete_13_Sphere001_Part_4.uasset" 501
"../../../../../UnrealProject/ProjetDecouverte/Content/04_Props/Planet_13/planete_13_Sphere001_Part_3.uasset" 502
"../../../../../UnrealProject/ProjetDecouverte/Content/04_Props/Planet_13/planete_13_Sphere001_Part_2.uasset" 503
"../../../../../UnrealProject/ProjetDecouverte/Content/04_Props/Planet_13/planete_13_Sphere001_Part_14.uasset" 504
"../../../../../UnrealProject/ProjetDecouverte/Content/04_Props/Planet_13/planete_13_Sphere001_Part_13.uasset" 505
"../../../../../UnrealProject/ProjetDecouverte/Content/04_Props/Planet_13/planete_13_Sphere001_Part_12.uasset" 506
"../../../../../UnrealProject/ProjetDecouverte/Content/04_Props/Planet_13/planete_13_Sphere001_Part_11.uasset" 507
"../../../../../UnrealProject/ProjetDecouverte/Content/04_Props/Planet_13/planete_13_Sphere001_Part_10.uasset" 508
"../../../../../UnrealProject/ProjetDecouverte/Content/04_Props/Planet_13/planete_13_Sphere001_Part_1.uasset" 509
"../../../../../UnrealProject/ProjetDecouverte/Content/04_Props/Planet_12/planete_12_Sphere001_Part_9.uasset" 510
"../../../../../UnrealProject/ProjetDecouverte/Content/04_Props/Planet_12/planete_12_Sphere001_Part_8.uasset" 511
"../../../../../UnrealProject/ProjetDecouverte/Content/04_Props/Planet_12/planete_12_Sphere001_Part_7.uasset" 512
"../../../../../UnrealProject/ProjetDecouverte/Content/04_Props/Planet_12/planete_12_Sphere001_Part_6.uasset" 513
"../../../../../UnrealProject/ProjetDecouverte/Content/04_Props/Planet_12/planete_12_Sphere001_Part_5.uasset" 514
"../../../../../UnrealProject/ProjetDecouverte/Content/04_Props/Planet_12/planete_12_Sphere001_Part_4.uasset" 515
"../../../../../UnrealProject/ProjetDecouverte/Content/04_Props/Planet_12/planete_12_Sphere001_Part_3.uasset" 516
"../../../../../UnrealProject/ProjetDecouverte/Content/04_Props/Planet_12/planete_12_Sphere001_Part_2.uasset" 517
"../../../../../UnrealProject/ProjetDecouverte/Content/04_Props/Planet_12/planete_12_Sphere001_Part_14.uasset" 518
"../../../../../UnrealProject/ProjetDecouverte/Content/04_Props/Planet_12/planete_12_Sphere001_Part_13.uasset" 519
"../../../../../UnrealProject/ProjetDecouverte/Content/04_Props/Planet_12/planete_12_Sphere001_Part_12.uasset" 520
"../../../../../UnrealProject/ProjetDecouverte/Content/04_Props/Planet_12/planete_12_Sphere001_Part_11.uasset" 521
"../../../../../UnrealProject/ProjetDecouverte/Content/04_Props/Planet_12/planete_12_Sphere001_Part_10.uasset" 522
"../../../../../UnrealProject/ProjetDecouverte/Content/04_Props/Planet_12/planete_12_Sphere001_Part_1.uasset" 523
"../../../../../UnrealProject/ProjetDecouverte/Content/00_Levels/TestLevel02_BuiltData.uasset" 524
"../../../../../UnrealProject/ProjetDecouverte/Content/04_Props/Planet_10/planete_10_Sphere001_Part_9.uasset" 525
"../../../../../UnrealProject/ProjetDecouverte/Content/04_Props/Planet_10/planete_10_Sphere001_Part_8.uasset" 526
"../../../../../UnrealProject/ProjetDecouverte/Content/04_Props/Planet_10/planete_10_Sphere001_Part_7.uasset" 527
"../../../../../UnrealProject/ProjetDecouverte/Content/04_Props/Planet_10/planete_10_Sphere001_Part_6.uasset" 528
"../../../../../UnrealProject/ProjetDecouverte/Content/04_Props/Planet_10/planete_10_Sphere001_Part_5.uasset" 529
"../../../../../UnrealProject/ProjetDecouverte/Content/04_Props/Planet_10/planete_10_Sphere001_Part_4.uasset" 530
"../../../../../UnrealProject/ProjetDecouverte/Content/04_Props/Planet_10/planete_10_Sphere001_Part_3.uasset" 531
"../../../../../UnrealProject/ProjetDecouverte/Content/04_Props/Planet_10/planete_10_Sphere001_Part_2.uasset" 532
"../../../../../UnrealProject/ProjetDecouverte/Content/04_Props/Planet_10/planete_10_Sphere001_Part_16.uasset" 533
"../../../../../UnrealProject/ProjetDecouverte/Content/04_Props/Planet_10/planete_10_Sphere001_Part_15.uasset" 534
"../../../../../UnrealProject/ProjetDecouverte/Content/04_Props/Planet_10/planete_10_Sphere001_Part_14.uasset" 535
"../../../../../UnrealProject/ProjetDecouverte/Content/04_Props/Planet_10/planete_10_Sphere001_Part_13.uasset" 536
"../../../../../UnrealProject/ProjetDecouverte/Content/04_Props/Planet_10/planete_10_Sphere001_Part_12.uasset" 537
"../../../../../UnrealProject/ProjetDecouverte/Content/04_Props/Planet_10/planete_10_Sphere001_Part_11.uasset" 538
"../../../../../UnrealProject/ProjetDecouverte/Content/04_Props/Planet_10/planete_10_Sphere001_Part_10.uasset" 539
"../../../../../UnrealProject/ProjetDecouverte/Content/04_Props/Planet_10/planete_10_Sphere001_Part_1.uasset" 540
"../../../../../UnrealProject/ProjetDecouverte/Content/04_Props/Planet_09/planete_09_Sphere001_Part_9.uasset" 541
"../../../../../UnrealProject/ProjetDecouverte/Content/04_Props/Planet_09/planete_09_Sphere001_Part_8.uasset" 542
"../../../../../UnrealProject/ProjetDecouverte/Content/04_Props/Planet_09/planete_09_Sphere001_Part_6.uasset" 543
"../../../../../UnrealProject/ProjetDecouverte/Content/04_Props/Planet_09/planete_09_Sphere001_Part_5.uasset" 544
"../../../../../UnrealProject/ProjetDecouverte/Content/04_Props/Planet_09/planete_09_Sphere001_Part_4.uasset" 545
"../../../../../UnrealProject/ProjetDecouverte/Content/04_Props/Planet_09/planete_09_Sphere001_Part_3.uasset" 546
"../../../../../UnrealProject/ProjetDecouverte/Content/04_Props/Planet_09/planete_09_Sphere001_Part_22.uasset" 547
"../../../../../UnrealProject/ProjetDecouverte/Content/04_Props/Planet_09/planete_09_Sphere001_Part_21.uasset" 548
"../../../../../UnrealProject/ProjetDecouverte/Content/04_Props/Planet_09/planete_09_Sphere001_Part_20.uasset" 549
"../../../../../UnrealProject/ProjetDecouverte/Content/04_Props/Planet_09/planete_09_Sphere001_Part_2.uasset" 550
"../../../../../UnrealProject/ProjetDecouverte/Content/04_Props/Planet_09/planete_09_Sphere001_Part_19.uasset" 551
"../../../../../UnrealProject/ProjetDecouverte/Content/04_Props/Planet_09/planete_09_Sphere001_Part_18.uasset" 552
"../../../../../UnrealProject/ProjetDecouverte/Content/04_Props/Planet_09/planete_09_Sphere001_Part_17.uasset" 553
"../../../../../UnrealProject/ProjetDecouverte/Content/04_Props/Planet_09/planete_09_Sphere001_Part_16.uasset" 554
"../../../../../UnrealProject/ProjetDecouverte/Content/04_Props/Planet_09/planete_09_Sphere001_Part_14.uasset" 555
"../../../../../UnrealProject/ProjetDecouverte/Content/04_Props/Planet_09/planete_09_Sphere001_Part_13.uasset" 556
"../../../../../UnrealProject/ProjetDecouverte/Content/04_Props/Planet_09/planete_09_Sphere001_Part_12.uasset" 557
"../../../../../UnrealProject/ProjetDecouverte/Content/04_Props/Planet_09/planete_09_Sphere001_Part_11.uasset" 558
"../../../../../UnrealProject/ProjetDecouverte/Content/04_Props/Planet_09/planete_09_Sphere001_Part_10.uasset" 559
"../../../../../UnrealProject/ProjetDecouverte/Content/04_Props/Planet_09/planete_09_Sphere001_Part_1.uasset" 560
"../../../../../UnrealProject/ProjetDecouverte/Content/04_Props/Planet_05/planete_05_Sphere001_Part_9.uasset" 561
"../../../../../UnrealProject/ProjetDecouverte/Content/04_Props/Planet_05/planete_05_Sphere001_Part_8.uasset" 562
"../../../../../UnrealProject/ProjetDecouverte/Content/04_Props/Planet_05/planete_05_Sphere001_Part_7.uasset" 563
"../../../../../UnrealProject/ProjetDecouverte/Content/04_Props/Planet_05/planete_05_Sphere001_Part_6.uasset" 564
"../../../../../UnrealProject/ProjetDecouverte/Content/04_Props/Planet_05/planete_05_Sphere001_Part_5.uasset" 565
"../../../../../UnrealProject/ProjetDecouverte/Content/04_Props/Planet_05/planete_05_Sphere001_Part_4.uasset" 566
"../../../../../UnrealProject/ProjetDecouverte/Content/04_Props/Planet_05/planete_05_Sphere001_Part_3.uasset" 567
"../../../../../UnrealProject/ProjetDecouverte/Content/04_Props/Planet_05/planete_05_Sphere001_Part_2.uasset" 568
"../../../../../UnrealProject/ProjetDecouverte/Content/04_Props/Planet_05/planete_05_Sphere001_Part_19.uasset" 569
"../../../../../UnrealProject/ProjetDecouverte/Content/04_Props/Planet_05/planete_05_Sphere001_Part_18.uasset" 570
"../../../../../UnrealProject/ProjetDecouverte/Content/04_Props/Planet_05/planete_05_Sphere001_Part_17.uasset" 571
"../../../../../UnrealProject/ProjetDecouverte/Content/04_Props/Planet_05/planete_05_Sphere001_Part_16.uasset" 572
"../../../../../UnrealProject/ProjetDecouverte/Content/04_Props/Planet_05/planete_05_Sphere001_Part_14.uasset" 573
"../../../../../UnrealProject/ProjetDecouverte/Content/04_Props/Planet_05/planete_05_Sphere001_Part_13.uasset" 574
"../../../../../UnrealProject/ProjetDecouverte/Content/04_Props/Planet_05/planete_05_Sphere001_Part_12.uasset" 575
"../../../../../UnrealProject/ProjetDecouverte/Content/04_Props/Planet_05/planete_05_Sphere001_Part_11.uasset" 576
"../../../../../UnrealProject/ProjetDecouverte/Content/04_Props/Planet_05/planete_05_Sphere001_Part_10.uasset" 577
"../../../../../UnrealProject/ProjetDecouverte/Content/04_Props/Planet_05/planete_05_Sphere001_Part_1.uasset" 578
"../../../../../UnrealProject/ProjetDecouverte/Content/04_Props/Planet_03/02_-_Default.uasset" 579
"../../../../../UnrealProject/ProjetDecouverte/Content/04_Props/Planet_03/planete_03_Sphere001_Part_9.uasset" 580
"../../../../../UnrealProject/ProjetDecouverte/Content/04_Props/Planet_03/planete_03_Sphere001_Part_8.uasset" 581
"../../../../../UnrealProject/ProjetDecouverte/Content/04_Props/Planet_03/planete_03_Sphere001_Part_7.uasset" 582
"../../../../../UnrealProject/ProjetDecouverte/Content/04_Props/Planet_03/planete_03_Sphere001_Part_6.uasset" 583
"../../../../../UnrealProject/ProjetDecouverte/Content/04_Props/Planet_03/planete_03_Sphere001_Part_5.uasset" 584
"../../../../../UnrealProject/ProjetDecouverte/Content/04_Props/Planet_03/planete_03_Sphere001_Part_4.uasset" 585
"../../../../../UnrealProject/ProjetDecouverte/Content/04_Props/Planet_03/planete_03_Sphere001_Part_3.uasset" 586
"../../../../../UnrealProject/ProjetDecouverte/Content/04_Props/Planet_03/planete_03_Sphere001_Part_20.uasset" 587
"../../../../../UnrealProject/ProjetDecouverte/Content/04_Props/Planet_03/planete_03_Sphere001_Part_2.uasset" 588
"../../../../../UnrealProject/ProjetDecouverte/Content/04_Props/Planet_03/planete_03_Sphere001_Part_19.uasset" 589
"../../../../../UnrealProject/ProjetDecouverte/Content/04_Props/Planet_03/planete_03_Sphere001_Part_18.uasset" 590
"../../../../../UnrealProject/ProjetDecouverte/Content/04_Props/Planet_03/planete_03_Sphere001_Part_17.uasset" 591
"../../../../../UnrealProject/ProjetDecouverte/Content/04_Props/Planet_03/planete_03_Sphere001_Part_16.uasset" 592
"../../../../../UnrealProject/ProjetDecouverte/Content/04_Props/Planet_03/planete_03_Sphere001_Part_15.uasset" 593
"../../../../../UnrealProject/ProjetDecouverte/Content/04_Props/Planet_03/planete_03_Sphere001_Part_14.uasset" 594
"../../../../../UnrealProject/ProjetDecouverte/Content/04_Props/Planet_03/planete_03_Sphere001_Part_13.uasset" 595
"../../../../../UnrealProject/ProjetDecouverte/Content/04_Props/Planet_03/planete_03_Sphere001_Part_12.uasset" 596
"../../../../../UnrealProject/ProjetDecouverte/Content/04_Props/Planet_03/planete_03_Sphere001_Part_11.uasset" 597
"../../../../../UnrealProject/ProjetDecouverte/Content/04_Props/Planet_03/planete_03_Sphere001_Part_10.uasset" 598
"../../../../../UnrealProject/ProjetDecouverte/Content/04_Props/Planet_03/planete_03_Sphere001_Part_1.uasset" 599
"../../../../../UnrealProject/ProjetDecouverte/Content/00_Levels/TestLevel02.umap" 600
"../../../../../UnrealProject/ProjetDecouverte/Content/StarterContent/Blueprints/Assets/SunlightColorLUT.uasset" 601
"../../../../../UnrealProject/ProjetDecouverte/Content/StarterContent/Blueprints/Assets/FogBrightnessLUT.uasset" 602
"../../../../../UnrealProject/ProjetDecouverte/Content/StarterContent/HDRI/HDRI_Epic_Courtyard_Daylight.uasset" 603
"../../../../../UnrealProject/ProjetDecouverte/Content/StarterContent/Blueprints/Assets/SM_Arrows.uasset" 604
"../../../Engine/Content/EditorMaterials/Thumbnails/SkySphereMaterial.uasset" 605
"../../../../../UnrealProject/ProjetDecouverte/Content/StarterContent/Blueprints/Assets/Skybox.uasset" 606
"../../../Engine/Content/MapTemplates/Sky/DaylightAmbientCubemap.uasset" 607
"../../../../../UnrealProject/ProjetDecouverte/Content/StarterContent/Blueprints/Assets/M_LightStage_Skybox_Master.uasset" 608
"../../../../../UnrealProject/ProjetDecouverte/Content/StarterContent/Blueprints/Assets/M_LightStage_Skybox_HDRI.uasset" 609
"../../../../../UnrealProject/ProjetDecouverte/Content/StarterContent/Blueprints/Assets/M_LightStage_Skybox_Black.uasset" 610
"../../../../../UnrealProject/ProjetDecouverte/Content/StarterContent/Blueprints/Assets/M_LightStage_Arrows.uasset" 611
"../../../../../UnrealProject/ProjetDecouverte/Content/StarterContent/Blueprints/BP_LightStudio.uasset" 612
"../../../../../UnrealProject/ProjetDecouverte/Content/StarterContent/Materials/M_AssetPlatform.uasset" 613
"../../../../../UnrealProject/ProjetDecouverte/Content/StarterContent/Architecture/SM_AssetPlatform.uasset" 614
"../../../Engine/Content/EditorMeshes/ColorCalibrator/M_GreyBall.uasset" 615
"../../../Engine/Content/EditorMeshes/ColorCalibrator/Color_checker.uasset" 616
"../../../Engine/Content/EditorMeshes/ColorCalibrator/M_ColorGrid.uasset" 617
"../../../Engine/Content/EditorMeshes/ColorCalibrator/M_ClearCoatBlack.uasset" 618
"../../../Engine/Content/EditorMeshes/ColorCalibrator/M_ClearCoat.uasset" 619
"../../../Engine/Content/EditorMeshes/ColorCalibrator/M_ChromeBall.uasset" 620
"../../../Engine/Content/EditorMeshes/ColorCalibrator/SM_ColorCalibrator.uasset" 621
"../../../../../UnrealProject/ProjetDecouverte/Content/StarterContent/Maps/Advanced_Lighting_BuiltData.uasset" 622
"../../../../../UnrealProject/ProjetDecouverte/Content/StarterContent/Maps/Advanced_Lighting.umap" 623
"../../../../../UnrealProject/ProjetDecouverte/Content/StarterContent/Audio/Starter_Background_Cue.uasset" 624
"../../../../../UnrealProject/ProjetDecouverte/Content/StarterContent/Architecture/Floor_400x400.uasset" 625
"../../../../../UnrealProject/ProjetDecouverte/Content/Menu/Blueprints/Menu_PC.uasset" 626
"../../../../../UnrealProject/ProjetDecouverte/Content/Menu/Blueprints/Menu_GM.uasset" 627
"../../../../../UnrealProject/ProjetDecouverte/Content/StarterContent/Textures/T_TableRound_N.uasset" 628
"../../../../../UnrealProject/ProjetDecouverte/Content/StarterContent/Textures/T_TableRound_M.uasset" 629
"../../../../../UnrealProject/ProjetDecouverte/Content/StarterContent/Props/Materials/M_TableRound.uasset" 630
"../../../../../UnrealProject/ProjetDecouverte/Content/StarterContent/Props/SM_TableRound.uasset" 631
"../../../../../UnrealProject/ProjetDecouverte/Content/StarterContent/Textures/T_Statue_N.uasset" 632
"../../../../../UnrealProject/ProjetDecouverte/Content/StarterContent/Textures/T_Statue_M.uasset" 633
"../../../../../UnrealProject/ProjetDecouverte/Content/StarterContent/Props/Materials/M_Statue.uasset" 634
"../../../../../UnrealProject/ProjetDecouverte/Content/StarterContent/Props/Materials/M_StatueGlass.uasset" 635
"../../../../../UnrealProject/ProjetDecouverte/Content/StarterContent/Props/SM_Statue.uasset" 636
"../../../../../UnrealProject/ProjetDecouverte/Content/StarterContent/Props/SM_Chair.uasset" 637
"../../../../../UnrealProject/ProjetDecouverte/Content/StarterContent/Textures/T_Metal_Copper_D.uasset" 638
"../../../../../UnrealProject/ProjetDecouverte/Content/StarterContent/Textures/T_Metal_Gold_N.uasset" 639
"../../../../../UnrealProject/ProjetDecouverte/Content/StarterContent/Textures/T_MacroVariation.uasset" 640
"../../../../../UnrealProject/ProjetDecouverte/Content/StarterContent/Materials/M_Metal_Copper.uasset" 641
"../../../../../UnrealProject/ProjetDecouverte/Content/StarterContent/Textures/T_Metal_Aluminum_D.uasset" 642
"../../../../../UnrealProject/ProjetDecouverte/Content/StarterContent/Materials/M_Metal_Burnished_Steel.uasset" 643
"../../../../../UnrealProject/ProjetDecouverte/Content/StarterContent/Materials/M_Metal_Brushed_Nickel.uasset" 644
"../../../../../UnrealProject/ProjetDecouverte/Content/StarterContent/Maps/Minimal_Default_BuiltData.uasset" 645
"../../../../../UnrealProject/ProjetDecouverte/Content/StarterContent/Maps/Minimal_Default.umap" 646
"../../../../../UnrealProject/ProjetDecouverte/Content/StarterContent/Textures/T_Lamp_N.uasset" 647
"../../../../../UnrealProject/ProjetDecouverte/Content/StarterContent/Textures/T_Lamp_M.uasset" 648
"../../../../../UnrealProject/ProjetDecouverte/Content/StarterContent/Props/Materials/M_Lamp.uasset" 649
"../../../../../UnrealProject/ProjetDecouverte/Content/StarterContent/Props/SM_Lamp_Wall.uasset" 650
"../../../../../UnrealProject/ProjetDecouverte/Content/StarterContent/Blueprints/Blueprint_WallSconce.uasset" 651
"../../../../../UnrealProject/ProjetDecouverte/Content/StarterContent/Particles/P_Steam_Lit.uasset" 652
"../../../../../UnrealProject/ProjetDecouverte/Content/StarterContent/Audio/Steam01_Cue.uasset" 653
"../../../../../UnrealProject/ProjetDecouverte/Content/StarterContent/Blueprints/Blueprint_Effect_Steam.uasset" 654
"../../../../../UnrealProject/ProjetDecouverte/Content/StarterContent/Textures/T_Spark_Core.uasset" 655
"../../../../../UnrealProject/ProjetDecouverte/Content/StarterContent/Particles/Materials/M_Spark.uasset" 656
"../../../../../UnrealProject/ProjetDecouverte/Content/StarterContent/Particles/Materials/M_Radial_Gradient.uasset" 657
"../../../../../UnrealProject/ProjetDecouverte/Content/StarterContent/Particles/P_Sparks.uasset" 658
"../../../../../UnrealProject/ProjetDecouverte/Content/StarterContent/Audio/Fire_Sparks01_Cue.uasset" 659
"../../../../../UnrealProject/ProjetDecouverte/Content/StarterContent/Blueprints/Blueprint_Effect_Sparks.uasset" 660
"../../../../../UnrealProject/ProjetDecouverte/Content/StarterContent/Particles/P_Smoke.uasset" 661
"../../../../../UnrealProject/ProjetDecouverte/Content/StarterContent/Audio/Smoke01_Cue.uasset" 662
"../../../../../UnrealProject/ProjetDecouverte/Content/StarterContent/Blueprints/Blueprint_Effect_Smoke.uasset" 663
"../../../../../UnrealProject/ProjetDecouverte/Content/StarterContent/Textures/T_Water_N.uasset" 664
"../../../../../UnrealProject/ProjetDecouverte/Content/StarterContent/Particles/Materials/M_Heat_Distortion.uasset" 665
"../../../../../UnrealProject/ProjetDecouverte/Content/StarterContent/Textures/T_Fire_Tiled_D.uasset" 666
"../../../../../UnrealProject/ProjetDecouverte/Content/StarterContent/Textures/T_Fire_SubUV.uasset" 667
"../../../../../UnrealProject/ProjetDecouverte/Content/StarterContent/Particles/Materials/M_Fire_SubUV.uasset" 668
"../../../../../UnrealProject/ProjetDecouverte/Content/StarterContent/Particles/P_Fire.uasset" 669
"../../../../../UnrealProject/ProjetDecouverte/Content/StarterContent/Audio/Fire01_Cue.uasset" 670
"../../../../../UnrealProject/ProjetDecouverte/Content/StarterContent/Blueprints/Blueprint_Effect_Fire.uasset" 671
"../../../../../UnrealProject/ProjetDecouverte/Content/StarterContent/Props/SM_Lamp_Ceiling.uasset" 672
"../../../../../UnrealProject/ProjetDecouverte/Content/StarterContent/Blueprints/Blueprint_CeilingLight.uasset" 673
"../../../../../UnrealProject/ProjetDecouverte/Content/StarterContent/Audio/Starter_Music_Cue.uasset" 674
"../../../../../UnrealProject/ProjetDecouverte/Content/StarterContent/Audio/Collapse_Cue.uasset" 675
"../../../../../UnrealProject/ProjetDecouverte/Content/StarterContent/Architecture/Wall_Window_400x300.uasset" 676
"../../../../../UnrealProject/ProjetDecouverte/Content/StarterContent/Architecture/Wall_Door_400x300.uasset" 677
"../../../../../UnrealProject/ProjetDecouverte/Content/StarterContent/Architecture/Wall_400x200.uasset" 678
"../../../../../UnrealProject/ProjetDecouverte/Content/StarterContent/Shapes/Shape_Sphere.uasset" 679
"../../../../../UnrealProject/ProjetDecouverte/Content/StarterContent/Shapes/Shape_QuadPyramid.uasset" 680
"../../../../../UnrealProject/ProjetDecouverte/Content/StarterContent/Shapes/Shape_Cube.uasset" 681
"../../../../../UnrealProject/ProjetDecouverte/Content/StarterContent/Textures/T_Frame_N.uasset" 682
"../../../../../UnrealProject/ProjetDecouverte/Content/StarterContent/Textures/T_Frame_M.uasset" 683
"../../../../../UnrealProject/ProjetDecouverte/Content/StarterContent/Props/Materials/M_Frame.uasset" 684
"../../../../../UnrealProject/ProjetDecouverte/Content/StarterContent/Props/SM_WindowFrame.uasset" 685
"../../../../../UnrealProject/ProjetDecouverte/Content/StarterContent/Props/SM_PillarFrame300.uasset" 686
"../../../../../UnrealProject/ProjetDecouverte/Content/StarterContent/Props/SM_PillarFrame.uasset" 687
"../../../../../UnrealProject/ProjetDecouverte/Content/StarterContent/Props/SM_GlassWindow.uasset" 688
"../../../../../UnrealProject/ProjetDecouverte/Content/StarterContent/Props/SM_DoorFrame.uasset" 689
"../../../../../UnrealProject/ProjetDecouverte/Content/StarterContent/Props/SM_CornerFrame.uasset" 690
"../../../../../UnrealProject/ProjetDecouverte/Content/StarterContent/Props/MaterialSphere.uasset" 691
"../../../../../UnrealProject/ProjetDecouverte/Content/StarterContent/Textures/T_Dust_Particle_D.uasset" 692
"../../../../../UnrealProject/ProjetDecouverte/Content/StarterContent/Particles/Materials/M_Dust_Particle.uasset" 693
"../../../../../UnrealProject/ProjetDecouverte/Content/StarterContent/Particles/P_Ambient_Dust.uasset" 694
"../../../../../UnrealProject/ProjetDecouverte/Content/StarterContent/Textures/T_Wood_Walnut_N.uasset" 695
"../../../../../UnrealProject/ProjetDecouverte/Content/StarterContent/Textures/T_Wood_Walnut_D.uasset" 696
"../../../../../UnrealProject/ProjetDecouverte/Content/StarterContent/Materials/M_Wood_Walnut.uasset" 697
"../../../../../UnrealProject/ProjetDecouverte/Content/StarterContent/Textures/T_Wood_Pine_N.uasset" 698
"../../../../../UnrealProject/ProjetDecouverte/Content/StarterContent/Textures/T_Wood_Pine_D.uasset" 699
"../../../../../UnrealProject/ProjetDecouverte/Content/StarterContent/Textures/T_Perlin_Noise_M.uasset" 700
"../../../../../UnrealProject/ProjetDecouverte/Content/StarterContent/Materials/M_Wood_Pine.uasset" 701
"../../../../../UnrealProject/ProjetDecouverte/Content/StarterContent/Textures/T_Wood_Oak_N.uasset" 702
"../../../../../UnrealProject/ProjetDecouverte/Content/StarterContent/Textures/T_Wood_Oak_D.uasset" 703
"../../../../../UnrealProject/ProjetDecouverte/Content/StarterContent/Materials/M_Wood_Oak.uasset" 704
"../../../Engine/Content/Functions/Engine_MaterialFunctions01/Opacity/AlphaOffset.uasset" 705
"../../../../../UnrealProject/ProjetDecouverte/Content/StarterContent/Textures/T_Wood_Floor_Walnut_N.uasset" 706
"../../../../../UnrealProject/ProjetDecouverte/Content/StarterContent/Textures/T_Wood_Floor_Walnut_M.uasset" 707
"../../../../../UnrealProject/ProjetDecouverte/Content/StarterContent/Textures/T_Wood_Floor_Walnut_D.uasset" 708
"../../../../../UnrealProject/ProjetDecouverte/Content/StarterContent/Materials/M_Wood_Floor_Walnut_Worn.uasset" 709
"../../../../../UnrealProject/ProjetDecouverte/Content/StarterContent/Materials/M_Wood_Floor_Walnut_Polished.uasset" 710
"../../../../../UnrealProject/ProjetDecouverte/Content/StarterContent/Textures/T_Water_M.uasset" 711
"../../../../../UnrealProject/ProjetDecouverte/Content/StarterContent/Materials/M_Water_Ocean.uasset" 712
"../../../../../UnrealProject/ProjetDecouverte/Content/StarterContent/Materials/M_Water_Lake.uasset" 713
"../../../../../UnrealProject/ProjetDecouverte/Content/StarterContent/Textures/T_Tech_Panel_N.uasset" 714
"../../../../../UnrealProject/ProjetDecouverte/Content/StarterContent/Textures/T_Tech_Panel_M.uasset" 715
"../../../../../UnrealProject/ProjetDecouverte/Content/StarterContent/Textures/T_Metal_Steel_D.uasset" 716
"../../../../../UnrealProject/ProjetDecouverte/Content/StarterContent/Materials/M_Tech_Panel.uasset" 717
"../../../../../UnrealProject/ProjetDecouverte/Content/StarterContent/Textures/T_Tech_Hex_Tile_N.uasset" 718
"../../../../../UnrealProject/ProjetDecouverte/Content/StarterContent/Textures/T_Tech_Hex_Tile_M.uasset" 719
"../../../../../UnrealProject/ProjetDecouverte/Content/StarterContent/Materials/M_Tech_Hex_Tile_Pulse.uasset" 720
"../../../../../UnrealProject/ProjetDecouverte/Content/StarterContent/Materials/M_Tech_Hex_Tile.uasset" 721
"../../../../../UnrealProject/ProjetDecouverte/Content/StarterContent/Textures/T_Tech_Dot_N.uasset" 722
"../../../../../UnrealProject/ProjetDecouverte/Content/StarterContent/Textures/T_Tech_Dot_M.uasset" 723
"../../../../../UnrealProject/ProjetDecouverte/Content/StarterContent/Textures/T_Single_Tile_N.uasset" 724
"../../../../../UnrealProject/ProjetDecouverte/Content/StarterContent/Textures/T_Checker_Noise_M.uasset" 725
"../../../../../UnrealProject/ProjetDecouverte/Content/StarterContent/Materials/M_Tech_Checker_Dot.uasset" 726
"../../../../../UnrealProject/ProjetDecouverte/Content/StarterContent/Textures/T_Rock_Slate_N.uasset" 727
"../../../../../UnrealProject/ProjetDecouverte/Content/StarterContent/Textures/T_Rock_Slate_D.uasset" 728
"../../../../../UnrealProject/ProjetDecouverte/Content/StarterContent/Materials/M_Rock_Slate.uasset" 729
"../../../../../UnrealProject/ProjetDecouverte/Content/StarterContent/Textures/T_Rock_Sandstone_N.uasset" 730
"../../../../../UnrealProject/ProjetDecouverte/Content/StarterContent/Textures/T_Rock_Sandstone_D.uasset" 731
"../../../../../UnrealProject/ProjetDecouverte/Content/StarterContent/Materials/M_Rock_Sandstone.uasset" 732
"../../../../../UnrealProject/ProjetDecouverte/Content/StarterContent/Textures/T_Rock_Marble_Polished_D.uasset" 733
"../../../../../UnrealProject/ProjetDecouverte/Content/StarterContent/Materials/M_Rock_Marble_Polished.uasset" 734
"../../../../../UnrealProject/ProjetDecouverte/Content/StarterContent/Textures/T_Rock_Basalt_N.uasset" 735
"../../../../../UnrealProject/ProjetDecouverte/Content/StarterContent/Materials/M_Rock_Basalt.uasset" 736
"../../../../../UnrealProject/ProjetDecouverte/Content/StarterContent/Textures/T_Metal_Steel_N.uasset" 737
"../../../../../UnrealProject/ProjetDecouverte/Content/StarterContent/Materials/M_Metal_Steel.uasset" 738
"../../../../../UnrealProject/ProjetDecouverte/Content/StarterContent/Textures/T_Metal_Rust_D.uasset" 739
"../../../../../UnrealProject/ProjetDecouverte/Content/StarterContent/Textures/T_Metal_Rust_N.uasset" 740
"../../../../../UnrealProject/ProjetDecouverte/Content/StarterContent/Materials/M_Metal_Rust.uasset" 741
"../../../../../UnrealProject/ProjetDecouverte/Content/StarterContent/Textures/T_Metal_Gold_D.uasset" 742
"../../../../../UnrealProject/ProjetDecouverte/Content/StarterContent/Materials/M_Metal_Gold.uasset" 743
"../../../../../UnrealProject/ProjetDecouverte/Content/StarterContent/Materials/M_Metal_Chrome.uasset" 744
"../../../../../UnrealProject/ProjetDecouverte/Content/StarterContent/Textures/T_Ground_Moss_N.uasset" 745
"../../../../../UnrealProject/ProjetDecouverte/Content/StarterContent/Textures/T_ground_Moss_D.uasset" 746
"../../../../../UnrealProject/ProjetDecouverte/Content/StarterContent/Materials/M_Ground_Moss.uasset" 747
"../../../../../UnrealProject/ProjetDecouverte/Content/StarterContent/Textures/T_Ground_Gravel_N.uasset" 748
"../../../../../UnrealProject/ProjetDecouverte/Content/StarterContent/Textures/T_Ground_Gravel_D.uasset" 749
"../../../../../UnrealProject/ProjetDecouverte/Content/StarterContent/Materials/M_Ground_Gravel.uasset" 750
"../../../../../UnrealProject/ProjetDecouverte/Content/StarterContent/Textures/T_Ground_Grass_N.uasset" 751
"../../../../../UnrealProject/ProjetDecouverte/Content/StarterContent/Textures/T_Ground_Grass_D.uasset" 752
"../../../../../UnrealProject/ProjetDecouverte/Content/StarterContent/Materials/M_Ground_Grass.uasset" 753
"../../../../../UnrealProject/ProjetDecouverte/Content/StarterContent/Textures/T_Concrete_Tiles_Variation_M.uasset" 754
"../../../../../UnrealProject/ProjetDecouverte/Content/StarterContent/Textures/T_Concrete_Tiles_N.uasset" 755
"../../../../../UnrealProject/ProjetDecouverte/Content/StarterContent/Textures/T_Concrete_Tiles_M.uasset" 756
"../../../../../UnrealProject/ProjetDecouverte/Content/StarterContent/Textures/T_Concrete_Tiles_D.uasset" 757
"../../../../../UnrealProject/ProjetDecouverte/Content/StarterContent/Materials/M_Concrete_Tiles.uasset" 758
"../../../../../UnrealProject/ProjetDecouverte/Content/StarterContent/Textures/T_Concrete_Panels_N.uasset" 759
"../../../../../UnrealProject/ProjetDecouverte/Content/StarterContent/Textures/T_Concrete_Panels_D.uasset" 760
"../../../../../UnrealProject/ProjetDecouverte/Content/StarterContent/Materials/M_Concrete_Panels.uasset" 761
"../../../../../UnrealProject/ProjetDecouverte/Content/StarterContent/Textures/T_Concrete_Grime_D.uasset" 762
"../../../../../UnrealProject/ProjetDecouverte/Content/StarterContent/Materials/M_Concrete_Grime.uasset" 763
"../../../../../UnrealProject/ProjetDecouverte/Content/StarterContent/Textures/T_CobbleStone_Smooth_N.uasset" 764
"../../../../../UnrealProject/ProjetDecouverte/Content/StarterContent/Textures/T_CobbleStone_Smooth_M.uasset" 765
"../../../../../UnrealProject/ProjetDecouverte/Content/StarterContent/Textures/T_CobbleStone_Smooth_D.uasset" 766
"../../../../../UnrealProject/ProjetDecouverte/Content/StarterContent/Textures/T_Rock_Smooth_Granite_D.uasset" 767
"../../../../../UnrealProject/ProjetDecouverte/Content/StarterContent/Textures/T_Gradinet_01.uasset" 768
"../../../../../UnrealProject/ProjetDecouverte/Content/StarterContent/Materials/M_CobbleStone_Smooth.uasset" 769
"../../../../../UnrealProject/ProjetDecouverte/Content/StarterContent/Textures/T_CobbleStone_Rough_N.uasset" 770
"../../../../../UnrealProject/ProjetDecouverte/Content/StarterContent/Textures/T_CobbleStone_Rough_D.uasset" 771
"../../../../../UnrealProject/ProjetDecouverte/Content/StarterContent/Materials/M_CobbleStone_Rough.uasset" 772
"../../../../../UnrealProject/ProjetDecouverte/Content/StarterContent/Textures/T_CobbleStone_Pebble_N.uasset" 773
"../../../../../UnrealProject/ProjetDecouverte/Content/StarterContent/Textures/T_CobbleStone_Pebble_M.uasset" 774
"../../../../../UnrealProject/ProjetDecouverte/Content/StarterContent/Textures/T_CobbleStone_Pebble_D.uasset" 775
"../../../../../UnrealProject/ProjetDecouverte/Content/StarterContent/Materials/M_CobbleStone_Pebble.uasset" 776
"../../../../../UnrealProject/ProjetDecouverte/Content/StarterContent/Textures/T_Ceramic_Tile_N.uasset" 777
"../../../../../UnrealProject/ProjetDecouverte/Content/StarterContent/Textures/T_Ceramic_Tile_M.uasset" 778
"../../../../../UnrealProject/ProjetDecouverte/Content/StarterContent/Materials/M_Ceramic_Tile_Checker.uasset" 779
"../../../../../UnrealProject/ProjetDecouverte/Content/StarterContent/Textures/T_Brick_Hewn_Stone_N.uasset" 780
"../../../../../UnrealProject/ProjetDecouverte/Content/StarterContent/Textures/T_Brick_Hewn_Stone_M.uasset" 781
"../../../../../UnrealProject/ProjetDecouverte/Content/StarterContent/Textures/T_Brick_Hewn_Stone_D.uasset" 782
"../../../../../UnrealProject/ProjetDecouverte/Content/StarterContent/Materials/M_Brick_Hewn_Stone.uasset" 783
"../../../../../UnrealProject/ProjetDecouverte/Content/StarterContent/Textures/T_Brick_Cut_Stone_N.uasset" 784
"../../../../../UnrealProject/ProjetDecouverte/Content/StarterContent/Textures/T_Brick_Cut_Stone_D.uasset" 785
"../../../../../UnrealProject/ProjetDecouverte/Content/StarterContent/Materials/M_Brick_Cut_Stone.uasset" 786
"../../../../../UnrealProject/ProjetDecouverte/Content/StarterContent/Textures/T_Brick_Clay_Old_N.uasset" 787
"../../../../../UnrealProject/ProjetDecouverte/Content/StarterContent/Textures/T_Brick_Clay_Old_D.uasset" 788
"../../../../../UnrealProject/ProjetDecouverte/Content/StarterContent/Materials/M_Brick_Clay_Old.uasset" 789
"../../../../../UnrealProject/ProjetDecouverte/Content/StarterContent/Textures/T_Brick_Clay_New_N.uasset" 790
"../../../../../UnrealProject/ProjetDecouverte/Content/StarterContent/Textures/T_Brick_Clay_New_M.uasset" 791
"../../../../../UnrealProject/ProjetDecouverte/Content/StarterContent/Textures/T_Brick_Clay_New_D.uasset" 792
"../../../../../UnrealProject/ProjetDecouverte/Content/StarterContent/Materials/M_Brick_Clay_New.uasset" 793
"../../../../../UnrealProject/ProjetDecouverte/Content/StarterContent/Textures/T_Brick_Clay_Beveled_N.uasset" 794
"../../../../../UnrealProject/ProjetDecouverte/Content/StarterContent/Textures/T_Brick_Clay_Beveled_M.uasset" 795
"../../../../../UnrealProject/ProjetDecouverte/Content/StarterContent/Textures/T_Brick_Clay_Beveled_D.uasset" 796
"../../../../../UnrealProject/ProjetDecouverte/Content/StarterContent/Materials/M_Brick_Clay_Beveled.uasset" 797
"../../../Engine/Content/Functions/Engine_MaterialFunctions03/Procedurals/ComputeFilterWidth.uasset" 798
"../../../Engine/Content/EngineMaterials/AntiAliasedTextMaterialTranslucent.uasset" 799
"../../../../../UnrealProject/ProjetDecouverte/Content/StarterContent/Maps/StarterMap_BuiltData.uasset" 800
"../../../../../UnrealProject/ProjetDecouverte/Content/StarterContent/Textures/T_Concrete_Poured_N.uasset" 801
"../../../../../UnrealProject/ProjetDecouverte/Content/StarterContent/Textures/T_Concrete_Poured_D.uasset" 802
"../../../../../UnrealProject/ProjetDecouverte/Content/StarterContent/Materials/M_Concrete_Poured.uasset" 803
"../../../../../UnrealProject/ProjetDecouverte/Content/StarterContent/Maps/StarterMap.umap" 804
"../../../Engine/Content/Maps/Entry_BuiltData.uasset" 805
"../../../Engine/Content/Maps/Entry.umap" 806
